%eval_id  interface Au             Ao             P              E              Node_3_Disp_2  Node_2_Disp_2  
1        NO_ID     501.0860043    241.1233867    27.53997504    205.8474301    -80.22         -98.059        
2        NO_ID     472.205854     246.8706854    26.02438399    208.1074944    -74.982        -91.656        
3        NO_ID     504.0387247    250.6045025    23.73104809    210.4493927    -67.614        -82.649        
4        NO_ID     504.3924852    235.6838046    25.00734303    184.8454394    -81.12         -99.158        
5        NO_ID     515.9421685    243.9962036    24.91151088    206.3536143    -72.386        -88.482        
6        NO_ID     494.9948711    252.7833953    28.3213592     192.9315766    -88.019        -107.59        
7        NO_ID     495.3027799    238.9097369    23.53493888    205.988069     -68.507        -83.741        
8        NO_ID     489.0335242    251.8362542    24.40753485    216.7353222    -67.524        -82.54         
9        NO_ID     495.9208128    264.3724177    22.39997274    198.3483683    -67.715        -82.773        
10       NO_ID     511.0167269    250.5212989    21.92716948    205.2199565    -64.066        -78.313        
11       NO_ID     449.2224612    257.3111271    29.51402664    214.9141903    -82.344        -100.65        
12       NO_ID     496.4472959    249.8637585    21.40540348    216.2136117    -59.362        -72.562        
13       NO_ID     519.2144695    258.2040761    24.49337238    209.2720771    -70.179        -85.784        
14       NO_ID     500.2254089    246.6961293    20.10579999    171.768795     -70.185        -85.792        
15       NO_ID     413.3085375    245.506047     22.69036341    173.1698187    -78.566        -96.037        
16       NO_ID     494.3977555    260.9136555    27.09076795    177.8228242    -91.348        -111.66        
17       NO_ID     453.0255398    256.4721968    24.37581229    191.9464473    -76.146        -93.078        
18       NO_ID     513.9677228    239.5357453    24.45210481    188.8594765    -77.633        -94.896        
19       NO_ID     513.2640171    245.6600412    29.29804752    222.0016624    -79.132        -96.728        
20       NO_ID     468.1992256    252.1242131    27.82711501    208.312154     -80.098        -97.909        
21       NO_ID     515.6858253    240.0032555    20.80470051    215.2784164    -57.947        -70.832        
22       NO_ID     536.9532887    239.8180874    22.59411143    208.5215711    -64.97         -79.417        
23       NO_ID     554.4282957    238.3551272    28.07471209    212.1498738    -79.349        -96.993        
24       NO_ID     471.089495     244.4194855    22.05776753    206.2451637    -64.128        -78.387        
25       NO_ID     526.8178752    241.9121128    23.30204092    217.6369559    -64.199        -78.475        
26       NO_ID     467.0761629    228.1598373    21.77364255    202.1301233    -64.59         -78.953        
27       NO_ID     518.4782104    247.7188527    23.56904225    213.9367746    -66.058        -80.747        
28       NO_ID     483.9792509    240.8657043    25.52057747    205.33385      -74.524        -91.096        
29       NO_ID     462.639364     245.294505     23.80715298    191.1989316    -74.66         -91.262        
30       NO_ID     509.9630117    259.260512     27.16514977    200.8698175    -81.089        -99.121        
31       NO_ID     483.6951474    265.0803253    22.92863982    197.8002008    -69.505        -84.961        
32       NO_ID     485.6069473    259.3688546    25.65931241    189.5346766    -81.175        -99.226        
33       NO_ID     504.4942573    237.8155311    21.62550135    199.8256737    -64.891        -79.32         
34       NO_ID     451.4093114    254.8867808    24.3491184     194.2657675    -75.154        -91.866        
35       NO_ID     503.5438563    266.2955695    24.59289593    207.0758934    -71.211        -87.046        
36       NO_ID     473.4194545    255.5868638    23.83517325    204.5004794    -69.886        -85.427        
37       NO_ID     534.2755079    246.9947126    25.82862192    194.5983617    -79.585        -97.282        
38       NO_ID     492.7313815    260.2086574    23.62170925    207.3641912    -68.304        -83.492        
39       NO_ID     490.1945707    254.0115801    24.62965106    187.5802911    -78.73         -96.237        
40       NO_ID     506.2755093    257.7312334    25.14393771    211.0655207    -71.43         -87.314        
41       NO_ID     509.0898276    231.9968871    28.96939368    213.4891468    -81.364        -99.456        
42       NO_ID     543.6686669    256.8410578    24.89504806    192.6629851    -77.479        -94.707        
43       NO_ID     521.4763503    262.2062436    29.23451926    204.9078861    -85.547        -104.57        
44       NO_ID     524.8092063    240.6337499    26.78487215    200.6854944    -80.028        -97.823        
45       NO_ID     476.8141837    250.3645271    25.68625509    205.0052421    -75.128        -91.834        
46       NO_ID     483.4679696    248.8005498    23.01717012    219.3307419    -62.924        -76.917        
47       NO_ID     442.9629758    255.1693643    26.12814606    193.1286241    -81.12         -99.159        
48       NO_ID     465.6308388    250.2391978    27.94097473    213.7606441    -78.376        -95.804        
49       NO_ID     495.8064376    241.8127862    21.47079766    215.4388125    -59.757        -73.045        
50       NO_ID     499.8175331    249.0178189    26.49269343    195.1731036    -81.39         -99.489        
51       NO_ID     496.7231328    253.1693933    27.91953742    215.7354818    -77.599        -94.854        
52       NO_ID     499.5293292    249.2400335    22.64933091    163.7036055    -82.959        -101.41        
53       NO_ID     531.2636561    246.5040872    25.91235292    199.251842     -77.978        -95.318        
54       NO_ID     498.0098483    248.7739212    23.76103037    218.8187001    -65.11         -79.588        
55       NO_ID     514.6020862    254.3366092    27.56101802    216.3548031    -76.383        -93.368        
56       NO_ID     487.1549348    241.206357     23.06946235    211.9580509    -65.261        -79.773        
57       NO_ID     535.3939505    231.3611067    24.04449811    204.0826045    -70.644        -86.353        
58       NO_ID     489.4130195    254.4878799    24.12554419    202.6098143    -71.398        -87.274        
59       NO_ID     470.0667106    261.4432562    26.20784517    217.4071258    -72.281        -88.354        
60       NO_ID     527.9080323    257.5500823    22.81106565    197.069339     -69.405        -84.839        
61       NO_ID     561.3293454    252.056955     27.03471011    196.59487      -82.455        -100.79        
62       NO_ID     534.484078     251.0950925    26.43673371    221.5305576    -71.555        -87.467        
63       NO_ID     498.4198988    246.1751312    28.43025149    196.6943694    -86.667        -105.94        
64       NO_ID     458.2085396    254.6038808    24.32194878    198.5287002    -73.459        -89.793        
65       NO_ID     486.3031543    242.3197449    28.3372034     215.1858395    -78.961        -96.519        
66       NO_ID     518.0698556    248.5426381    26.59302827    203.8503694    -78.221        -95.615        
67       NO_ID     474.6358668    254.1514685    25.05649965    185.1643237    -81.139        -99.182        
68       NO_ID     464.7156186    248.1238521    28.44702033    221.023163     -77.173        -94.334        
69       NO_ID     484.3077437    245.8914332    28.7576993     200.0785225    -86.183        -105.35        
70       NO_ID     491.4035973    254.6792216    27.74862036    211.5844725    -78.637        -96.123        
71       NO_ID     471.5701216    243.2630236    26.385712      208.6587108    -75.823        -92.683        
72       NO_ID     461.5822834    248.5614431    28.5185381     212.4114736    -80.504        -98.405        
73       NO_ID     494.2076865    242.1582158    25.38219887    207.7187959    -73.269        -89.562        
74       NO_ID     486.6187031    245.1089479    22.96288311    202.0179403    -68.156        -83.312        
75       NO_ID     502.7965423    251.7744527    21.53498648    214.2567036    -60.267        -73.668        
76       NO_ID     530.5017396    249.1142952    24.82215018    192.4067305    -77.355        -94.556        
77       NO_ID     516.7912004    270.4639369    23.20477129    225.3787232    -61.735        -75.463        
78       NO_ID     498.6393722    237.4896203    26.05265705    203.8817196    -76.62         -93.658        
79       NO_ID     507.7884261    258.8901993    23.92485901    223.8623837    -64.082        -78.332        
80       NO_ID     521.6732023    252.9637967    22.87015548    215.9916615    -63.489        -77.607        
81       NO_ID     497.5961899    243.7211725    25.56638238    212.8148826    -72.033        -88.051        
82       NO_ID     510.4618092    258.5873144    25.60247845    212.3322405    -72.299        -88.376        
83       NO_ID     505.8350539    251.388638     25.90197025    199.8911689    -77.697        -94.975        
84       NO_ID     493.2130969    243.4377524    29.70505193    169.620394     -105.01        -128.36        
85       NO_ID     543.8362106    244.9859251    24.50351761    209.1160879    -70.26         -85.884        
86       NO_ID     573.4291111    269.2684445    26.82068234    200.4307329    -80.237        -98.079        
87       NO_ID     508.2328257    261.932361     25.08825244    210.8032722    -71.361        -87.229        
88       NO_ID     528.5345156    259.5394852    23.67585817    209.9603356    -67.614        -82.649        
89       NO_ID     506.943496     226.8886659    22.29977544    203.0379142    -65.855        -80.499        
90       NO_ID     512.4574255    235.1149144    23.34909101    222.7800549    -62.844        -76.818        
91       NO_ID     492.2381207    248.2213584    25.86024827    193.6676916    -80.065        -97.869        
92       NO_ID     531.4426356    244.320571     21.80917067    217.0421089    -60.251        -73.649        
93       NO_ID     487.3628282    240.3519467    27.67451236    222.5304488    -74.569        -91.151        
94       NO_ID     489.794156     258.382016     24.01534376    207.0260445    -69.555        -85.022        
95       NO_ID     520.0516962    243.7708519    28.12540229    201.1881641    -83.823        -102.46        
96       NO_ID     508.326183     237.9269281    25.76532999    218.3868031    -70.742        -86.473        
97       NO_ID     478.1396606    256.7022149    26.73297069    215.8698761    -74.254        -90.766        
98       NO_ID     501.4438074    266.0768938    25.46674607    191.7280602    -79.644        -97.355        
99       NO_ID     501.6474951    255.7870377    26.09614835    218.1589668    -71.725        -87.674        
100      NO_ID     469.3375233    267.4953216    20.50479191    225.6463705    -54.487        -66.603        
101      NO_ID     540.6242285    260.0739453    24.28774096    208.0378726    -70.002        -85.568        
102      NO_ID     529.4187105    252.3347511    23.64161012    180.7392405    -78.432        -95.872        
103      NO_ID     522.1076886    242.9148608    28.62829154    182.4182844    -94.101        -115.03        
104      NO_ID     505.6279777    252.5370928    25.42220954    209.8498007    -72.639        -88.792        
105      NO_ID     527.2289627    258.9989817    21.07760925    204.6620834    -61.752        -75.484        
106      NO_ID     510.1147863    241.6406207    25.62298894    186.4293649    -82.41         -100.74        
107      NO_ID     511.7686098    245.9832735    22.50059141    196.316619     -68.723        -84.005        
108      NO_ID     475.8872689    240.7784642    26.64634863    198.8790791    -80.337        -98.201        
109      NO_ID     498.9706114    256.4188225    22.76704448    206.7958696    -66.013        -80.693        
110      NO_ID     510.7944279    243.0001448    25.13333084    186.6816131    -80.726        -98.677        
111      NO_ID     490.7942149    248.3694364    22.91139961    213.8436724    -64.242        -78.528        
112      NO_ID     478.6600849    238.1870518    28.19277676    211.4527821    -79.945        -97.722        
113      NO_ID     532.9788766    247.4870079    26.69252777    185.9929252    -86.052        -105.19        
114      NO_ID     481.3370947    252.7196178    22.21905913    201.6040346    -66.084        -80.778        
115      NO_ID     467.3555406    251.6574898    21.73123657    227.5386579    -57.266        -70            
116      NO_ID     499.0911971    253.7963098    23.50877523    198.1187946    -71.149        -86.971        
117      NO_ID     506.3911634    269.4737405    25.49084357    176.7179521    -86.491        -105.72        
118      NO_ID     522.9897807    272.9308147    26.53023756    212.0187477    -75.03         -91.714        
119      NO_ID     493.6379858    241.3718317    26.88838998    217.4234326    -74.152        -90.642        
120      NO_ID     488.6967107    250.0363531    27.04918799    210.5816196    -77.02         -94.146        
121      NO_ID     525.3681925    257.1353359    25.7220358     214.7442042    -71.821        -87.792        
122      NO_ID     508.7390656    247.9096023    21.60239128    194.3455582    -66.649        -81.47         
123      NO_ID     549.8499031    256.0638372    25.30523277    190.9044769    -79.481        -97.155        
124      NO_ID     455.8679797    239.3900301    24.96126285    214.0979555    -69.907        -85.452        
125      NO_ID     485.2640106    232.6196318    27.49789342    211.3692582    -78.005        -95.351        
126      NO_ID     513.6022898    262.7244073    26.31831742    203.3616068    -77.599        -94.855        
127      NO_ID     476.4504248    244.8131687    26.25649885    209.585149     -75.118        -91.822        
128      NO_ID     526.011567     234.5403591    23.45475168    212.576431     -66.158        -80.869        
129      NO_ID     519.5346107    264.7450054    23.28273963    208.9309894    -66.819        -81.677        
130      NO_ID     473.809692     237.0034699    26.34177356    197.5364303    -79.959        -97.739        
131      NO_ID     539.6952137    233.6035161    21.25698267    179.1465562    -71.148        -86.969        
132      NO_ID     484.9544761    261.2970161    24.08498656    209.7358715    -68.856        -84.167        
133      NO_ID     504.7319927    249.4292291    23.86770905    201.6984764    -70.954        -86.732        
134      NO_ID     536.2966035    255.4448244    27.21099041    220.720807     -73.921        -90.359        
135      NO_ID     474.127995     247.6581741    27.17329097    193.6926968    -84.119        -102.82        
136      NO_ID     517.562662     260.8027991    22.37300267    176.3259001    -76.081        -92.999        
137      NO_ID     469.32958      240.1793469    22.72723757    206.5130432    -65.988        -80.662        
138      NO_ID     477.8508299    242.748939     26.55724348    195.364729     -81.509        -99.634        
139      NO_ID     490.6345365    256.9770284    25.99352987    216.9935284    -71.827        -87.799        
140      NO_ID     500.888052     255.3346241    27.60439828    183.0422121    -90.426        -110.53        
141      NO_ID     500.3658832    255.042048     28.91313035    230.2410494    -75.297        -92.041        
142      NO_ID     532.3594465    250.7019203    20.58982929    183.9712249    -67.107        -82.03         
143      NO_ID     553.2830493    229.3989521    24.22532613    220.0615255    -66.007        -80.685        
144      NO_ID     482.0571355    235.9605697    26.94867993    198.6939652    -81.324        -99.408        
145      NO_ID     506.9976494    250.0631582    28.79681275    224.4971542    -76.913        -94.016        
146      NO_ID     548.4574895    243.5000223    26.28567077    202.3226781    -77.901        -95.223        
147      NO_ID     487.6220825    255.9834937    26.92740669    219.934669     -73.412        -89.737        
148      NO_ID     520.2029007    249.561848     22.17830202    213.3287704    -62.337        -76.199        
149      NO_ID     488.2212163    239.1800834    21.1704973     213.1050577    -59.567        -72.813        
150      NO_ID     479.6382093    258.0282161    22.33586112    214.533234     -62.427        -76.309        
151      NO_ID     493.8136718    262.5946527    27.28758297    201.4969174    -81.201        -99.258        
152      NO_ID     517.0525292    263.2656362    23.95613406    205.5189059    -69.893        -85.435        
153      NO_ID     512.1703082    251.3014906    22.57468152    221.314267     -61.162        -74.762        
154      NO_ID     546.4461038    249.3520376    29.09646763    203.1364001    -85.885        -104.98        
155      NO_ID     485.8324758    236.6090033    24.64602919    216.4648544    -68.269        -83.45         
156      NO_ID     523.6279324    266.9780497    25.34430711    195.9278946    -77.562        -94.81         
157      NO_ID     480.221628     237.3122921    23.10405233    204.3362811    -67.797        -82.873        
158      NO_ID     538.3865265    234.298423     26.46648339    181.598961     -87.388        -106.82        
159      NO_ID     502.2055569    230.3749041    22.47372725    210.1955339    -64.109        -78.365        
160      NO_ID     525.663782     256.2756176    22.11794923    218.5794131    -60.674        -74.166        
161      NO_ID     494.8977733    246.294396     20.85785375    208.3777123    -60.019        -73.365        
162      NO_ID     511.4491455    238.7733805    27.38628141    220.4965379    -74.473        -91.033        
163      NO_ID     520.9407799    232.9438705    24.75838474    210.283862     -70.597        -86.295        
164      NO_ID     477.4584352    236.3249914    25.94520771    207.9185192    -74.822        -91.46         
165      NO_ID     459.1376546    246.5897362    24.2475539     211.7955269    -68.646        -83.911        
166      NO_ID     465.8058836    265.6226804    20.94455444    200.4136571    -62.663        -76.597        
167      NO_ID     447.9912972    223.1092394    23.38411985    199.2214922    -70.38         -86.031        
168      NO_ID     509.5112668    253.5979208    28.65725463    203.5915488    -84.4          -103.17        
169      NO_ID     507.5369795    249.7219925    25.190292      223.2306837    -67.662        -82.708        
170      NO_ID     480.2954473    253.469229     21.9609335     209.015081     -63            -77.009        
171      NO_ID     436.2486285    253.3143799    21.88288499    214.6731883    -61.121        -74.713        
172      NO_ID     497.0653674    275.086267     28.25237026    197.1190114    -85.94         -105.05        
173      NO_ID     460.4623487    263.7234289    23.18406135    219.4658986    -63.342        -77.427        
174      NO_ID     524.2337357    260.5369982    23.14548796    206.7319893    -67.131        -82.059        
175      NO_ID     541.4859106    245.4154148    24.69872033    194.9484127    -75.966        -92.859        
176      NO_ID     512.9201701    252.4053923    21.29643694    219.1443279    -58.27         -71.227        
177      NO_ID     491.9476446    247.3100779    27.46176865    206.0553508    -79.912        -97.682        
178      NO_ID     497.3781346    257.9750965    27.72343821    212.9842378    -78.049        -95.404        
179      NO_ID     457.4251561    251.0441959    28.01888337    146.482618     -114.69        -140.2         
180      NO_ID     491.3034557    259.7824699    25.2942974     201.0159528    -75.45         -92.228        
181      NO_ID     488.6429425    242.5824536    25.219468      210.688295     -71.773        -87.733        
182      NO_ID     502.0856107    282.9140783    23.91583635    199.63319      -71.832        -87.806        
183      NO_ID     480.7656941    250.9024596    24.86178185    207.3376568    -71.899        -87.887        
184      NO_ID     505.2036531    251.5494344    24.97676359    203.5269259    -73.584        -89.946        
185      NO_ID     482.5970746    271.8818572    26.74193684    205.664608     -77.965        -95.302        
186      NO_ID     516.4485402    245.7537294    22.06448931    188.5442286    -70.169        -85.773        
187      NO_ID     514.554232     253.9434101    24.70712279    189.9774125    -77.981        -95.321        
188      NO_ID     479.0281119    268.4303707    24.5555825     202.7736475    -72.612        -88.758        
189      NO_ID     481.7066941    244.5180644    27.36478153    213.1819008    -76.968        -94.083        
190      NO_ID     517.8194402    261.6882001    23.25730783    211.1328731    -66.05         -80.737        
191      NO_ID     528.7958511    247.1915712    25.77591251    218.0163959    -70.891        -86.655        
192      NO_ID     515.1616312    244.6215409    24.16000391    202.5035245    -71.537        -87.445        
193      NO_ID     475.1615997    253.0664426    25.2578741     195.8122775    -77.344        -94.542        
194      NO_ID     472.9647085    235.1493699    24.77014496    189.2431299    -78.483        -95.935        
195      NO_ID     463.7339708    263.0952368    24.11134597    204.7960954    -70.594        -86.292        
196      NO_ID     483.0887724    264.0971244    26.16517045    207.5440392    -75.593        -92.402        
197      NO_ID     503.3649747    247.1134568    27.87659838    197.6020267    -84.589        -103.4         
198      NO_ID     503.0017562    248.0014683    27.31842007    187.9190143    -87.167        -106.55        
199      NO_ID     492.4702814    244.0825826    23.43253917    190.3332636    -73.82         -90.235        
200      NO_ID     522.8682418    242.4620992    26.99904925    209.4937152    -77.276        -94.46         
