% E P Ao Au Node_3_Disp_2 Node_2_Disp_2
1 210.13657995110745 25.438127705534654 254.57835873221856 501.5455787397889 7.171741997466632 8.751437161270918
2 214.01004842978745 27.58841262078319 252.2811247470961 511.7031543496397 7.666890575462325 9.388419539308575
3 179.4505974033401 27.408598596775544 248.8975842533871 481.7806550251226 9.35338108279268 11.386532477636392
4 201.64045163480068 26.160111949176784 247.23672066642396 495.6911562314666 7.911677638877757 9.673200287203136
5 192.31310107357564 22.25279922377415 261.4656844301848 506.9990557625403 6.767229143921316 8.23798804583289
6 197.8328049682992 24.44609536751239 262.6778578501687 516.849900552296 7.124123391406458 8.705062287235673
7 202.4338885854795 24.999943174662437 253.8191283710723 503.3639655306872 7.3216727570302735 8.939647043040074
8 206.91913677868743 27.745702254523174 244.6995197824129 501.7009804040831 8.14204274800501 9.974594580449924
9 209.38176331500935 27.459703880306325 249.13983378348047 511.9367599726465 7.811438821243223 9.573463509587809
10 199.6129126850019 25.200742917435623 250.60013436652088 498.9822030545465 7.589898929750579 9.271370383183076
11 204.27554898144612 25.61458170715183 251.05733271165343 507.8316854808775 7.448591467618824 9.113859540943416
12 205.6883182720914 26.086028862530764 254.5017324582487 513.4272879702693 7.435849200698364 9.10105301989278
13 205.7707050971096 26.668908937234733 248.2069073334404 499.0354491534266 7.824258265429261 9.564080483579913
14 193.87577834360775 24.842786343371404 262.4651933564998 461.5462077019684 7.857934098154524 9.458785009517587
15 201.2857848737737 25.04783587888888 249.9920499941029 500.0244308209354 7.484527476012106 9.143618098978216
16 214.5859888021292 24.73606649644423 254.9327967796562 492.22343149695 6.835215113105891 8.31790113634133
17 204.3286647242488 25.37568545480502 252.32904973412943 499.4564826197606 7.420082397304868 9.05667474616638
18 206.4864859396719 25.90547289603744 249.84933900808883 494.290637071891 7.584658700375487 9.25878213963589
19 204.9410464688299 24.74426059418741 254.77178679603117 500.6078950874074 7.179709356055713 8.75645745960415
20 195.20045461622595 30.28381965092501 240.3906125598031 483.3735186762254 9.697865163879012 11.8462127178363
21 195.49537176620956 24.235191450225024 252.19277145035696 504.0828409606095 7.356545306318825 8.987992287931961
22 202.9852565887952 25.69565764082132 250.47694249256267 497.73161732824167 7.616749652114704 9.301134136342128
23 185.2764943552868 23.377436163264537 259.76457498947855 494.6232748778989 7.515755111664241 9.131701057432506
24 199.8911962898816 25.267397707247454 253.30158952065145 486.2716570585137 7.674566948474162 9.331624852843522
25 189.34820159979927 21.424708932772017 258.40841014363525 494.23332756318246 6.775669056746531 8.22421110031589
26 191.0442440664441 22.958847759384035 257.2368526400209 503.24713163906034 7.085048248094006 8.637312947691163
27 203.5100728502271 25.438573545918164 252.4760423508381 501.3341517417461 7.450236406568969 9.096012268539102
28 204.04378187193592 25.64463820636492 255.1039760898152 510.7110704986133 7.42844265699456 9.080685578967149
29 205.4786224679732 25.00872323268332 261.6045972452563 508.3384496898951 7.069507218059043 8.62258374820969
30 198.86148076927407 27.73219943564927 246.43072305386036 493.1840851995842 8.546144406019797 10.448358720821329
31 214.3751608208333 26.028845803496203 251.2854261650596 498.8401654509403 7.2572462921239485 8.861845019081915
32 193.210974236464 24.1115730246296 255.54963488041668 496.3401251314577 7.467330493913913 9.096281638363791
33 198.7589330611056 27.504781819146935 246.15521083626533 495.7507846205432 8.448395572093286 10.33308718126902
34 210.56369044532389 24.2663933648892 254.3431820602263 489.7815640555378 6.899880720742257 8.393633172303339
35 205.94410343963207 26.86119862440421 246.836284092138 497.3922022218806 7.925920162455327 9.69753100328182
36 205.7985991136394 25.811852739305092 253.26772805958316 508.8376364527112 7.43551395128865 9.092429903387997
37 213.69605711076755 26.249414083836328 255.46076256051597 505.30913733829306 7.237497519534884 8.837549299588503
38 184.4287991133003 23.793494404091614 258.5986818903252 487.9949471304831 7.758489401773216 9.4130414610358
39 214.47449576047003 27.33847069207472 245.13997241104173 493.2957785213704 7.78638390906457 9.528473565844358
40 201.0679477756033 24.617207460820445 259.4118182305396 507.3309956477744 7.216213468152016 8.798106909987863
41 204.79288733452296 27.88656236750648 245.25903223452997 490.840447169474 8.379630908979816 10.242302740234964
42 213.52712044298372 26.70917201810078 246.8854688390343 482.6056877987582 7.690250165006013 9.377103272252493
43 199.8297254992834 26.80266079258932 248.5727971461887 488.1590075059327 8.224312001378879 10.03095173854312
44 201.1793089983749 24.808826991048825 253.3388846135612 498.7034619206263 7.366322901228731 8.98627734784549
45 201.9200010271115 27.26768769977617 246.57258482270396 495.86524032707007 8.236559996879102 10.07441306013054
46 219.5676843584349 27.25850352090798 249.15973286683777 499.4289514472608 7.50225513101428 9.16802879427934
47 207.50406199565992 25.464254666537272 254.00316454757157 501.66463625199947 7.281962560470731 8.887184338813318
48 208.24493391294376 25.124857000730252 253.29836855727555 497.8374350781147 7.198899566940611 8.780546269138783
49 192.27450709363163 26.445353407718077 250.622339546579 482.9545453704154 8.452958976709951 10.286276414851605
50 199.6859456995804 28.489313341251517 242.22506239554028 503.9393064939025 8.696979890327171 10.67804131871452
51 206.3322566891428 25.27399015318291 249.91231941011333 501.4350791621745 7.3647734695777824 9.006113893853655
52 207.97105161337603 25.21429989834331 254.4224578004405 505.6996633909809 7.206281045847206 8.801347843745727
53 177.56419230621947 27.104867409432075 252.3036301343731 481.3403225991542 9.18238332690511 11.162412990885912
54 195.8351594065309 24.462000107404588 250.1470653189742 491.4922933070518 7.5579013231028 9.219340087321653
55 208.1842633112373 24.084261995533065 247.19085648837543 480.8385941374415 7.089844593660429 8.635968833396323
56 211.7699453366317 25.696811270187524 247.64846232271432 489.5977925190858 7.400825768048261 9.031103479785129
57 212.48265018519152 25.15675227859168 248.7731148476201 500.8605033031867 7.110805481925101 8.70106280409516
58 211.2987181726185 25.22236424192629 252.2804127235384 510.7131663264113 7.061534033349064 8.648762542370655
59 219.6045171497449 25.102429509564423 253.7769755880575 513.2447266023468 6.680272125500353 8.181935368029148
60 205.97742316627296 24.793805576127152 248.51455415506 495.8292335331516 7.274361120474303 8.890867312250064
61 215.12064061866636 24.36897475966702 251.0433289492124 502.2626431936013 6.717364790149355 8.215124359031716
62 219.8599403730744 25.557620038225597 249.9912386710733 507.51059584306506 6.905433683818879 8.459605770913758
63 210.68119827186015 25.25528981839524 252.1188575171541 508.1139545268759 7.114410476397028 8.70746214263707
64 188.4260453851426 27.35583916095729 268.7054246369384 499.35688803812496 8.39669261230555 10.169243097789126
65 206.51150926714797 23.95472822388741 250.90341837701268 494.8840156029227 6.957143850648168 8.49162977845468
66 201.40580978093223 25.359939974826894 248.75385244147347 502.0822120544161 7.583080205866199 9.27937004827976
67 208.9962298800205 25.214087043823717 249.622971180889 501.87491126103583 7.241689792232062 8.859187751900366
68 201.73026955700223 25.34740376236398 248.9913418765864 500.716585474421 7.57522566582346 9.26627571068454
69 203.87933604629893 24.72160943214103 249.75980901735124 494.4242489107349 7.329035211081857 8.94749457649215
70 184.457281522024 27.035301657820952 256.83311459369213 501.9457105051421 8.686796400753863 10.586472749672025
71 218.3043537137579 24.63230313062511 247.01947847360847 499.2718577787073 6.75050491036413 8.267565010469216
72 206.7237334652877 25.217548826894564 249.45374969318252 500.9726133853936 7.336598131420551 8.973888319380258
73 202.45313089378644 26.16664867811735 246.70207487673213 485.59309631112166 7.953119653285926 9.70020397029566
74 198.1752845529185 25.974259816071957 251.60553122739063 498.0500621576862 7.891179801146224 9.632005770345373
75 202.27056880502573 23.226984959205808 248.960128311586 477.2330539250312 7.028612122586027 8.546484487681337
76 213.3868508924986 24.940895010723292 244.27737795408825 489.9871573628699 7.13858571544537 8.730710934352393
77 212.1542909163471 25.240431971903075 250.0945660196144 503.6021256388819 7.112990098204266 8.704076524319976
78 208.2394936207927 24.53048654232198 252.64042278899387 495.0538440481013 7.068203161041136 8.617122534543736
79 207.84680019677077 26.547527074839977 247.2497078834996 497.4435801860551 7.780055363693298 9.512957451774207
80 193.75275320191105 26.258676984393787 249.8633645146776 497.2137638551712 8.19000103602601 10.0027374583816
81 204.1048809457092 24.895919870801723 251.22933932116237 503.9663473016303 7.29071397758736 8.9164534459141
82 202.33850848108935 25.47087058547352 246.58193777061533 489.0410566813389 7.706993987829742 9.410068012558847
83 199.87044259196043 25.91156616387164 250.3917410829481 500.1279088153473 7.817551726908522 9.553551865836075
84 194.51110161676803 24.83775941361686 247.98563003116257 493.1290018816729 7.749602621035375 9.46564595489622
85 201.65611253757223 25.23637679021675 249.41773844291612 501.105939100159 7.532698178839922 9.213789959145068
86 210.11450070339055 24.558431532243937 252.15618329592013 498.981997826409 6.981926886520494 8.523845069740767
87 209.62933953061557 25.827522193294385 251.335145160002 507.3865087052533 7.362179593075178 9.009236762514544
88 199.21250610655065 26.24759788781633 250.5831942996109 487.2797198467685 8.034215393090744 9.784997290839918
89 197.05039467698853 25.45327204791989 248.0987514845458 504.74813278054734 7.768732507513052 9.516233588920498
90 200.3419285238176 24.73547228228199 251.45643783192784 485.7783094636805 7.51489820323471 9.14459656195777
91 195.60434886853437 26.173323999771867 250.55614547431765 503.3093771446388 8.03989603597191 9.83110597755893
92 191.12076364226905 26.149528404091512 247.48740145635563 504.2120527086593 8.230842061448163 10.08046039606895
93 193.11931475897612 26.20857649766244 250.1648263111117 497.261774198988 8.193265708164194 10.00532614028969
94 206.63997631149007 25.128692482167597 248.24197172456303 496.8477744722898 7.356110481571212 8.993390758461159
95 199.8023759399404 25.75623814239645 249.69690609879447 500.4485951615462 7.774531336025862 9.505231723229702
96 196.80143206398157 24.300382408655853 256.1373272359376 502.49165529063066 7.328545826782943 8.936442782291843
97 209.6084771952341 25.385232588927643 249.98439953834415 503.3342684809615 7.261288021264377 8.884181481272563
98 203.5647235125611 24.98688219599647 249.39626025808212 498.6117172299953 7.400391293386511 9.046024674254976
99 187.084652738204 26.57713114087956 251.61087885157443 490.9521580842184 8.569790261216603 10.442090994817622
100 204.43481253080924 25.043640143090386 252.1360528656879 500.81064609690543 7.315903693745564 8.936943567533575
101 203.15008392053028 25.33406968765519 247.3723505862711 497.7371926813653 7.532857450369423 9.215651688654177
102 208.21540163093448 24.799261785677142 248.08634003740875 492.2224713660791 7.220928688980167 8.813295964145137
103 211.85405988365693 27.36514525081404 246.89142455136223 514.333172215727 7.7775242742568835 9.546096299191586
104 199.84820977035565 25.096757043238615 244.80552514439927 492.001137591836 7.7430077374405375 9.472462622042446
105 210.93103040117265 24.72321055291536 248.4962960649548 490.4507004338541 7.131856251785507 8.705123586671132
106 210.45046584974597 23.193683145912665 250.8734700191299 486.8597169164362 6.6133302195384855 8.056498056578313
107 203.1119080346355 24.839787001746693 250.02991552648285 496.5965861716182 7.350752762286969 8.97985607956709
108 198.878721187821 24.734569057746352 249.7018029737543 495.3605584324156 7.511903474202622 9.173326328087631
109 204.9050706014362 24.3724357187972 251.70514544689735 492.70179862404495 7.142358208077674 8.703517681960665
110 200.96075673631125 24.934345141833003 248.2143922024467 495.0888990996261 7.53472945929999 9.210322959064005
111 203.76458498391844 24.45259664418225 249.75302752179067 490.4828413286874 7.285291084821522 8.88518357136412
112 206.03827783772363 24.13378309517239 252.7386202991904 494.4536315066488 6.970287600960103 8.496242922290545
113 200.2312622208022 25.08639959284413 249.09263238421303 497.0538856708732 7.559509779872917 9.238158814084477
114 200.38146259037117 25.272066747875236 237.06034347160087 486.65628320368216 7.900380071360361 9.692467115459962
115 202.1408249118848 24.943291603741297 246.7758399993356 490.3193370260475 7.580128498564324 9.25931642538823
116 198.76338421127736 26.15661533325989 244.85224179929375 502.5575114044305 7.946937372729047 9.74586132867199
117 201.63408224547803 25.175556509483496 248.7125135705331 497.8795108882414 7.526913038691415 9.203549133500433
118 198.7347566660827 25.580556228326053 246.77623566755975 500.1987985352936 7.7832075553252675 9.531477577888316
119 204.47829596655495 25.328064704774217 246.5811473248213 495.1547682875714 7.542038146363461 9.224459587348814
120 204.36502741510677 26.90917988788638 246.55308693760597 510.43661943101046 7.944952052525689 9.742580275712545
121 201.5300948745615 24.40156960244961 251.97802744355351 494.506925610466 7.273155075544569 8.873481234313068
122 200.51558056626988 25.19710680162407 248.41256099949095 498.0535460660902 7.588742520511205 9.281188164553086
123 208.32284120603464 25.495875733690923 250.1598021447674 503.85247084390346 7.2995191319685375 8.934039493513176
124 201.31826856472605 26.09846778267568 245.9549498585628 503.2162881246689 7.832790222060122 9.601700662591185
125 207.4092399611003 25.60140822451653 245.0398324259272 490.6774689195605 7.634327645256624 9.334791541263945
126 204.09681921337005 24.54894811947066 251.5123883147612 496.58271472635937 7.205853728390159 8.799887732128944
127 202.3814202037913 24.99961057438107 249.71722362569608 497.28843004777735 7.4285813729535795 9.077084253448524
128 210.1376236030277 24.64343519374152 248.15919837858908 489.3308071771973 7.146809683731692 8.717523790126808
129 206.9500740591224 24.422145604905825 249.91406940017367 497.7727614033198 7.021552767609887 8.583380902802837
130 200.39644697501163 25.390173121500677 247.41041034827344 501.6601075274573 7.654256744534955 9.373476353932656
131 200.7478997212412 25.60976469367036 245.73709565895447 497.07244909361896 7.75610322182508 9.493297632132364
132 204.11820656190176 25.28633744147269 248.68011422724604 499.9988596543595 7.462376524078468 9.131726246777928
133 200.385698421294 25.12789841469633 248.57074155892343 499.57487865363817 7.57096145424423 9.261421727152182
134 199.6111419059145 26.40395073486697 243.04669752321573 501.3268100697949 8.063897374730562 9.8938650022855
135 197.97789036884583 25.037619733910805 247.12811810574652 496.5159366677285 7.680845868406625 9.39683196985672
136 207.12638507415625 24.67647395060804 248.45205427026897 490.56236855591794 7.249782978900826 8.845904621542813
137 204.6583938970616 25.15723907238808 248.58557754952173 498.4795567249312 7.371457511209584 9.01332710996865
138 208.3797388603263 25.932058695914957 248.4521123730514 504.0254424695627 7.473004965386265 9.15203973928902
139 193.60698983169905 25.565005782843883 245.26430914077312 500.5338135418677 7.9939761102243825 9.79813666240685
140 212.75498956935152 25.08590028994608 246.3017354459965 491.3394146309548 7.202226940430949 8.798679184029776
141 197.96848392674764 25.770558737098096 246.8548807473829 503.6871422637529 7.8466851932284865 9.615070142184283
142 192.5572824707815 26.723881260005992 244.0244852763608 509.758416959277 8.322649649645584 10.226128478477492
143 200.51106624774505 26.08845466145948 246.4197299883513 505.1940389776266 7.847870201409728 9.621705619392232
144 202.08109463145564 25.18340185722592 248.41754915366167 497.847416481058 7.524597864775821 9.20302022227812
145 199.10382212625 25.12636633408258 247.88677916707317 499.0110883763583 7.63094392683907 9.33752684636579
146 204.2539724088541 26.0486456945868 242.4214688036749 493.22027566512605 7.882263299165759 9.647804415269338
147 202.875621885442 25.177005484121583 248.6926640785504 498.07935547155 7.4665594308362095 9.129715697894822
148 201.6034911503505 25.534819355546325 246.38416501095247 497.8280216270609 7.684684836376487 9.406516973891808
149 204.47652429917616 26.663953782768157 245.74710784863228 508.3327785500117 7.874378732093949 9.66199459441246
150 197.00511303391517 23.21238280541501 248.18673644547317 483.47772175406567 7.271958105684935 8.865565534596938
151 203.9474806186164 25.216547799537548 250.13290356820997 499.7233880852158 7.423467246920744 9.073892747453266
152 209.3966402543139 25.13728379515227 253.00399118063453 498.8239985745712 7.170478712622455 8.749824600042874
153 211.13816993133156 24.96628115683469 254.51160616755703 514.9679540830097 6.91544224628762 8.467420026579187
154 198.28102012267695 26.89847502292053 249.4506846607634 498.1452088397373 8.141574035145956 9.9507334654025
155 204.56359839226144 26.94573570873836 250.65187427620495 496.6545598582418 7.893622729430652 9.63962700836303
156 205.7930295540376 26.30246005026652 245.42299119407045 489.89611512033423 7.789125087080427 9.51933972942987
157 205.40141308626545 25.955863347863826 250.24225110140736 499.3070918316209 7.594348335831006 9.280511036899467
158 205.70416188092508 26.114174774878265 251.5833169242144 500.3602613921964 7.62515482226065 9.313650147822724
159 211.39420866330613 25.763729246519 253.73729970044212 499.5110764421317 7.286244701492696 8.888118675606913
160 201.84047155843865 26.58666258252522 249.7202586681422 499.0493837943452 7.9158297470816334 9.675242735701763
161 206.1196660351836 26.601531424201266 252.11304035869705 497.6790496463807 7.744858816445588 9.45225831353472
162 210.07899023528364 25.59673345871289 250.8233702138628 497.7689037744868 7.326883557682209 8.94736450603918
163 205.94039568367677 25.879482819336005 251.5822580422782 501.08168814396606 7.536518095055609 9.207048795671248
164 202.3137360216449 26.06613961479821 241.850965546227 490.1944875420151 7.927093689583792 9.69744364147346
165 202.01296815464235 27.05559740091765 251.65943971248996 498.19325537759727 8.022899025533052 9.795477941785462
166 199.64763361368625 24.700373336222423 248.8490126936061 501.4104262611944 7.434848116335504 9.097659294850503
167 204.33207953766689 25.78675029632865 250.33888970876245 500.33895570890536 7.577490825107758 9.261777206443352
168 200.9331100932051 25.60702463051178 249.3770318855803 501.348290471804 7.654866735725788 9.363337317318852
169 202.9516447671583 25.90437512195925 250.64574011878625 499.2759744723168 7.649403781989445 9.346829959285325
170 210.70292833943023 24.74996885504703 255.0177388897664 513.0262499363608 6.905055740652241 8.44687326199359
171 204.86972468759456 26.971604666225765 250.3300216489669 498.5303200868489 7.920423346104734 9.676253010669198
172 203.3140512629572 25.970919742709555 250.10498345808733 500.62058414361474 7.67150066889756 9.37828824509598
173 206.8833154215202 25.804987737636544 248.9091116168481 502.8446266473797 7.473369873998054 9.146558399117843
174 203.57020826000596 25.319651112645985 249.5298452601611 503.3708704130675 7.456962804637833 9.124344817167929
175 200.9863864441517 27.636504931674253 252.12097072500111 499.0691152280012 8.190743827568056 10.001090816052493
176 203.50014511802064 26.779930560376 248.45505125733868 498.1496555048873 7.926448867991525 9.691946308967411
177 205.97574754589272 25.84153356927914 250.8158708270969 500.2226462591383 7.530770370376631 9.201975990573803
178 208.13915215614296 26.16849105505476 252.8231307071948 497.581564174806 7.5175193815637265 9.171925093509111
179 205.5072513933493 24.78164317821193 245.77383363385388 495.6391329844509 7.318414760030151 8.955817868652654
180 202.57443021304888 25.68387525584161 248.71153229246576 502.5212604279519 7.621350460294732 9.327621500662588
181 202.2951338165801 25.281543265484 251.03384309986149 500.3905163084728 7.489908165988632 9.15261487420202
182 202.8953986529214 26.13347058362508 248.6563062926089 500.7418325286226 7.736890454714381 9.465447609399682
183 203.9480955546299 25.995542340381785 249.67662250943005 501.9136315849786 7.658276853400919 9.366627039990036
184 197.15912606738132 25.22964500865312 249.15603440061372 501.7372819705357 7.662817719829363 9.376279350443276
185 200.3588006146019 26.09988621127668 248.9371320138028 499.381608039012 7.843514781325124 9.591220030145868
186 207.08244984570172 26.153887700622665 252.45839180046548 497.93617485737167 7.562182493082205 9.228657445690256
187 207.18828983920008 24.597281437485663 250.38703993206357 499.7159572827553 7.125728681110977 8.708625551615464
188 208.1634110176452 25.76440496675739 250.16615405281027 504.4106834062989 7.391760505992067 9.043829417455656
189 196.4950685110821 25.378665591231723 247.6959576546213 500.4781420871236 7.784874176543759 9.528327533666332
190 206.61224518227203 25.89112460199324 251.69796456489868 497.9783259165115 7.487946824365849 9.14251049372065
191 202.2547351496246 25.275889301581092 249.50624416483848 503.9399563507492 7.499683106569215 9.178523400389992
192 196.1614060078531 24.449256282847426 247.60207190224168 505.41219282148 7.491592448466445 9.181524507283626
193 202.80762351749016 25.26784275143524 249.6548191053469 504.965781625725 7.458812398775966 9.130349161122354
194 202.9881166391948 26.01016132977752 249.6415285073961 499.9978477055121 7.697409960444165 9.410982019041532
195 202.12227654627668 25.940119536967263 248.9777029110579 500.9356586954621 7.723212986666667 9.447213769804147
196 203.6813723102393 25.19413844781424 254.36390092142904 501.39082208478834 7.353808751298648 8.97420684727372
197 205.2730269791317 25.37385472359261 250.3279769258425 500.0325611691849 7.422285701628976 9.071714552231306
198 201.8191588708409 25.55589649089193 250.04412477715124 500.17145002644486 7.597422319702673 9.287927417463557
199 205.34764593115528 25.109510358115184 250.8176007092226 508.02007715711176 7.275633544242699 8.907975245319781
200 199.7265010502977 27.81227545595688 246.5482460819022 491.4934113139305 8.465323776528262 10.342351670947414
201 209.27912179512003 24.74680050829688 251.98253359658068 499.7448472554431 7.078832491430074 8.644365551572363
202 216.0127511888157 24.79117495119229 255.95716959051893 507.4097036346252 6.742283379417528 8.230872146093294
203 203.63178448026463 26.20253501687865 246.8754793054967 491.5312485133536 7.853923158108158 9.591650868068688
204 205.54155057531548 24.70988274185013 251.02008264873916 507.3389317694978 7.160296625612327 8.764554169920258
205 209.70650946648985 24.79033782440268 253.07595454873612 512.8267720704836 6.993001990966218 8.563530705471766
206 210.8689771729401 24.050762402938524 257.4736195012105 501.8896300643357 6.76050100279179 8.23643683589182
207 208.1236960555833 24.876712215529324 251.0567403713628 497.8253746989507 7.181021869739688 8.769577609582946
208 208.7256691125023 24.97977527714703 250.80469917801108 496.7774936896912 7.180913797773638 8.767652879212443
209 214.55383374755635 25.01275761979003 253.66002230775743 501.3795764407827 6.915381121663803 8.440253625576574
210 205.7588231193864 24.858304745719195 250.1959006639109 500.9184408003541 7.249977857803427 8.86434259023895
211 211.27912685949127 24.855555948666563 252.60687257719135 506.4283152339564 6.973926018250428 8.528252204294064
212 212.05042204041808 24.819414285453888 253.6666607944291 496.6905425696944 6.99582021881899 8.528951143597304
213 208.74146112846512 24.98670820296402 250.4571476916529 496.5755885847242 7.193814301257392 8.784609874870355
214 210.2309390086758 23.048074739349893 255.6789427868524 488.7904040679852 6.592546825308825 8.010334226098161
215 208.7319933529705 24.839265234318503 251.31385093842192 510.1524409791572 7.054834280783035 8.64093292652219
216 205.98147791163987 24.687320089008644 249.6325197413088 495.685662733981 7.236543329233772 8.839138482315121
217 207.554584011608 24.893134295734285 250.47351384219252 497.276328618698 7.214976840972216 8.812262341033554
218 204.96427359749 24.87495505574746 249.35127635361883 495.73659463987065 7.327494209107004 8.951215226183153
219 208.98702568059457 24.78945904932222 251.9146289555241 505.55256590220256 7.066493573773131 8.642197919253704
220 206.44186058538207 25.935448409809368 247.86060441543717 489.3510036815177 7.646834930714302 9.32986819774337
221 206.1775742385267 24.98379833396199 249.56999520365332 498.1779460711716 7.293734659350943 8.915406216668131
222 206.34303940344543 24.923320506378715 249.92490382543377 496.8680545542192 7.276165757656312 8.888490092824581
223 203.94935017273437 25.15174643144053 249.15327800405788 491.169525730388 7.508514817751587 9.16287941309237
224 205.14358070620227 24.944101020808542 248.8711518450013 491.8660340541642 7.382254669025569 9.011301527511254
225 207.56157212205656 24.956229054521337 250.2041421760493 517.6133386729657 7.114199523209452 8.734888990255818
226 204.20949696650703 24.89795275010213 249.62554471654528 497.1321953853079 7.363392260896778 8.998044640742394
227 208.49123974152303 24.929212505985827 250.7662791158857 496.9012042057796 7.189003065954393 8.778409945492715
228 214.5776360931224 24.81091251748745 255.33940349529152 512.6759188670324 6.7797082454838105 8.291322334231534
229 208.55605292227773 24.330214236505185 254.50610469814663 491.3709201903092 7.030216447277113 8.55585290635643
230 203.46420745424 25.00923700796595 249.6778244698308 491.4556056782793 7.453352945392508 9.092988500650296
231 209.48221271012528 24.771473530136205 251.521822750498 502.60208244966566 7.056356904207194 8.625066749628985
232 203.91446475023 24.95731627426693 249.4966880950228 496.025904144219 7.403896181208728 9.044591326926255
233 204.81394352489215 25.04215673956484 249.80485482477891 493.0173223852964 7.395794594369081 9.025826902789465
234 204.7051546888105 24.75902122575772 249.22411728304328 501.91959022331 7.27152756625477 8.89699374770875
235 205.13712132782524 24.768894081993608 250.3203984469137 497.58618188124456 7.262179463780757 8.871096762306355
236 213.20507052849229 24.818929842292988 254.18454251283265 509.4228516980811 6.861786899276518 8.390033194555386
237 211.68200208785677 24.714301732860484 253.34891789310683 496.44781602634856 6.987245480792122 8.518892151440914
238 205.21652705510536 25.21091675735893 248.9576430176514 491.7767584783283 7.474718480793905 9.123219097152528
239 202.8201731866368 24.68695774496984 249.08558088316204 493.79817409601736 7.359559238975319 8.98750643053415
240 213.37069083934807 24.748847847022358 255.4774287457367 513.7827949113313 6.811592093140419 8.331791637022382
241 203.7847679364708 25.06410455641438 248.75834288398136 489.9979760239678 7.470556011152879 9.11508292122124
242 199.801273294475 24.941188136176176 246.14104528781303 485.7440969963704 7.639906869076611 9.325238269717774
243 203.377912510268 25.147437813271925 248.36304045040973 490.72300632059967 7.518804268218041 9.17720077492383
244 206.1726371373201 24.877297006744044 250.1723871166569 498.1624572326361 7.263615793260927 8.875063039560159
245 204.4626639701877 24.91069574782516 249.89580131132496 493.7350503518222 7.363284653126533 8.987630481801528
246 214.6260876910265 24.85158622723015 253.91368431342383 515.0157756652529 6.77651501412784 8.298141633395245
247 209.0053162878852 24.824637395754888 251.46552420018068 497.2381260063641 7.132505917520526 8.70689401600768
248 207.55219383295795 24.786722426047405 250.8491779773429 501.0444240497447 7.157157240807557 8.748060368417963
249 203.47802898752468 25.40421025142698 247.86129542213183 490.5108269736184 7.608297196859125 9.287327724859765
250 206.33788196688505 24.22146589254701 253.82172023626495 501.76677699187024 6.981806908574917 8.52249072210081
