{
  "valSamp": 50,
  "xdim": 4,
  "ydim": 2,
  "xlabels": [
    "%E",
    "P",
    "Ao",
    "Au"
  ],
  "ylabels": [
    "%Node_3_Disp_2",
    "Node_2_Disp_2"
  ],
  "yExact": {
    "%Node_3_Disp_2": [
      6.885968945,
      6.255641067,
      9.347548223,
      7.40488617,
      5.373104941,
      5.524777164,
      6.9018689,
      7.775660457,
      6.619511067,
      7.238398638,
      6.327661284,
      6.434855854,
      7.647494016,
      8.945596765,
      6.662801403,
      7.480495832,
      7.267644263,
      7.865519901,
      6.605386126,
      9.917464965,
      6.869770612,
      7.551026862,
      7.566931163,
      8.330845592,
      5.9691093,
      6.690130889,
      7.165269276,
      5.731981647,
      6.697555544,
      8.672181442,
      7.070045423,
      7.413066656,
      8.385086437,
      7.382431224,
      7.841867511,
      6.069861555,
      6.874478204,
      7.949230082,
      8.357308185,
      5.67982334,
      8.897660513,
      9.324317484,
      8.78977898,
      7.207251336,
      8.262670963,
      6.674667491,
      7.042171869,
      7.079542306,
      9.035618738,
      7.586610719
    ],
    "Node_2_Disp_2": [
      8.394275633,
      7.635871634,
      11.36741443,
      9.216562666,
      6.58553575,
      6.716149444,
      8.395784052,
      9.520860758,
      8.032216339,
      8.89931968,
      7.756757608,
      7.766190159,
      9.32464298,
      10.7511628,
      8.243055308,
      9.125619379,
      8.857808169,
      9.641182302,
      8.101408477,
      12.0913881,
      8.378464348,
      9.232092412,
      9.127360889,
      10.11848804,
      7.380734834,
      8.145726486,
      8.708638137,
      7.024705062,
      8.074305564,
      10.63978284,
      8.671528891,
      9.043621666,
      10.27543412,
      9.087305033,
      9.665941476,
      7.437644532,
      8.313743499,
      9.576421826,
      10.32468757,
      6.961451214,
      10.89950378,
      11.43280377,
      10.74104384,
      8.805244095,
      10.14540552,
      8.258483146,
      8.557108159,
      8.672005101,
      10.99953129,
      9.446703311
    ]
  },
  "xPredict": {
    "%E": [
      210.13657995110745,
      214.01004842978745,
      179.4505974033401,
      201.64045163480068,
      192.31310107357564,
      197.8328049682992,
      202.4338885854795,
      206.91913677868743,
      209.38176331500935,
      199.6129126850019,
      204.27554898144612,
      205.6883182720914,
      205.7707050971096,
      193.87577834360775,
      201.2857848737737,
      214.5859888021292,
      204.3286647242488,
      206.4864859396719,
      204.9410464688299,
      195.20045461622595,
      195.49537176620956,
      202.9852565887952,
      185.2764943552868,
      199.8911962898816,
      189.34820159979927,
      191.0442440664441,
      203.5100728502271,
      204.04378187193592,
      205.4786224679732,
      198.86148076927407,
      214.3751608208333,
      193.210974236464,
      198.7589330611056,
      210.56369044532389,
      205.94410343963207,
      205.7985991136394,
      213.69605711076755,
      184.4287991133003,
      214.47449576047003,
      201.0679477756033,
      204.79288733452296,
      213.52712044298372,
      199.8297254992834,
      201.1793089983749,
      201.9200010271115,
      219.5676843584349,
      207.50406199565992,
      208.24493391294376,
      192.27450709363163,
      199.6859456995804,
      206.3322566891428,
      207.97105161337603,
      177.56419230621947,
      195.8351594065309,
      208.1842633112373,
      211.7699453366317,
      212.48265018519152,
      211.2987181726185,
      219.6045171497449,
      205.97742316627296,
      215.12064061866636,
      219.8599403730744,
      210.68119827186015,
      188.4260453851426,
      206.51150926714797,
      201.40580978093223,
      208.9962298800205,
      201.73026955700223,
      203.87933604629893,
      184.457281522024,
      218.3043537137579,
      206.7237334652877,
      202.45313089378644,
      198.1752845529185,
      202.27056880502573,
      213.3868508924986,
      212.1542909163471,
      208.2394936207927,
      207.84680019677077,
      193.75275320191105,
      204.1048809457092,
      202.33850848108935,
      199.87044259196043,
      194.51110161676803,
      201.65611253757223,
      210.11450070339055,
      209.62933953061557,
      199.21250610655065,
      197.05039467698853,
      200.3419285238176,
      195.60434886853437,
      191.12076364226905,
      193.11931475897612,
      206.63997631149007,
      199.8023759399404,
      196.80143206398157,
      209.6084771952341,
      203.5647235125611,
      187.084652738204,
      204.43481253080924,
      203.15008392053028,
      208.21540163093448,
      211.85405988365693,
      199.84820977035565,
      210.93103040117265,
      210.45046584974597,
      203.1119080346355,
      198.878721187821,
      204.9050706014362,
      200.96075673631125,
      203.76458498391844,
      206.03827783772363,
      200.2312622208022,
      200.38146259037117,
      202.1408249118848,
      198.76338421127736,
      201.63408224547803,
      198.7347566660827,
      204.47829596655495,
      204.36502741510677,
      201.5300948745615,
      200.51558056626988,
      208.32284120603464,
      201.31826856472605,
      207.4092399611003,
      204.09681921337005,
      202.3814202037913,
      210.1376236030277,
      206.9500740591224,
      200.39644697501163,
      200.7478997212412,
      204.11820656190176,
      200.385698421294,
      199.6111419059145,
      197.97789036884583,
      207.12638507415625,
      204.6583938970616,
      208.3797388603263,
      193.60698983169905,
      212.75498956935152,
      197.96848392674764,
      192.5572824707815,
      200.51106624774505,
      202.08109463145564,
      199.10382212625,
      204.2539724088541,
      202.875621885442,
      201.6034911503505,
      204.47652429917616,
      197.00511303391517,
      203.9474806186164,
      209.3966402543139,
      211.13816993133156,
      198.28102012267695,
      204.56359839226144,
      205.7930295540376,
      205.40141308626545,
      205.70416188092508,
      211.39420866330613,
      201.84047155843865,
      206.1196660351836,
      210.07899023528364,
      205.94039568367677,
      202.3137360216449,
      202.01296815464235,
      199.64763361368625,
      204.33207953766689,
      200.9331100932051,
      202.9516447671583,
      210.70292833943023,
      204.86972468759456,
      203.3140512629572,
      206.8833154215202,
      203.57020826000596,
      200.9863864441517,
      203.50014511802064,
      205.97574754589272,
      208.13915215614296,
      205.5072513933493,
      202.57443021304888,
      202.2951338165801,
      202.8953986529214,
      203.9480955546299,
      197.15912606738132,
      200.3588006146019,
      207.08244984570172,
      207.18828983920008,
      208.1634110176452,
      196.4950685110821,
      206.61224518227203,
      202.2547351496246,
      196.1614060078531,
      202.80762351749016,
      202.9881166391948,
      202.12227654627668,
      203.6813723102393,
      205.2730269791317,
      201.8191588708409,
      205.34764593115528,
      199.7265010502977,
      209.27912179512003,
      216.0127511888157,
      203.63178448026463,
      205.54155057531548,
      209.70650946648985,
      210.8689771729401,
      208.1236960555833,
      208.7256691125023,
      214.55383374755635,
      205.7588231193864,
      211.27912685949127,
      212.05042204041808,
      208.74146112846512,
      210.2309390086758,
      208.7319933529705,
      205.98147791163987,
      207.554584011608,
      204.96427359749,
      208.98702568059457,
      206.44186058538207,
      206.1775742385267,
      206.34303940344543,
      203.94935017273437,
      205.14358070620227,
      207.56157212205656,
      204.20949696650703,
      208.49123974152303,
      214.5776360931224,
      208.55605292227773,
      203.46420745424,
      209.48221271012528,
      203.91446475023,
      204.81394352489215,
      204.7051546888105,
      205.13712132782524,
      213.20507052849229,
      211.68200208785677,
      205.21652705510536,
      202.8201731866368,
      213.37069083934807,
      203.7847679364708,
      199.801273294475,
      203.377912510268,
      206.1726371373201,
      204.4626639701877,
      214.6260876910265,
      209.0053162878852,
      207.55219383295795,
      203.47802898752468,
      206.33788196688505
    ],
    "P": [
      25.438127705534654,
      27.58841262078319,
      27.408598596775544,
      26.160111949176784,
      22.25279922377415,
      24.44609536751239,
      24.999943174662437,
      27.745702254523174,
      27.459703880306325,
      25.200742917435623,
      25.61458170715183,
      26.086028862530764,
      26.668908937234733,
      24.842786343371404,
      25.04783587888888,
      24.73606649644423,
      25.37568545480502,
      25.90547289603744,
      24.74426059418741,
      30.28381965092501,
      24.235191450225024,
      25.69565764082132,
      23.377436163264537,
      25.267397707247454,
      21.424708932772017,
      22.958847759384035,
      25.438573545918164,
      25.64463820636492,
      25.00872323268332,
      27.73219943564927,
      26.028845803496203,
      24.1115730246296,
      27.504781819146935,
      24.2663933648892,
      26.86119862440421,
      25.811852739305092,
      26.249414083836328,
      23.793494404091614,
      27.33847069207472,
      24.617207460820445,
      27.88656236750648,
      26.70917201810078,
      26.80266079258932,
      24.808826991048825,
      27.26768769977617,
      27.25850352090798,
      25.464254666537272,
      25.124857000730252,
      26.445353407718077,
      28.489313341251517,
      25.27399015318291,
      25.21429989834331,
      27.104867409432075,
      24.462000107404588,
      24.084261995533065,
      25.696811270187524,
      25.15675227859168,
      25.22236424192629,
      25.102429509564423,
      24.793805576127152,
      24.36897475966702,
      25.557620038225597,
      25.25528981839524,
      27.35583916095729,
      23.95472822388741,
      25.359939974826894,
      25.214087043823717,
      25.34740376236398,
      24.72160943214103,
      27.035301657820952,
      24.63230313062511,
      25.217548826894564,
      26.16664867811735,
      25.974259816071957,
      23.226984959205808,
      24.940895010723292,
      25.240431971903075,
      24.53048654232198,
      26.547527074839977,
      26.258676984393787,
      24.895919870801723,
      25.47087058547352,
      25.91156616387164,
      24.83775941361686,
      25.23637679021675,
      24.558431532243937,
      25.827522193294385,
      26.24759788781633,
      25.45327204791989,
      24.73547228228199,
      26.173323999771867,
      26.149528404091512,
      26.20857649766244,
      25.128692482167597,
      25.75623814239645,
      24.300382408655853,
      25.385232588927643,
      24.98688219599647,
      26.57713114087956,
      25.043640143090386,
      25.33406968765519,
      24.799261785677142,
      27.36514525081404,
      25.096757043238615,
      24.72321055291536,
      23.193683145912665,
      24.839787001746693,
      24.734569057746352,
      24.3724357187972,
      24.934345141833003,
      24.45259664418225,
      24.13378309517239,
      25.08639959284413,
      25.272066747875236,
      24.943291603741297,
      26.15661533325989,
      25.175556509483496,
      25.580556228326053,
      25.328064704774217,
      26.90917988788638,
      24.40156960244961,
      25.19710680162407,
      25.495875733690923,
      26.09846778267568,
      25.60140822451653,
      24.54894811947066,
      24.99961057438107,
      24.64343519374152,
      24.422145604905825,
      25.390173121500677,
      25.60976469367036,
      25.28633744147269,
      25.12789841469633,
      26.40395073486697,
      25.037619733910805,
      24.67647395060804,
      25.15723907238808,
      25.932058695914957,
      25.565005782843883,
      25.08590028994608,
      25.770558737098096,
      26.723881260005992,
      26.08845466145948,
      25.18340185722592,
      25.12636633408258,
      26.0486456945868,
      25.177005484121583,
      25.534819355546325,
      26.663953782768157,
      23.21238280541501,
      25.216547799537548,
      25.13728379515227,
      24.96628115683469,
      26.89847502292053,
      26.94573570873836,
      26.30246005026652,
      25.955863347863826,
      26.114174774878265,
      25.763729246519,
      26.58666258252522,
      26.601531424201266,
      25.59673345871289,
      25.879482819336005,
      26.06613961479821,
      27.05559740091765,
      24.700373336222423,
      25.78675029632865,
      25.60702463051178,
      25.90437512195925,
      24.74996885504703,
      26.971604666225765,
      25.970919742709555,
      25.804987737636544,
      25.319651112645985,
      27.636504931674253,
      26.779930560376,
      25.84153356927914,
      26.16849105505476,
      24.78164317821193,
      25.68387525584161,
      25.281543265484,
      26.13347058362508,
      25.995542340381785,
      25.22964500865312,
      26.09988621127668,
      26.153887700622665,
      24.597281437485663,
      25.76440496675739,
      25.378665591231723,
      25.89112460199324,
      25.275889301581092,
      24.449256282847426,
      25.26784275143524,
      26.01016132977752,
      25.940119536967263,
      25.19413844781424,
      25.37385472359261,
      25.55589649089193,
      25.109510358115184,
      27.81227545595688,
      24.74680050829688,
      24.79117495119229,
      26.20253501687865,
      24.70988274185013,
      24.79033782440268,
      24.050762402938524,
      24.876712215529324,
      24.97977527714703,
      25.01275761979003,
      24.858304745719195,
      24.855555948666563,
      24.819414285453888,
      24.98670820296402,
      23.048074739349893,
      24.839265234318503,
      24.687320089008644,
      24.893134295734285,
      24.87495505574746,
      24.78945904932222,
      25.935448409809368,
      24.98379833396199,
      24.923320506378715,
      25.15174643144053,
      24.944101020808542,
      24.956229054521337,
      24.89795275010213,
      24.929212505985827,
      24.81091251748745,
      24.330214236505185,
      25.00923700796595,
      24.771473530136205,
      24.95731627426693,
      25.04215673956484,
      24.75902122575772,
      24.768894081993608,
      24.818929842292988,
      24.714301732860484,
      25.21091675735893,
      24.68695774496984,
      24.748847847022358,
      25.06410455641438,
      24.941188136176176,
      25.147437813271925,
      24.877297006744044,
      24.91069574782516,
      24.85158622723015,
      24.824637395754888,
      24.786722426047405,
      25.40421025142698,
      24.22146589254701
    ],
    "Ao": [
      254.57835873221856,
      252.2811247470961,
      248.8975842533871,
      247.23672066642396,
      261.4656844301848,
      262.6778578501687,
      253.8191283710723,
      244.6995197824129,
      249.13983378348047,
      250.60013436652088,
      251.05733271165343,
      254.5017324582487,
      248.2069073334404,
      262.4651933564998,
      249.9920499941029,
      254.9327967796562,
      252.32904973412943,
      249.84933900808883,
      254.77178679603117,
      240.3906125598031,
      252.19277145035696,
      250.47694249256267,
      259.76457498947855,
      253.30158952065145,
      258.40841014363525,
      257.2368526400209,
      252.4760423508381,
      255.1039760898152,
      261.6045972452563,
      246.43072305386036,
      251.2854261650596,
      255.54963488041668,
      246.15521083626533,
      254.3431820602263,
      246.836284092138,
      253.26772805958316,
      255.46076256051597,
      258.5986818903252,
      245.13997241104173,
      259.4118182305396,
      245.25903223452997,
      246.8854688390343,
      248.5727971461887,
      253.3388846135612,
      246.57258482270396,
      249.15973286683777,
      254.00316454757157,
      253.29836855727555,
      250.622339546579,
      242.22506239554028,
      249.91231941011333,
      254.4224578004405,
      252.3036301343731,
      250.1470653189742,
      247.19085648837543,
      247.64846232271432,
      248.7731148476201,
      252.2804127235384,
      253.7769755880575,
      248.51455415506,
      251.0433289492124,
      249.9912386710733,
      252.1188575171541,
      268.7054246369384,
      250.90341837701268,
      248.75385244147347,
      249.622971180889,
      248.9913418765864,
      249.75980901735124,
      256.83311459369213,
      247.01947847360847,
      249.45374969318252,
      246.70207487673213,
      251.60553122739063,
      248.960128311586,
      244.27737795408825,
      250.0945660196144,
      252.64042278899387,
      247.2497078834996,
      249.8633645146776,
      251.22933932116237,
      246.58193777061533,
      250.3917410829481,
      247.98563003116257,
      249.41773844291612,
      252.15618329592013,
      251.335145160002,
      250.5831942996109,
      248.0987514845458,
      251.45643783192784,
      250.55614547431765,
      247.48740145635563,
      250.1648263111117,
      248.24197172456303,
      249.69690609879447,
      256.1373272359376,
      249.98439953834415,
      249.39626025808212,
      251.61087885157443,
      252.1360528656879,
      247.3723505862711,
      248.08634003740875,
      246.89142455136223,
      244.80552514439927,
      248.4962960649548,
      250.8734700191299,
      250.02991552648285,
      249.7018029737543,
      251.70514544689735,
      248.2143922024467,
      249.75302752179067,
      252.7386202991904,
      249.09263238421303,
      237.06034347160087,
      246.7758399993356,
      244.85224179929375,
      248.7125135705331,
      246.77623566755975,
      246.5811473248213,
      246.55308693760597,
      251.97802744355351,
      248.41256099949095,
      250.1598021447674,
      245.9549498585628,
      245.0398324259272,
      251.5123883147612,
      249.71722362569608,
      248.15919837858908,
      249.91406940017367,
      247.41041034827344,
      245.73709565895447,
      248.68011422724604,
      248.57074155892343,
      243.04669752321573,
      247.12811810574652,
      248.45205427026897,
      248.58557754952173,
      248.4521123730514,
      245.26430914077312,
      246.3017354459965,
      246.8548807473829,
      244.0244852763608,
      246.4197299883513,
      248.41754915366167,
      247.88677916707317,
      242.4214688036749,
      248.6926640785504,
      246.38416501095247,
      245.74710784863228,
      248.18673644547317,
      250.13290356820997,
      253.00399118063453,
      254.51160616755703,
      249.4506846607634,
      250.65187427620495,
      245.42299119407045,
      250.24225110140736,
      251.5833169242144,
      253.73729970044212,
      249.7202586681422,
      252.11304035869705,
      250.8233702138628,
      251.5822580422782,
      241.850965546227,
      251.65943971248996,
      248.8490126936061,
      250.33888970876245,
      249.3770318855803,
      250.64574011878625,
      255.0177388897664,
      250.3300216489669,
      250.10498345808733,
      248.9091116168481,
      249.5298452601611,
      252.12097072500111,
      248.45505125733868,
      250.8158708270969,
      252.8231307071948,
      245.77383363385388,
      248.71153229246576,
      251.03384309986149,
      248.6563062926089,
      249.67662250943005,
      249.15603440061372,
      248.9371320138028,
      252.45839180046548,
      250.38703993206357,
      250.16615405281027,
      247.6959576546213,
      251.69796456489868,
      249.50624416483848,
      247.60207190224168,
      249.6548191053469,
      249.6415285073961,
      248.9777029110579,
      254.36390092142904,
      250.3279769258425,
      250.04412477715124,
      250.8176007092226,
      246.5482460819022,
      251.98253359658068,
      255.95716959051893,
      246.8754793054967,
      251.02008264873916,
      253.07595454873612,
      257.4736195012105,
      251.0567403713628,
      250.80469917801108,
      253.66002230775743,
      250.1959006639109,
      252.60687257719135,
      253.6666607944291,
      250.4571476916529,
      255.6789427868524,
      251.31385093842192,
      249.6325197413088,
      250.47351384219252,
      249.35127635361883,
      251.9146289555241,
      247.86060441543717,
      249.56999520365332,
      249.92490382543377,
      249.15327800405788,
      248.8711518450013,
      250.2041421760493,
      249.62554471654528,
      250.7662791158857,
      255.33940349529152,
      254.50610469814663,
      249.6778244698308,
      251.521822750498,
      249.4966880950228,
      249.80485482477891,
      249.22411728304328,
      250.3203984469137,
      254.18454251283265,
      253.34891789310683,
      248.9576430176514,
      249.08558088316204,
      255.4774287457367,
      248.75834288398136,
      246.14104528781303,
      248.36304045040973,
      250.1723871166569,
      249.89580131132496,
      253.91368431342383,
      251.46552420018068,
      250.8491779773429,
      247.86129542213183,
      253.82172023626495
    ],
    "Au": [
      501.5455787397889,
      511.7031543496397,
      481.7806550251226,
      495.6911562314666,
      506.9990557625403,
      516.849900552296,
      503.3639655306872,
      501.7009804040831,
      511.9367599726465,
      498.9822030545465,
      507.8316854808775,
      513.4272879702693,
      499.0354491534266,
      461.5462077019684,
      500.0244308209354,
      492.22343149695,
      499.4564826197606,
      494.290637071891,
      500.6078950874074,
      483.3735186762254,
      504.0828409606095,
      497.73161732824167,
      494.6232748778989,
      486.2716570585137,
      494.23332756318246,
      503.24713163906034,
      501.3341517417461,
      510.7110704986133,
      508.3384496898951,
      493.1840851995842,
      498.8401654509403,
      496.3401251314577,
      495.7507846205432,
      489.7815640555378,
      497.3922022218806,
      508.8376364527112,
      505.30913733829306,
      487.9949471304831,
      493.2957785213704,
      507.3309956477744,
      490.840447169474,
      482.6056877987582,
      488.1590075059327,
      498.7034619206263,
      495.86524032707007,
      499.4289514472608,
      501.66463625199947,
      497.8374350781147,
      482.9545453704154,
      503.9393064939025,
      501.4350791621745,
      505.6996633909809,
      481.3403225991542,
      491.4922933070518,
      480.8385941374415,
      489.5977925190858,
      500.8605033031867,
      510.7131663264113,
      513.2447266023468,
      495.8292335331516,
      502.2626431936013,
      507.51059584306506,
      508.1139545268759,
      499.35688803812496,
      494.8840156029227,
      502.0822120544161,
      501.87491126103583,
      500.716585474421,
      494.4242489107349,
      501.9457105051421,
      499.2718577787073,
      500.9726133853936,
      485.59309631112166,
      498.0500621576862,
      477.2330539250312,
      489.9871573628699,
      503.6021256388819,
      495.0538440481013,
      497.4435801860551,
      497.2137638551712,
      503.9663473016303,
      489.0410566813389,
      500.1279088153473,
      493.1290018816729,
      501.105939100159,
      498.981997826409,
      507.3865087052533,
      487.2797198467685,
      504.74813278054734,
      485.7783094636805,
      503.3093771446388,
      504.2120527086593,
      497.261774198988,
      496.8477744722898,
      500.4485951615462,
      502.49165529063066,
      503.3342684809615,
      498.6117172299953,
      490.9521580842184,
      500.81064609690543,
      497.7371926813653,
      492.2224713660791,
      514.333172215727,
      492.001137591836,
      490.4507004338541,
      486.8597169164362,
      496.5965861716182,
      495.3605584324156,
      492.70179862404495,
      495.0888990996261,
      490.4828413286874,
      494.4536315066488,
      497.0538856708732,
      486.65628320368216,
      490.3193370260475,
      502.5575114044305,
      497.8795108882414,
      500.1987985352936,
      495.1547682875714,
      510.43661943101046,
      494.506925610466,
      498.0535460660902,
      503.85247084390346,
      503.2162881246689,
      490.6774689195605,
      496.58271472635937,
      497.28843004777735,
      489.3308071771973,
      497.7727614033198,
      501.6601075274573,
      497.07244909361896,
      499.9988596543595,
      499.57487865363817,
      501.3268100697949,
      496.5159366677285,
      490.56236855591794,
      498.4795567249312,
      504.0254424695627,
      500.5338135418677,
      491.3394146309548,
      503.6871422637529,
      509.758416959277,
      505.1940389776266,
      497.847416481058,
      499.0110883763583,
      493.22027566512605,
      498.07935547155,
      497.8280216270609,
      508.3327785500117,
      483.47772175406567,
      499.7233880852158,
      498.8239985745712,
      514.9679540830097,
      498.1452088397373,
      496.6545598582418,
      489.89611512033423,
      499.3070918316209,
      500.3602613921964,
      499.5110764421317,
      499.0493837943452,
      497.6790496463807,
      497.7689037744868,
      501.08168814396606,
      490.1944875420151,
      498.19325537759727,
      501.4104262611944,
      500.33895570890536,
      501.348290471804,
      499.2759744723168,
      513.0262499363608,
      498.5303200868489,
      500.62058414361474,
      502.8446266473797,
      503.3708704130675,
      499.0691152280012,
      498.1496555048873,
      500.2226462591383,
      497.581564174806,
      495.6391329844509,
      502.5212604279519,
      500.3905163084728,
      500.7418325286226,
      501.9136315849786,
      501.7372819705357,
      499.381608039012,
      497.93617485737167,
      499.7159572827553,
      504.4106834062989,
      500.4781420871236,
      497.9783259165115,
      503.9399563507492,
      505.41219282148,
      504.965781625725,
      499.9978477055121,
      500.9356586954621,
      501.39082208478834,
      500.0325611691849,
      500.17145002644486,
      508.02007715711176,
      491.4934113139305,
      499.7448472554431,
      507.4097036346252,
      491.5312485133536,
      507.3389317694978,
      512.8267720704836,
      501.8896300643357,
      497.8253746989507,
      496.7774936896912,
      501.3795764407827,
      500.9184408003541,
      506.4283152339564,
      496.6905425696944,
      496.5755885847242,
      488.7904040679852,
      510.1524409791572,
      495.685662733981,
      497.276328618698,
      495.73659463987065,
      505.55256590220256,
      489.3510036815177,
      498.1779460711716,
      496.8680545542192,
      491.169525730388,
      491.8660340541642,
      517.6133386729657,
      497.1321953853079,
      496.9012042057796,
      512.6759188670324,
      491.3709201903092,
      491.4556056782793,
      502.60208244966566,
      496.025904144219,
      493.0173223852964,
      501.91959022331,
      497.58618188124456,
      509.4228516980811,
      496.44781602634856,
      491.7767584783283,
      493.79817409601736,
      513.7827949113313,
      489.9979760239678,
      485.7440969963704,
      490.72300632059967,
      498.1624572326361,
      493.7350503518222,
      515.0157756652529,
      497.2381260063641,
      501.0444240497447,
      490.5108269736184,
      501.76677699187024
    ]
  },
  "yPredict": {
    "%Node_3_Disp_2": [
      7.171741997466632,
      7.666890575462325,
      9.35338108279268,
      7.911677638877757,
      6.767229143921316,
      7.124123391406458,
      7.3216727570302735,
      8.14204274800501,
      7.811438821243223,
      7.589898929750579,
      7.448591467618824,
      7.435849200698364,
      7.824258265429261,
      7.857934098154524,
      7.484527476012106,
      6.835215113105891,
      7.420082397304868,
      7.584658700375487,
      7.179709356055713,
      9.697865163879012,
      7.356545306318825,
      7.616749652114704,
      7.515755111664241,
      7.674566948474162,
      6.775669056746531,
      7.085048248094006,
      7.450236406568969,
      7.42844265699456,
      7.069507218059043,
      8.546144406019797,
      7.2572462921239485,
      7.467330493913913,
      8.448395572093286,
      6.899880720742257,
      7.925920162455327,
      7.43551395128865,
      7.237497519534884,
      7.758489401773216,
      7.78638390906457,
      7.216213468152016,
      8.379630908979816,
      7.690250165006013,
      8.224312001378879,
      7.366322901228731,
      8.236559996879102,
      7.50225513101428,
      7.281962560470731,
      7.198899566940611,
      8.452958976709951,
      8.696979890327171,
      7.3647734695777824,
      7.206281045847206,
      9.18238332690511,
      7.5579013231028,
      7.089844593660429,
      7.400825768048261,
      7.110805481925101,
      7.061534033349064,
      6.680272125500353,
      7.274361120474303,
      6.717364790149355,
      6.905433683818879,
      7.114410476397028,
      8.39669261230555,
      6.957143850648168,
      7.583080205866199,
      7.241689792232062,
      7.57522566582346,
      7.329035211081857,
      8.686796400753863,
      6.75050491036413,
      7.336598131420551,
      7.953119653285926,
      7.891179801146224,
      7.028612122586027,
      7.13858571544537,
      7.112990098204266,
      7.068203161041136,
      7.780055363693298,
      8.19000103602601,
      7.29071397758736,
      7.706993987829742,
      7.817551726908522,
      7.749602621035375,
      7.532698178839922,
      6.981926886520494,
      7.362179593075178,
      8.034215393090744,
      7.768732507513052,
      7.51489820323471,
      8.03989603597191,
      8.230842061448163,
      8.193265708164194,
      7.356110481571212,
      7.774531336025862,
      7.328545826782943,
      7.261288021264377,
      7.400391293386511,
      8.569790261216603,
      7.315903693745564,
      7.532857450369423,
      7.220928688980167,
      7.7775242742568835,
      7.7430077374405375,
      7.131856251785507,
      6.6133302195384855,
      7.350752762286969,
      7.511903474202622,
      7.142358208077674,
      7.53472945929999,
      7.285291084821522,
      6.970287600960103,
      7.559509779872917,
      7.900380071360361,
      7.580128498564324,
      7.946937372729047,
      7.526913038691415,
      7.7832075553252675,
      7.542038146363461,
      7.944952052525689,
      7.273155075544569,
      7.588742520511205,
      7.2995191319685375,
      7.832790222060122,
      7.634327645256624,
      7.205853728390159,
      7.4285813729535795,
      7.146809683731692,
      7.021552767609887,
      7.654256744534955,
      7.75610322182508,
      7.462376524078468,
      7.57096145424423,
      8.063897374730562,
      7.680845868406625,
      7.249782978900826,
      7.371457511209584,
      7.473004965386265,
      7.9939761102243825,
      7.202226940430949,
      7.8466851932284865,
      8.322649649645584,
      7.847870201409728,
      7.524597864775821,
      7.63094392683907,
      7.882263299165759,
      7.4665594308362095,
      7.684684836376487,
      7.874378732093949,
      7.271958105684935,
      7.423467246920744,
      7.170478712622455,
      6.91544224628762,
      8.141574035145956,
      7.893622729430652,
      7.789125087080427,
      7.594348335831006,
      7.62515482226065,
      7.286244701492696,
      7.9158297470816334,
      7.744858816445588,
      7.326883557682209,
      7.536518095055609,
      7.927093689583792,
      8.022899025533052,
      7.434848116335504,
      7.577490825107758,
      7.654866735725788,
      7.649403781989445,
      6.905055740652241,
      7.920423346104734,
      7.67150066889756,
      7.473369873998054,
      7.456962804637833,
      8.190743827568056,
      7.926448867991525,
      7.530770370376631,
      7.5175193815637265,
      7.318414760030151,
      7.621350460294732,
      7.489908165988632,
      7.736890454714381,
      7.658276853400919,
      7.662817719829363,
      7.843514781325124,
      7.562182493082205,
      7.125728681110977,
      7.391760505992067,
      7.784874176543759,
      7.487946824365849,
      7.499683106569215,
      7.491592448466445,
      7.458812398775966,
      7.697409960444165,
      7.723212986666667,
      7.353808751298648,
      7.422285701628976,
      7.597422319702673,
      7.275633544242699,
      8.465323776528262,
      7.078832491430074,
      6.742283379417528,
      7.853923158108158,
      7.160296625612327,
      6.993001990966218,
      6.76050100279179,
      7.181021869739688,
      7.180913797773638,
      6.915381121663803,
      7.249977857803427,
      6.973926018250428,
      6.99582021881899,
      7.193814301257392,
      6.592546825308825,
      7.054834280783035,
      7.236543329233772,
      7.214976840972216,
      7.327494209107004,
      7.066493573773131,
      7.646834930714302,
      7.293734659350943,
      7.276165757656312,
      7.508514817751587,
      7.382254669025569,
      7.114199523209452,
      7.363392260896778,
      7.189003065954393,
      6.7797082454838105,
      7.030216447277113,
      7.453352945392508,
      7.056356904207194,
      7.403896181208728,
      7.395794594369081,
      7.27152756625477,
      7.262179463780757,
      6.861786899276518,
      6.987245480792122,
      7.474718480793905,
      7.359559238975319,
      6.811592093140419,
      7.470556011152879,
      7.639906869076611,
      7.518804268218041,
      7.263615793260927,
      7.363284653126533,
      6.77651501412784,
      7.132505917520526,
      7.157157240807557,
      7.608297196859125,
      6.981806908574917
    ],
    "Node_2_Disp_2": [
      8.751437161270918,
      9.388419539308575,
      11.386532477636392,
      9.673200287203136,
      8.23798804583289,
      8.705062287235673,
      8.939647043040074,
      9.974594580449924,
      9.573463509587809,
      9.271370383183076,
      9.113859540943416,
      9.10105301989278,
      9.564080483579913,
      9.458785009517587,
      9.143618098978216,
      8.31790113634133,
      9.05667474616638,
      9.25878213963589,
      8.75645745960415,
      11.8462127178363,
      8.987992287931961,
      9.301134136342128,
      9.131701057432506,
      9.331624852843522,
      8.22421110031589,
      8.637312947691163,
      9.096012268539102,
      9.080685578967149,
      8.62258374820969,
      10.448358720821329,
      8.861845019081915,
      9.096281638363791,
      10.33308718126902,
      8.393633172303339,
      9.69753100328182,
      9.092429903387997,
      8.837549299588503,
      9.4130414610358,
      9.528473565844358,
      8.798106909987863,
      10.242302740234964,
      9.377103272252493,
      10.03095173854312,
      8.98627734784549,
      10.07441306013054,
      9.16802879427934,
      8.887184338813318,
      8.780546269138783,
      10.286276414851605,
      10.67804131871452,
      9.006113893853655,
      8.801347843745727,
      11.162412990885912,
      9.219340087321653,
      8.635968833396323,
      9.031103479785129,
      8.70106280409516,
      8.648762542370655,
      8.181935368029148,
      8.890867312250064,
      8.215124359031716,
      8.459605770913758,
      8.70746214263707,
      10.169243097789126,
      8.49162977845468,
      9.27937004827976,
      8.859187751900366,
      9.26627571068454,
      8.94749457649215,
      10.586472749672025,
      8.267565010469216,
      8.973888319380258,
      9.70020397029566,
      9.632005770345373,
      8.546484487681337,
      8.730710934352393,
      8.704076524319976,
      8.617122534543736,
      9.512957451774207,
      10.0027374583816,
      8.9164534459141,
      9.410068012558847,
      9.553551865836075,
      9.46564595489622,
      9.213789959145068,
      8.523845069740767,
      9.009236762514544,
      9.784997290839918,
      9.516233588920498,
      9.14459656195777,
      9.83110597755893,
      10.08046039606895,
      10.00532614028969,
      8.993390758461159,
      9.505231723229702,
      8.936442782291843,
      8.884181481272563,
      9.046024674254976,
      10.442090994817622,
      8.936943567533575,
      9.215651688654177,
      8.813295964145137,
      9.546096299191586,
      9.472462622042446,
      8.705123586671132,
      8.056498056578313,
      8.97985607956709,
      9.173326328087631,
      8.703517681960665,
      9.210322959064005,
      8.88518357136412,
      8.496242922290545,
      9.238158814084477,
      9.692467115459962,
      9.25931642538823,
      9.74586132867199,
      9.203549133500433,
      9.531477577888316,
      9.224459587348814,
      9.742580275712545,
      8.873481234313068,
      9.281188164553086,
      8.934039493513176,
      9.601700662591185,
      9.334791541263945,
      8.799887732128944,
      9.077084253448524,
      8.717523790126808,
      8.583380902802837,
      9.373476353932656,
      9.493297632132364,
      9.131726246777928,
      9.261421727152182,
      9.8938650022855,
      9.39683196985672,
      8.845904621542813,
      9.01332710996865,
      9.15203973928902,
      9.79813666240685,
      8.798679184029776,
      9.615070142184283,
      10.226128478477492,
      9.621705619392232,
      9.20302022227812,
      9.33752684636579,
      9.647804415269338,
      9.129715697894822,
      9.406516973891808,
      9.66199459441246,
      8.865565534596938,
      9.073892747453266,
      8.749824600042874,
      8.467420026579187,
      9.9507334654025,
      9.63962700836303,
      9.51933972942987,
      9.280511036899467,
      9.313650147822724,
      8.888118675606913,
      9.675242735701763,
      9.45225831353472,
      8.94736450603918,
      9.207048795671248,
      9.69744364147346,
      9.795477941785462,
      9.097659294850503,
      9.261777206443352,
      9.363337317318852,
      9.346829959285325,
      8.44687326199359,
      9.676253010669198,
      9.37828824509598,
      9.146558399117843,
      9.124344817167929,
      10.001090816052493,
      9.691946308967411,
      9.201975990573803,
      9.171925093509111,
      8.955817868652654,
      9.327621500662588,
      9.15261487420202,
      9.465447609399682,
      9.366627039990036,
      9.376279350443276,
      9.591220030145868,
      9.228657445690256,
      8.708625551615464,
      9.043829417455656,
      9.528327533666332,
      9.14251049372065,
      9.178523400389992,
      9.181524507283626,
      9.130349161122354,
      9.410982019041532,
      9.447213769804147,
      8.97420684727372,
      9.071714552231306,
      9.287927417463557,
      8.907975245319781,
      10.342351670947414,
      8.644365551572363,
      8.230872146093294,
      9.591650868068688,
      8.764554169920258,
      8.563530705471766,
      8.23643683589182,
      8.769577609582946,
      8.767652879212443,
      8.440253625576574,
      8.86434259023895,
      8.528252204294064,
      8.528951143597304,
      8.784609874870355,
      8.010334226098161,
      8.64093292652219,
      8.839138482315121,
      8.812262341033554,
      8.951215226183153,
      8.642197919253704,
      9.32986819774337,
      8.915406216668131,
      8.888490092824581,
      9.16287941309237,
      9.011301527511254,
      8.734888990255818,
      8.998044640742394,
      8.778409945492715,
      8.291322334231534,
      8.55585290635643,
      9.092988500650296,
      8.625066749628985,
      9.044591326926255,
      9.025826902789465,
      8.89699374770875,
      8.871096762306355,
      8.390033194555386,
      8.518892151440914,
      9.123219097152528,
      8.98750643053415,
      8.331791637022382,
      9.11508292122124,
      9.325238269717774,
      9.17720077492383,
      8.875063039560159,
      8.987630481801528,
      8.298141633395245,
      8.70689401600768,
      8.748060368417963,
      9.287327724859765,
      8.52249072210081
    ]
  },
  "valNRMSE": {},
  "valR2": {},
  "valCorrCoeff": {},
  "inpData": "/home/claudio/simcenter/quoFEM/_results/qfem-0022/linux-x86_64/tmp.SimCenter/PLoM_variables.csv",
  "outData": "/home/claudio/simcenter/quoFEM/_results/qfem-0022/linux-x86_64/tmp.SimCenter/PLoM_responses.csv",
  "logTransform": false,
  "randomVariables": [
    {
      "name": "E",
      "distribution": "Lognormal",
      "value": 204.98576662800002
    },
    {
      "name": "P",
      "distribution": "Normal",
      "value": 25.027380449000002
    },
    {
      "name": "Ao",
      "distribution": "Lognormal",
      "value": 250.011258274
    },
    {
      "name": "Au",
      "distribution": "Normal",
      "value": 500.0936345519999
    }
  ],
  "dirPLoM": "/home/claudio/simcenter/SimCenterBackendApplications/applications/performUQ/SimCenterUQ/PLoM",
  "pcaEigen": [
    0.393052308734501,
    0.23286731275961176,
    0.2158955969233151,
    0.19524917503441303,
    0.012083997202420288,
    0.0010808346259773862
  ],
  "pcaError": [
    1,
    0.473803277889875,
    0.28910429738966387,
    0.13034652166693847,
    0.0005013364219784155,
    3.97892665821931e-06,
    2.760573548725963e-16
  ],
  "pcaComp": 6,
  "kdeEigen": [
    1.0,
    0.01984196546365406,
    0.01958721344569255,
    0.019568143087610422,
    0.01933146455820472,
    0.019304316010765966,
    0.018723489796482785,
    0.0017055158972203639,
    0.000967701494483645,
    0.000704018986804608,
    0.0006249294580324431,
    0.0005565850657037022,
    0.000456620713937214,
    0.0003984170403586966,
    0.0003585128864810194,
    0.0002639951105337084,
    0.000244825390724303,
    0.00020088936292690627,
    0.00017142401641903217,
    0.00014186491336177655,
    0.00011381659663167012,
    7.772768738904869e-05,
    6.859097342871993e-05,
    4.191154191921689e-05,
    2.2035083786702174e-05,
    1.7489045690076893e-05,
    1.3367936631713924e-05,
    1.0144355859622856e-05,
    6.609138885386917e-06,
    5.6039277097783854e-06,
    4.510567232771116e-06,
    3.931370768492127e-06,
    2.8836896642552256e-06,
    2.112281521278475e-06,
    1.6935396536221986e-06,
    1.4392602034226073e-06,
    8.993334228791262e-07,
    5.86317230542818e-07,
    4.907200983277869e-07,
    4.138197314513198e-07,
    2.6572365934264464e-07,
    1.7595455596858608e-07,
    1.2396189853995495e-07,
    1.08733563271926e-07,
    6.036481649165342e-08,
    5.488587518695131e-08,
    2.735477354577448e-08,
    2.0893416795235057e-08,
    9.368442153447787e-09,
    3.17409310776032e-09
  ],
  "kdeComp": 8,
  "Errors": []
}