 $ LHS File Format Version 1.00 
$
$ This LHS run was executed on  8/26/22 at 13:33: 4.94
$ with LHS Version: 2.30 Release 1, Compiled May 31, 2001        
$ The run title was:
$ Pecos::LHSDriver
$
$ Message output file for this run: LHS_distributions.out
$
$ Input file(s) for this run: 
$
$ Point Values for the distributions follow:
$
$ All point values represent mean values that
$ were calculated from the actual LHS sample.
$
    Normal1               2.5027380E+01
    Normal2               5.0009363E+02
    Lognormal3            2.0498577E+02
    Lognormal4            2.5001126E+02
$
@UNCERTAINTY
  @OBSERVATIONS     50
  @VARIABLES      4
    Normal1:           
    Normal2:           
    Lognormal3:        
    Lognormal4:        
@SAMPLEDATA
           1           4   25.677070542393071        502.74767557133049        219.73226553721821        257.07816338926551     
           2           4   24.442444891109663        490.45070368641376        237.36507298009951        248.10416656967422     
           3           4   26.688507413166118        481.57515500591524        173.81267372749508        251.20332587920890     
           4           4   24.714029712598400        551.88533184249729        197.13505970930305        237.14858603910469     
           5           4   18.720804031779945        528.74450021973735        199.91822228783141        258.57892336698944     
           6           4   19.699793352956039        514.15644833676140        202.99847118382900        269.00055081947181     
           7           4   23.411876948183355        483.12920060203277        206.10328431192315        251.39420480197290     
           8           4   25.448332803662506        471.14408722812533        209.82899431781502        232.29234375388737     
           9           4   23.130154499323105        447.12913170894802        226.97279466241278        237.46404111613032     
          10           4   23.610006398789004        511.68095702413808        196.12344773200010        243.86201541388843     
          11           4   21.851598917891987        488.88829907267717        214.46068190560669        238.76289535556191     
          12           4   22.378848071852222        455.17658981492769        216.97097423911987        252.57260061573530     
          13           4   25.511709794472832        469.29053059423455        210.79199826669350        239.53946328673774     
          14           4   30.326759563449368        462.06025550444355        204.82059316325646        265.25125064685892     
          15           4   22.584317085416803        521.20761553770978        205.95897941976637        235.71871529398996     
          16           4   28.658233305160092        517.46472466570253        220.02191037977968        263.03667293233099     
          17           4   24.861549350559791        487.73240041482632        207.60862428927567        249.80409846079900     
          18           4   26.966589356771859        509.96172768008108        204.04489225521297        249.21700207420918     
          19           4   24.049194612302205        520.38948845975665        212.91197674548718        253.05650243113706     
          20           4   29.932513052557887        457.91805706545580        195.37411241300399        233.90090125726883     
          21           4   21.113137986773530        476.38208098958455        191.51595753403950        242.65747927085815     
          22           4   25.141395904203399        493.71929325344234        202.37031422639504        246.42727917132240     
          23           4   22.812132261865010        479.56297153119237        178.10694154458679        267.31807365793850     
          24           4   27.628579339222664        485.88301970694727        199.04999661488367        256.02936190571882     
          25           4   19.918844587971012        543.59072121693691        193.90545716387626        246.99466459619501     
          26           4   20.608239803211340        496.85829822402110        182.71552967384503        256.59049428436884     
          27           4   24.228052845054190        474.38050414875062        208.46105165034277        248.60141960151483     
          28           4   21.300881714927822        505.71742795368709        222.84053330934486        247.51821305523387     
          29           4   24.644358022302040        495.35118171533270        209.98987691307568        277.34024399469888     
          30           4   27.207016930410802        507.29458214938586        188.47612631965251        246.01992961922210     
          31           4   26.879227815029225        512.93896557921346        225.58238326422372        249.38032013799636     
          32           4   23.534826400262567        507.96023770686753        185.76570628522060        258.14417862825007     
          33           4   26.032256156328145        492.47116703076267        191.11548096053727        241.17600290231445     
          34           4   27.904743212366242        551.05565212825445        212.19525181171275        260.01171626997717     
          35           4   26.237124611008021        518.01304230668802        201.05423574281133        241.66618019054414     
          36           4   22.184123477115456        499.76524350030627        221.62012510535607        244.91620791636163     
          37           4   26.308780706881496        478.21112844130823        229.19140521080971        260.98650289442816     
          38           4   23.905831058766633        466.44017138272875        181.72871875193900        262.67040195286819     
          39           4   29.467861596468978        536.37473714490579        206.79721358291548        245.51410912805414     
          40           4   21.687761227529766        530.42752981060107        218.39826671954214        259.40612011580532     
          41           4   28.930401461176544        497.84669453195716        197.66703460727766        244.56157186409953     
          42           4   32.477015716483166        524.40884242127402        201.85894183822481        255.62837062272675     
          43           4   28.272030475420415        500.06617895766817        192.57597172459597        250.66699616113098     
          44           4   24.257598191563780        501.90731625015434        200.57643117236771        252.05266171809424     
          45           4   26.468760229324861        504.32219380114827        194.27647283315903        242.97227729218548     
          46           4   27.389370734825860        532.55243161936517        244.12738933019534        240.66581309114810     
          47           4   25.185402802623937        485.18038920010679        215.37208517482367        254.72769655113188     
          48           4   25.796864984766415        516.05669867536210        213.66916766297709        253.58701985594428     
          49           4   28.120971721326846        492.04742757473076        186.26321138091225        254.48502992339257     
          50           4   23.061096779696918        525.16271881167904        189.06602383550947        224.86015349675782     
