%eval_id  interface Ic1            Ic2            lambda         phi            lambda         phi            lambda         phi            lambda         phi            lambda         phi            
1        NO_ID     1500           500            -45.58666579   1.203656969    -158.4866658   1.493656969    -119.7666658   1.353656969    -22.78666579   1.233656969    -73.06666579   1.383656969    
2        NO_ID     1502.036941    500.678788     -44.25991671   1.203659965    -157.1599167   1.493659965    -118.4399167   1.353659965    -21.45991671   1.233659965    -71.73991671   1.383659965    
3        NO_ID     1508.147734    502.7151627    -40.27981134   1.203669145    -153.1798113   1.493669145    -114.4598113   1.353669145    -17.47981134   1.233669145    -67.75981134   1.383669145    
4        NO_ID     1532.590257    510.8608767    -24.36022834   1.203703411    -137.2602283   1.493703411    -98.54022834   1.353703411    -1.560228337   1.233703411    -51.84022834   1.383703411    
5        NO_ID     1626.022939    543.6082141    38.05069861    1.196850003    -74.84930139   1.486850003    -36.12930139   1.346850003    60.85069861    1.226850003    10.57069861    1.376850003    
6        NO_ID     1370.57742     629.7118091    2.822370796    0.5928231601   -110.0776292   0.8828231601   -71.3576292    0.7428231601   25.6223708     0.6228231601   -24.6576292    0.7728231601   
7        NO_ID     1600.895306    552.3573129    37.99255127    1.124296876    -74.90744873   1.414296876    -36.18744873   1.274296876    60.79255127    1.154296876    10.51255127    1.304296876    
8        NO_ID     1576.961357    561.504834     37.99466107    1.054928364    -74.90533893   1.344928364    -36.18533893   1.204928364    60.79466107    1.084928364    10.51466107    1.234928364    
9        NO_ID     1556.516944    571.7388723    39.49746669    0.9892941986   -73.40253331   1.279294199    -34.68253331   1.139294199    62.29746669    1.019294199    12.01746669    1.169294199    
10       NO_ID     1554.118429    571.0175903    37.99726044    0.9887134709   -74.90273956   1.278713471    -36.18273956   1.138713471    60.79726044    1.018713471    10.51726044    1.168713471    
11       NO_ID     1532.362559    580.8884004    38.0028476     0.9256310995   -74.8971524    1.215631099    -36.1771524    1.075631099    60.8028476     0.9556310995   10.5228476     1.105631099    
12       NO_ID     1511.672093    591.1071998    38.00921735    0.8656290102   -74.89078265   1.15562901     -36.17078265   1.01562901     60.80921735    0.8956290102   10.52921735    1.04562901     
13       NO_ID     1492.028126    601.6642397    38.01909517    0.8086422627   -74.88090483   1.098642263    -36.16090483   0.9586422627   60.81909517    0.8386422627   10.53909517    0.9886422627   
14       NO_ID     1473.399028    612.5451586    38.02964481    0.7545914019   -74.87035519   1.044591402    -36.15035519   0.9045914019   60.82964481    0.7845914019   10.54964481    0.9345914019   
15       NO_ID     1455.750711    623.7346044    38.03938301    0.7033846462   -74.86061699   0.9933846462   -36.14061699   0.8533846462   60.83938301    0.7333846462   10.55938301    0.8833846462   
16       NO_ID     1439.053768    635.218466     38.05172723    0.6549232979   -74.84827277   0.9449232979   -36.12827277   0.8049232979   60.85172723    0.6849232979   10.57172723    0.8349232979   
17       NO_ID     1423.267164    646.9789738    38.06455003    0.609097746    -74.83544997   0.899097746    -36.11544997   0.759097746    60.86455003    0.639097746    10.58455003    0.789097746    
18       NO_ID     1408.351206    658.9989112    38.0777424     0.5657935537   -74.8222576    0.8557935537   -36.1022576    0.7157935537   60.8777424     0.5957935537   10.5977424     0.7457935537   
19       NO_ID     1394.262361    671.2601785    38.08981156    0.5248907551   -74.81018844   0.8148907551   -36.09018844   0.6748907551   60.88981156    0.5548907551   10.60981156    0.7048907551   
20       NO_ID     1380.961516    683.7462958    38.10248129    0.4862695481   -74.79751871   0.7762695481   -36.07751871   0.6362695481   60.90248129    0.5162695481   10.62248129    0.6662695481   
21       NO_ID     1368.405218    696.4399131    38.11479676    0.4498078301   -74.78520324   0.7398078301   -36.06520324   0.5998078301   60.91479676    0.4798078301   10.63479676    0.6298078301   
22       NO_ID     1356.553764    709.3251743    38.12814432    0.415385818    -74.77185568   0.705385818    -36.05185568   0.565385818    60.92814432    0.445385818    10.64814432    0.595385818    
23       NO_ID     1345.366075    722.3863326    38.14221116    0.3828853266   -74.75778884   0.6728853266   -36.03778884   0.5328853266   60.94221116    0.4128853266   10.66221116    0.5628853266   
24       NO_ID     1334.797411    735.6072818    38.15374604    0.3521888511   -74.74625396   0.6421888511   -36.02625396   0.5021888511   60.95374604    0.3821888511   10.67374604    0.5321888511   
25       NO_ID     1324.813023    748.9750724    38.16513244    0.3231871166   -74.73486756   0.6131871166   -36.01486756   0.4731871166   60.96513244    0.3531871166   10.68513244    0.5031871166   
26       NO_ID     1315.37581     762.476647     38.17604543    0.2957736362   -74.72395457   0.5857736362   -36.00395457   0.4457736362   60.97604543    0.3257736362   10.69604543    0.4757736362   
27       NO_ID     1306.44983     776.0997678    38.1858567     0.2698466757   -74.7141433    0.5598466757   -35.9941433    0.4198466757   60.9858567     0.2998466757   10.7058567     0.4498466757   
28       NO_ID     1298.003542    789.8337447    38.19559208    0.2453111452   -74.70440792   0.5353111452   -35.98440792   0.3953111452   60.99559208    0.2753111452   10.71559208    0.4253111452   
29       NO_ID     1290.008306    803.6689912    38.20684975    0.2220780502   -74.69315025   0.5120780502   -35.97315025   0.3720780502   61.00684975    0.2520780502   10.72684975    0.4020780502   
30       NO_ID     1282.427611    817.5946613    38.21481505    0.2000589054   -74.68518495   0.4900589054   -35.96518495   0.3500589054   61.01481505    0.2300589054   10.73481505    0.3800589054   
31       NO_ID     1275.238507    831.6033229    38.22252366    0.1791763536   -74.67747634   0.4691763536   -35.95747634   0.3291763536   61.02252366    0.2091763536   10.74252366    0.3591763536   
32       NO_ID     1268.417089    845.687652     38.23113683    0.1593569893   -74.66886317   0.4493569893   -35.94886317   0.3093569893   61.03113683    0.1893569893   10.75113683    0.3393569893   
33       NO_ID     1261.935733    859.8399422    38.23810983    0.140529706    -74.66189017   0.430529706    -35.94189017   0.290529706    61.03810983    0.170529706    10.75810983    0.320529706    
34       NO_ID     1255.774451    874.054355     38.24498234    0.122631082    -74.65501766   0.412631082    -35.93501766   0.272631082    61.04498234    0.152631082    10.76498234    0.302631082    
35       NO_ID     1249.911997    888.3250937    38.25137804    0.1056009023   -74.64862196   0.3956009023   -35.92862196   0.2556009023   61.05137804    0.1356009023   10.77137804    0.2856009023   
36       NO_ID     1244.329146    902.6470172    38.25724011    0.08938346362  -74.64275989   0.3793834636   -35.92275989   0.2393834636   61.05724011    0.1193834636   10.77724011    0.2693834636   
37       NO_ID     1239.007962    917.0154699    38.26251362    0.07392705844  -74.63748638   0.3639270584   -35.91748638   0.2239270584   61.06251362    0.1039270584   10.78251362    0.2539270584   
38       NO_ID     1233.933097    931.4264657    38.26802567    0.05918423747  -74.63197433   0.3491842375   -35.91197433   0.2091842375   61.06802567    0.08918423747  10.78802567    0.2391842375   
39       NO_ID     1229.088261    945.8760589    38.27316343    0.04511010124  -74.62683657   0.3351101012   -35.90683657   0.1951101012   61.07316343    0.07511010124  10.79316343    0.2251101012   
40       NO_ID     1224.4582      960.360672     38.27708867    0.03166290094  -74.62291133   0.3216629009   -35.90291133   0.1816629009   61.07708867    0.06166290094  10.79708867    0.2116629009   
41       NO_ID     1220.032393    974.8776511    38.28184043    0.01880556033  -74.61815957   0.3088055603   -35.89815957   0.1688055603   61.08184043    0.04880556033  10.80184043    0.1988055603   
42       NO_ID     1215.796844    989.4239325    38.28608       0.006501812059 -74.61392      0.2965018121   -35.89392      0.1565018121   61.08608       0.03650181206  10.80608       0.1865018121   
43       NO_ID     1211.739862    1003.996953    38.28958346    -0.005281486689 -74.61041654   0.2847185133   -35.89041654   0.1447185133   61.08958346    0.02471851331  10.80958346    0.1747185133   
44       NO_ID     1207.851212    1018.594487    38.29255648    -0.01657478081 -74.60744352   0.2734252192   -35.88744352   0.1334252192   61.09255648    0.01342521919  10.81255648    0.1634252192   
45       NO_ID     1204.122709    1033.214705    38.29626864    -0.027405782   -74.60373136   0.262594218    -35.88373136   0.122594218    61.09626864    0.002594218003 10.81626864    0.152594218    
46       NO_ID     1200.543122    1047.855441    38.29904259    -0.03780183417 -74.60095741   0.2521981658   -35.88095741   0.1121981658   61.09904259    -0.007801834166 10.81904259    0.1421981658   
47       NO_ID     1197.104854    1062.515127    38.30161338    -0.04778718286 -74.59838662   0.2422128171   -35.87838662   0.1022128171   61.10161338    -0.01778718286 10.82161338    0.1322128171   
48       NO_ID     1193.801012    1077.192359    38.30465063    -0.05738419513 -74.59534937   0.2326158049   -35.87534937   0.09261580487  61.10465063    -0.02738419513 10.82465063    0.1226158049   
49       NO_ID     1190.622276    1091.885486    38.30679179    -0.06661509951 -74.59320821   0.2233849005   -35.87320821   0.08338490049  61.10679179    -0.03661509951 10.82679179    0.1133849005   
50       NO_ID     1187.5642      1106.593544    38.30971136    -0.07549866765 -74.59028864   0.2145013323   -35.87028864   0.07450133235  61.10971136    -0.04549866765 10.82971136    0.1045013323   
51       NO_ID     1184.617063    1121.314975    38.31093138    -0.08405479996 -74.58906862   0.2059452      -35.86906862   0.06594520004  61.11093138    -0.05405479996 10.83093138    0.09594520004  
52       NO_ID     1181.778029    1136.049105    38.31285988    -0.09229955911 -74.58714012   0.1977004409   -35.86714012   0.05770044089  61.11285988    -0.06229955911 10.83285988    0.08770044089  
53       NO_ID     1179.040484    1150.794855    38.31463331    -0.1002494435  -74.58536669   0.1897505565   -35.86536669   0.04975055648  61.11463331    -0.07024944352 10.83463331    0.07975055648  
54       NO_ID     1176.399753    1165.551412    38.31674419    -0.1079193912  -74.58325581   0.1820806088   -35.86325581   0.04208060879  61.11674419    -0.07791939121 10.83674419    0.07208060879  
55       NO_ID     1173.849792    1180.317856    38.31822445    -0.1153239554  -74.58177555   0.1746760446   -35.86177555   0.03467604457  61.11822445    -0.08532395543 10.83822445    0.06467604457  
56       NO_ID     1171.387548    1195.093617    38.32018909    -0.122475752   -74.57981091   0.167524248    -35.85981091   0.02752424803  61.12018909    -0.09247575197 10.84018909    0.05752424803  
57       NO_ID     1168.829453    1210.964913    38.31699213    -0.1298891611  -74.58300787   0.1601108389   -35.86300787   0.02011083887  61.11699213    -0.09988916113 10.83699213    0.05011083887  
58       NO_ID     1170.217581    1202.48834     38.34489571    -0.1259499644  -74.55510429   0.1640500356   -35.83510429   0.0240500356   61.14489571    -0.0959499644  10.86489571    0.0540500356   
59       NO_ID     1169.036793    1209.881972    38.34508522    -0.1293772574  -74.55491478   0.1606227426   -35.83491478   0.02062274258  61.14508522    -0.09937725742 10.86508522    0.05062274258  
60       NO_ID     1168.829714    1211.246289    38.3518344     -0.1299997642  -74.5481656    0.1600002358   -35.8281656    0.02000023582  61.1518344     -0.09999976418 10.8718344     0.05000023582  
61       NO_ID     1168.829815    1211.246995    38.35201314    -0.1300000164  -74.54798686   0.1599999836   -35.82798686   0.01999998355  61.15201314    -0.1000000164  10.87201314    0.04999998355  
