%eval_id  interface P              Au             E              Ao             Node_3_Disp_2  Node_2_Disp_2  
1        NO_ID     22.96451861    471.7936155    191.1254868    252.5775683    7.3661498      8.929430219    
2        NO_ID     23.78526738    509.3215807    188.4909192    241.3785792    7.645971745    9.406748976    
3        NO_ID     30.76666921    461.2172548    222.7099417    249.6144506    8.615019825    10.42941419    
4        NO_ID     21.95475299    516.1432682    176.7969606    258.5708211    7.205645118    8.805884477    
5        NO_ID     25.57013257    547.0046093    197.9764276    256.6500061    7.326962175    9.0251128      
6        NO_ID     25.92137717    513.2488169    195.8834353    227.4911979    8.258116064    10.24112587    
7        NO_ID     20.87352365    494.6894145    225.6607329    255.7281877    5.507807166    6.7053358      
8        NO_ID     26.50801723    501.6644478    211.0556358    243.0595335    7.634020674    9.367144605    
9        NO_ID     21.22076784    489.9533486    248.7914211    249.0853848    5.17330306     6.310922383    
10       NO_ID     21.48245213    473.1971824    200.5665661    233.7188587    6.830722845    8.362043747    
11       NO_ID     15.77288552    531.9262979    207.9900419    261.4883315    4.313229338    5.283189693    
12       NO_ID     18.93126904    537.7174284    217.9143565    253.9336648    4.995629613    6.148678028    
13       NO_ID     24.96253987    467.1742816    203.4776946    244.0267683    7.693069424    9.353856025    
14       NO_ID     20.68113639    504.5398748    212.7113878    240.1391892    5.933055731    7.295617302    
15       NO_ID     28.57562329    482.4256095    194.9178195    251.768281     8.9068318      10.83082805    
16       NO_ID     27.155604      469.4868612    174.2624399    253.0236026    9.567376868    11.5883298     
17       NO_ID     26.63744901    511.4530627    183.4819682    244.9186986    8.710433774    10.70299445    
18       NO_ID     25.24449893    525.5700287    185.5468729    263.4090351    7.75122173     9.472118762    
19       NO_ID     29.03544465    508.5320027    204.049883     236.1749798    8.73195759     10.76887509    
20       NO_ID     24.54544114    556.7145443    199.0205563    242.4657366    7.166360685    8.905598361    
21       NO_ID     22.22102568    485.0608899    202.2440632    244.1739987    6.766533199    8.264418759    
22       NO_ID     26.08257748    511.8773674    213.551667     262.6299523    7.056234488    8.598308547    
23       NO_ID     29.81809735    539.2953577    219.0438497    254.6958789    7.804709042    9.606048055    
24       NO_ID     22.75893007    491.4519051    209.4089028    257.472142     6.468566085    7.862150229    
25       NO_ID     24.54725861    518.8012197    200.8379633    234.7744233    7.45845316     9.226744388    
26       NO_ID     27.03548316    520.285039     205.0597219    251.9023523    7.729757233    9.48542737     
27       NO_ID     22.52103052    488.4344188    186.5636243    246.1918573    7.377837503    9.009624519    
28       NO_ID     22.35727306    480.251379     211.6089949    269.5823734    6.210965423    7.485301339    
29       NO_ID     25.08207812    497.2300323    196.7775112    245.5868829    7.735996       9.47027229     
30       NO_ID     26.31627246    506.9253365    191.8084684    275.8071847    7.763442862    9.392379667    
31       NO_ID     25.67981484    475.9034008    202.1194853    249.8308218    7.800799426    9.479056303    
32       NO_ID     25.44551657    486.8361232    182.1155437    251.1885772    8.462305733    10.30461049    
33       NO_ID     23.56551857    534.017057     196.1545329    248.1256147    7.018598982    8.65536065     
34       NO_ID     24.04968506    477.5836115    199.5204387    239.8621297    7.548734974    9.222326871    
35       NO_ID     27.55800484    506.2204113    210.242032     247.3784509    7.85892125     9.633141822    
36       NO_ID     28.21053666    499.671787     214.6457901    250.3370521    7.877292286    9.626608472    
37       NO_ID     27.87139579    487.0585454    193.4946086    265.9173136    8.467987288    10.24039071    
38       NO_ID     27.38462726    524.1472717    228.9477656    258.0456734    6.89853811     8.448373329    
39       NO_ID     28.25691408    495.2976435    207.0160368    247.04487      8.272900395    10.11551887    
40       NO_ID     26.87918704    452.4371078    188.9711908    259.8749771    8.773933944    10.54410781    
41       NO_ID     29.39774024    500.7771338    206.2125465    255.2974561    8.447181169    10.30124592    
42       NO_ID     19.91507276    522.2353285    216.8314596    265.2967268    5.228341735    6.37864961     
43       NO_ID     24.29206108    446.9172502    222.9201677    259.9736689    6.762165586    8.113720785    
44       NO_ID     24.10917778    497.6093618    209.0488465    232.375599     7.210546858    8.886727324    
45       NO_ID     33.42541231    515.5912842    231.0073284    246.7554357    8.614510737    10.58587537    
46       NO_ID     23.16273056    502.6679149    192.9549389    242.1850694    7.303958695    8.968197179    
47       NO_ID     23.37269654    457.150521     220.3523621    254.0773134    6.583534572    7.944049771    
48       NO_ID     23.7495621     493.0036986    215.4580327    238.837564     6.817960658    8.365926242    
49       NO_ID     25.77130408    528.5293375    205.2719533    248.4938324    7.362764368    9.066973163    
50       NO_ID     24.71649017    481.2339288    237.1558028    238.129103     6.529029373    7.990925327    
