Dakota version 6.14 released May 17 2021.
Repository revision 382229e53 (2021-05-12) built Nov  8 2021 17:11:24.
Running serial Dakota executable in serial mode.
Start time: Fri Aug 26 08:56:08 2022

-----------------------
Begin DAKOTA input file
dakota.in
-----------------------
environment 
 tabular_data 
 tabular_data_file = 'dakotaTab.out' 

method,
 sampling
 sample_type = lhs 
 samples = 50 
 seed = 949

variables 
 active uncertain 
  normal_uncertain = 2
    means = 25 500 
    std_deviations = 3 25 
    descriptors = 'P' 'Au' 
  lognormal_uncertain = 2
    means = 205 250 
    std_deviations = 15 10 
    descriptors = 'E' 'Ao' 



interface 
  analysis_driver = 'workflow_driver1'
  fork
   parameters_file = 'paramsDakota.in'
   results_file = 'results.out' 
   aprepro 
   work_directory
     named 'workdir' 
     directory_tag
     directory_save
     copy_files = 'templatedir/*' 
  asynchronous evaluation_concurrency = 12

responses
 response_functions = 2
 response_descriptors = 'Node_3_Disp_2' 'Node_2_Disp_2' 
 no_gradients
 no_hessians

---------------------
End DAKOTA input file
---------------------

Using Dakota input file 'dakota.in'
Writing new restart file 'dakota.rst'.

>>>>> Executing environment.

>>>>> Running random_sampling iterator.

NonD lhs Samples = 50 Seed (user-specified) = 949

---------------------
Begin Evaluation    1
---------------------
Parameters for evaluation 1:
                      2.2964518614e+01 P
                      4.7179361554e+02 Au
                      1.9112548685e+02 E
                      2.5257756830e+02 Ao

(Asynchronous job 1 added to queue)

---------------------
Begin Evaluation    2
---------------------
Parameters for evaluation 2:
                      2.3785267383e+01 P
                      5.0932158070e+02 Au
                      1.8849091923e+02 E
                      2.4137857917e+02 Ao

(Asynchronous job 2 added to queue)

---------------------
Begin Evaluation    3
---------------------
Parameters for evaluation 3:
                      3.0766669209e+01 P
                      4.6121725475e+02 Au
                      2.2270994169e+02 E
                      2.4961445064e+02 Ao

(Asynchronous job 3 added to queue)

---------------------
Begin Evaluation    4
---------------------
Parameters for evaluation 4:
                      2.1954752992e+01 P
                      5.1614326822e+02 Au
                      1.7679696061e+02 E
                      2.5857082114e+02 Ao

(Asynchronous job 4 added to queue)

---------------------
Begin Evaluation    5
---------------------
Parameters for evaluation 5:
                      2.5570132575e+01 P
                      5.4700460930e+02 Au
                      1.9797642759e+02 E
                      2.5665000615e+02 Ao

(Asynchronous job 5 added to queue)

---------------------
Begin Evaluation    6
---------------------
Parameters for evaluation 6:
                      2.5921377166e+01 P
                      5.1324881695e+02 Au
                      1.9588343534e+02 E
                      2.2749119788e+02 Ao

(Asynchronous job 6 added to queue)

---------------------
Begin Evaluation    7
---------------------
Parameters for evaluation 7:
                      2.0873523647e+01 P
                      4.9468941453e+02 Au
                      2.2566073288e+02 E
                      2.5572818771e+02 Ao

(Asynchronous job 7 added to queue)

---------------------
Begin Evaluation    8
---------------------
Parameters for evaluation 8:
                      2.6508017234e+01 P
                      5.0166444784e+02 Au
                      2.1105563581e+02 E
                      2.4305953350e+02 Ao

(Asynchronous job 8 added to queue)

---------------------
Begin Evaluation    9
---------------------
Parameters for evaluation 9:
                      2.1220767839e+01 P
                      4.8995334856e+02 Au
                      2.4879142108e+02 E
                      2.4908538478e+02 Ao

(Asynchronous job 9 added to queue)

---------------------
Begin Evaluation   10
---------------------
Parameters for evaluation 10:
                      2.1482452132e+01 P
                      4.7319718238e+02 Au
                      2.0056656611e+02 E
                      2.3371885865e+02 Ao

(Asynchronous job 10 added to queue)

---------------------
Begin Evaluation   11
---------------------
Parameters for evaluation 11:
                      1.5772885525e+01 P
                      5.3192629793e+02 Au
                      2.0799004188e+02 E
                      2.6148833146e+02 Ao

(Asynchronous job 11 added to queue)

---------------------
Begin Evaluation   12
---------------------
Parameters for evaluation 12:
                      1.8931269044e+01 P
                      5.3771742845e+02 Au
                      2.1791435646e+02 E
                      2.5393366478e+02 Ao

(Asynchronous job 12 added to queue)

---------------------
Begin Evaluation   13
---------------------
Parameters for evaluation 13:
                      2.4962539874e+01 P
                      4.6717428165e+02 Au
                      2.0347769464e+02 E
                      2.4402676832e+02 Ao

(Asynchronous job 13 added to queue)

---------------------
Begin Evaluation   14
---------------------
Parameters for evaluation 14:
                      2.0681136388e+01 P
                      5.0453987480e+02 Au
                      2.1271138783e+02 E
                      2.4013918920e+02 Ao

(Asynchronous job 14 added to queue)

---------------------
Begin Evaluation   15
---------------------
Parameters for evaluation 15:
                      2.8575623287e+01 P
                      4.8242560950e+02 Au
                      1.9491781952e+02 E
                      2.5176828104e+02 Ao

(Asynchronous job 15 added to queue)

---------------------
Begin Evaluation   16
---------------------
Parameters for evaluation 16:
                      2.7155603999e+01 P
                      4.6948686118e+02 Au
                      1.7426243993e+02 E
                      2.5302360257e+02 Ao

(Asynchronous job 16 added to queue)

---------------------
Begin Evaluation   17
---------------------
Parameters for evaluation 17:
                      2.6637449007e+01 P
                      5.1145306272e+02 Au
                      1.8348196818e+02 E
                      2.4491869863e+02 Ao

(Asynchronous job 17 added to queue)

---------------------
Begin Evaluation   18
---------------------
Parameters for evaluation 18:
                      2.5244498930e+01 P
                      5.2557002873e+02 Au
                      1.8554687287e+02 E
                      2.6340903508e+02 Ao

(Asynchronous job 18 added to queue)

---------------------
Begin Evaluation   19
---------------------
Parameters for evaluation 19:
                      2.9035444646e+01 P
                      5.0853200270e+02 Au
                      2.0404988303e+02 E
                      2.3617497977e+02 Ao

(Asynchronous job 19 added to queue)

---------------------
Begin Evaluation   20
---------------------
Parameters for evaluation 20:
                      2.4545441140e+01 P
                      5.5671454428e+02 Au
                      1.9902055634e+02 E
                      2.4246573662e+02 Ao

(Asynchronous job 20 added to queue)

---------------------
Begin Evaluation   21
---------------------
Parameters for evaluation 21:
                      2.2221025683e+01 P
                      4.8506088987e+02 Au
                      2.0224406325e+02 E
                      2.4417399873e+02 Ao

(Asynchronous job 21 added to queue)

---------------------
Begin Evaluation   22
---------------------
Parameters for evaluation 22:
                      2.6082577476e+01 P
                      5.1187736739e+02 Au
                      2.1355166699e+02 E
                      2.6262995231e+02 Ao

(Asynchronous job 22 added to queue)

---------------------
Begin Evaluation   23
---------------------
Parameters for evaluation 23:
                      2.9818097353e+01 P
                      5.3929535772e+02 Au
                      2.1904384971e+02 E
                      2.5469587890e+02 Ao

(Asynchronous job 23 added to queue)

---------------------
Begin Evaluation   24
---------------------
Parameters for evaluation 24:
                      2.2758930069e+01 P
                      4.9145190511e+02 Au
                      2.0940890278e+02 E
                      2.5747214195e+02 Ao

(Asynchronous job 24 added to queue)

---------------------
Begin Evaluation   25
---------------------
Parameters for evaluation 25:
                      2.4547258615e+01 P
                      5.1880121967e+02 Au
                      2.0083796331e+02 E
                      2.3477442334e+02 Ao

(Asynchronous job 25 added to queue)

---------------------
Begin Evaluation   26
---------------------
Parameters for evaluation 26:
                      2.7035483163e+01 P
                      5.2028503903e+02 Au
                      2.0505972193e+02 E
                      2.5190235226e+02 Ao

(Asynchronous job 26 added to queue)

---------------------
Begin Evaluation   27
---------------------
Parameters for evaluation 27:
                      2.2521030520e+01 P
                      4.8843441882e+02 Au
                      1.8656362432e+02 E
                      2.4619185726e+02 Ao

(Asynchronous job 27 added to queue)

---------------------
Begin Evaluation   28
---------------------
Parameters for evaluation 28:
                      2.2357273057e+01 P
                      4.8025137902e+02 Au
                      2.1160899486e+02 E
                      2.6958237339e+02 Ao

(Asynchronous job 28 added to queue)

---------------------
Begin Evaluation   29
---------------------
Parameters for evaluation 29:
                      2.5082078121e+01 P
                      4.9723003229e+02 Au
                      1.9677751124e+02 E
                      2.4558688294e+02 Ao

(Asynchronous job 29 added to queue)

---------------------
Begin Evaluation   30
---------------------
Parameters for evaluation 30:
                      2.6316272457e+01 P
                      5.0692533647e+02 Au
                      1.9180846844e+02 E
                      2.7580718473e+02 Ao

(Asynchronous job 30 added to queue)

---------------------
Begin Evaluation   31
---------------------
Parameters for evaluation 31:
                      2.5679814842e+01 P
                      4.7590340084e+02 Au
                      2.0211948529e+02 E
                      2.4983082185e+02 Ao

(Asynchronous job 31 added to queue)

---------------------
Begin Evaluation   32
---------------------
Parameters for evaluation 32:
                      2.5445516566e+01 P
                      4.8683612324e+02 Au
                      1.8211554366e+02 E
                      2.5118857722e+02 Ao

(Asynchronous job 32 added to queue)

---------------------
Begin Evaluation   33
---------------------
Parameters for evaluation 33:
                      2.3565518565e+01 P
                      5.3401705702e+02 Au
                      1.9615453293e+02 E
                      2.4812561472e+02 Ao

(Asynchronous job 33 added to queue)

---------------------
Begin Evaluation   34
---------------------
Parameters for evaluation 34:
                      2.4049685063e+01 P
                      4.7758361153e+02 Au
                      1.9952043869e+02 E
                      2.3986212974e+02 Ao

(Asynchronous job 34 added to queue)

---------------------
Begin Evaluation   35
---------------------
Parameters for evaluation 35:
                      2.7558004836e+01 P
                      5.0622041129e+02 Au
                      2.1024203204e+02 E
                      2.4737845092e+02 Ao

(Asynchronous job 35 added to queue)

---------------------
Begin Evaluation   36
---------------------
Parameters for evaluation 36:
                      2.8210536656e+01 P
                      4.9967178696e+02 Au
                      2.1464579014e+02 E
                      2.5033705212e+02 Ao

(Asynchronous job 36 added to queue)

---------------------
Begin Evaluation   37
---------------------
Parameters for evaluation 37:
                      2.7871395786e+01 P
                      4.8705854539e+02 Au
                      1.9349460863e+02 E
                      2.6591731363e+02 Ao

(Asynchronous job 37 added to queue)

---------------------
Begin Evaluation   38
---------------------
Parameters for evaluation 38:
                      2.7384627263e+01 P
                      5.2414727174e+02 Au
                      2.2894776557e+02 E
                      2.5804567343e+02 Ao

(Asynchronous job 38 added to queue)

---------------------
Begin Evaluation   39
---------------------
Parameters for evaluation 39:
                      2.8256914077e+01 P
                      4.9529764347e+02 Au
                      2.0701603677e+02 E
                      2.4704487002e+02 Ao

(Asynchronous job 39 added to queue)

---------------------
Begin Evaluation   40
---------------------
Parameters for evaluation 40:
                      2.6879187037e+01 P
                      4.5243710778e+02 Au
                      1.8897119078e+02 E
                      2.5987497708e+02 Ao

(Asynchronous job 40 added to queue)

---------------------
Begin Evaluation   41
---------------------
Parameters for evaluation 41:
                      2.9397740236e+01 P
                      5.0077713384e+02 Au
                      2.0621254650e+02 E
                      2.5529745609e+02 Ao

(Asynchronous job 41 added to queue)

---------------------
Begin Evaluation   42
---------------------
Parameters for evaluation 42:
                      1.9915072759e+01 P
                      5.2223532849e+02 Au
                      2.1683145964e+02 E
                      2.6529672677e+02 Ao

(Asynchronous job 42 added to queue)

---------------------
Begin Evaluation   43
---------------------
Parameters for evaluation 43:
                      2.4292061080e+01 P
                      4.4691725024e+02 Au
                      2.2292016768e+02 E
                      2.5997366891e+02 Ao

(Asynchronous job 43 added to queue)

---------------------
Begin Evaluation   44
---------------------
Parameters for evaluation 44:
                      2.4109177780e+01 P
                      4.9760936184e+02 Au
                      2.0904884649e+02 E
                      2.3237559900e+02 Ao

(Asynchronous job 44 added to queue)

---------------------
Begin Evaluation   45
---------------------
Parameters for evaluation 45:
                      3.3425412308e+01 P
                      5.1559128416e+02 Au
                      2.3100732835e+02 E
                      2.4675543565e+02 Ao

(Asynchronous job 45 added to queue)

---------------------
Begin Evaluation   46
---------------------
Parameters for evaluation 46:
                      2.3162730560e+01 P
                      5.0266791493e+02 Au
                      1.9295493893e+02 E
                      2.4218506936e+02 Ao

(Asynchronous job 46 added to queue)

---------------------
Begin Evaluation   47
---------------------
Parameters for evaluation 47:
                      2.3372696540e+01 P
                      4.5715052100e+02 Au
                      2.2035236209e+02 E
                      2.5407731341e+02 Ao

(Asynchronous job 47 added to queue)

---------------------
Begin Evaluation   48
---------------------
Parameters for evaluation 48:
                      2.3749562101e+01 P
                      4.9300369859e+02 Au
                      2.1545803274e+02 E
                      2.3883756396e+02 Ao

(Asynchronous job 48 added to queue)

---------------------
Begin Evaluation   49
---------------------
Parameters for evaluation 49:
                      2.5771304084e+01 P
                      5.2852933750e+02 Au
                      2.0527195333e+02 E
                      2.4849383241e+02 Ao

(Asynchronous job 49 added to queue)

---------------------
Begin Evaluation   50
---------------------
Parameters for evaluation 50:
                      2.4716490172e+01 P
                      4.8123392877e+02 Au
                      2.3715580283e+02 E
                      2.3812910303e+02 Ao

(Asynchronous job 50 added to queue)

Blocking synchronize of 50 asynchronous evaluations
First pass: initiating 12 local asynchronous jobs
Initiating evaluation 1
nonblocking fork: workflow_driver1 paramsDakota.in results.out
Initiating evaluation 2
nonblocking fork: workflow_driver1 paramsDakota.in results.out
Initiating evaluation 3
nonblocking fork: workflow_driver1 paramsDakota.in results.out
Initiating evaluation 4
nonblocking fork: workflow_driver1 paramsDakota.in results.out
Initiating evaluation 5
nonblocking fork: workflow_driver1 paramsDakota.in results.out
Initiating evaluation 6
nonblocking fork: workflow_driver1 paramsDakota.in results.out
Initiating evaluation 7
nonblocking fork: workflow_driver1 paramsDakota.in results.out
Initiating evaluation 8
nonblocking fork: workflow_driver1 paramsDakota.in results.out
Initiating evaluation 9
nonblocking fork: workflow_driver1 paramsDakota.in results.out
Initiating evaluation 10
nonblocking fork: workflow_driver1 paramsDakota.in results.out
Initiating evaluation 11
nonblocking fork: workflow_driver1 paramsDakota.in results.out
Initiating evaluation 12
nonblocking fork: workflow_driver1 paramsDakota.in results.out
Second pass: scheduling 38 remaining local asynchronous jobs
Waiting on completed jobs
Evaluation 1 has completed
Evaluation 2 has completed
Evaluation 3 has completed
Evaluation 4 has completed
Evaluation 5 has completed
Evaluation 6 has completed
Evaluation 7 has completed
Evaluation 8 has completed
Initiating evaluation 13
nonblocking fork: workflow_driver1 paramsDakota.in results.out
Initiating evaluation 14
nonblocking fork: workflow_driver1 paramsDakota.in results.out
Initiating evaluation 15
nonblocking fork: workflow_driver1 paramsDakota.in results.out
Initiating evaluation 16
nonblocking fork: workflow_driver1 paramsDakota.in results.out
Initiating evaluation 17
nonblocking fork: workflow_driver1 paramsDakota.in results.out
Initiating evaluation 18
nonblocking fork: workflow_driver1 paramsDakota.in results.out
Initiating evaluation 19
nonblocking fork: workflow_driver1 paramsDakota.in results.out
Initiating evaluation 20
nonblocking fork: workflow_driver1 paramsDakota.in results.out
Waiting on completed jobs
Evaluation 9 has completed
Evaluation 10 has completed
Evaluation 11 has completed
Evaluation 12 has completed
Evaluation 13 has completed
Evaluation 14 has completed
Evaluation 15 has completed
Evaluation 16 has completed
Initiating evaluation 21
nonblocking fork: workflow_driver1 paramsDakota.in results.out
Initiating evaluation 22
nonblocking fork: workflow_driver1 paramsDakota.in results.out
Initiating evaluation 23
nonblocking fork: workflow_driver1 paramsDakota.in results.out
Initiating evaluation 24
nonblocking fork: workflow_driver1 paramsDakota.in results.out
Initiating evaluation 25
nonblocking fork: workflow_driver1 paramsDakota.in results.out
Initiating evaluation 26
nonblocking fork: workflow_driver1 paramsDakota.in results.out
Initiating evaluation 27
nonblocking fork: workflow_driver1 paramsDakota.in results.out
Initiating evaluation 28
nonblocking fork: workflow_driver1 paramsDakota.in results.out
Waiting on completed jobs
Evaluation 17 has completed
Evaluation 18 has completed
Evaluation 19 has completed
Evaluation 20 has completed
Evaluation 21 has completed
Evaluation 22 has completed
Evaluation 23 has completed
Initiating evaluation 29
nonblocking fork: workflow_driver1 paramsDakota.in results.out
Initiating evaluation 30
nonblocking fork: workflow_driver1 paramsDakota.in results.out
Initiating evaluation 31
nonblocking fork: workflow_driver1 paramsDakota.in results.out
Initiating evaluation 32
nonblocking fork: workflow_driver1 paramsDakota.in results.out
Initiating evaluation 33
nonblocking fork: workflow_driver1 paramsDakota.in results.out
Initiating evaluation 34
nonblocking fork: workflow_driver1 paramsDakota.in results.out
Initiating evaluation 35
nonblocking fork: workflow_driver1 paramsDakota.in results.out
Waiting on completed jobs
Evaluation 24 has completed
Evaluation 25 has completed
Evaluation 26 has completed
Evaluation 27 has completed
Evaluation 28 has completed
Evaluation 29 has completed
Evaluation 30 has completed
Initiating evaluation 36
nonblocking fork: workflow_driver1 paramsDakota.in results.out
Initiating evaluation 37
nonblocking fork: workflow_driver1 paramsDakota.in results.out
Initiating evaluation 38
nonblocking fork: workflow_driver1 paramsDakota.in results.out
Initiating evaluation 39
nonblocking fork: workflow_driver1 paramsDakota.in results.out
Initiating evaluation 40
nonblocking fork: workflow_driver1 paramsDakota.in results.out
Initiating evaluation 41
nonblocking fork: workflow_driver1 paramsDakota.in results.out
Initiating evaluation 42
nonblocking fork: workflow_driver1 paramsDakota.in results.out
Waiting on completed jobs
Evaluation 31 has completed
Evaluation 32 has completed
Evaluation 33 has completed
Evaluation 34 has completed
Evaluation 35 has completed
Evaluation 36 has completed
Evaluation 37 has completed
Evaluation 38 has completed
Initiating evaluation 43
nonblocking fork: workflow_driver1 paramsDakota.in results.out
Initiating evaluation 44
nonblocking fork: workflow_driver1 paramsDakota.in results.out
Initiating evaluation 45
nonblocking fork: workflow_driver1 paramsDakota.in results.out
Initiating evaluation 46
nonblocking fork: workflow_driver1 paramsDakota.in results.out
Initiating evaluation 47
nonblocking fork: workflow_driver1 paramsDakota.in results.out
Initiating evaluation 48
nonblocking fork: workflow_driver1 paramsDakota.in results.out
Initiating evaluation 49
nonblocking fork: workflow_driver1 paramsDakota.in results.out
Initiating evaluation 50
nonblocking fork: workflow_driver1 paramsDakota.in results.out
Waiting on completed jobs
Evaluation 39 has completed
Evaluation 40 has completed
Evaluation 41 has completed
Evaluation 42 has completed
Evaluation 43 has completed
Evaluation 44 has completed
Evaluation 45 has completed
Evaluation 46 has completed
Waiting on completed jobs
Evaluation 47 has completed
Waiting on completed jobs
Evaluation 48 has completed
Waiting on completed jobs
Evaluation 49 has completed
Waiting on completed jobs
Evaluation 50 has completed

Active response data for evaluation 1:
Active set vector = { 1 1 }
                      7.3661498000e+00 Node_3_Disp_2
                      8.9294302193e+00 Node_2_Disp_2


Active response data for evaluation 2:
Active set vector = { 1 1 }
                      7.6459717454e+00 Node_3_Disp_2
                      9.4067489763e+00 Node_2_Disp_2


Active response data for evaluation 3:
Active set vector = { 1 1 }
                      8.6150198245e+00 Node_3_Disp_2
                      1.0429414191e+01 Node_2_Disp_2


Active response data for evaluation 4:
Active set vector = { 1 1 }
                      7.2056451183e+00 Node_3_Disp_2
                      8.8058844775e+00 Node_2_Disp_2


Active response data for evaluation 5:
Active set vector = { 1 1 }
                      7.3269621749e+00 Node_3_Disp_2
                      9.0251127998e+00 Node_2_Disp_2


Active response data for evaluation 6:
Active set vector = { 1 1 }
                      8.2581160637e+00 Node_3_Disp_2
                      1.0241125868e+01 Node_2_Disp_2


Active response data for evaluation 7:
Active set vector = { 1 1 }
                      5.5078071661e+00 Node_3_Disp_2
                      6.7053358003e+00 Node_2_Disp_2


Active response data for evaluation 8:
Active set vector = { 1 1 }
                      7.6340206739e+00 Node_3_Disp_2
                      9.3671446051e+00 Node_2_Disp_2


Active response data for evaluation 9:
Active set vector = { 1 1 }
                      5.1733030595e+00 Node_3_Disp_2
                      6.3109223826e+00 Node_2_Disp_2


Active response data for evaluation 10:
Active set vector = { 1 1 }
                      6.8307228447e+00 Node_3_Disp_2
                      8.3620437469e+00 Node_2_Disp_2


Active response data for evaluation 11:
Active set vector = { 1 1 }
                      4.3132293376e+00 Node_3_Disp_2
                      5.2831896930e+00 Node_2_Disp_2


Active response data for evaluation 12:
Active set vector = { 1 1 }
                      4.9956296133e+00 Node_3_Disp_2
                      6.1486780283e+00 Node_2_Disp_2


Active response data for evaluation 13:
Active set vector = { 1 1 }
                      7.6930694244e+00 Node_3_Disp_2
                      9.3538560251e+00 Node_2_Disp_2


Active response data for evaluation 14:
Active set vector = { 1 1 }
                      5.9330557306e+00 Node_3_Disp_2
                      7.2956173020e+00 Node_2_Disp_2


Active response data for evaluation 15:
Active set vector = { 1 1 }
                      8.9068318000e+00 Node_3_Disp_2
                      1.0830828047e+01 Node_2_Disp_2


Active response data for evaluation 16:
Active set vector = { 1 1 }
                      9.5673768683e+00 Node_3_Disp_2
                      1.1588329799e+01 Node_2_Disp_2


Active response data for evaluation 17:
Active set vector = { 1 1 }
                      8.7104337740e+00 Node_3_Disp_2
                      1.0702994447e+01 Node_2_Disp_2


Active response data for evaluation 18:
Active set vector = { 1 1 }
                      7.7512217296e+00 Node_3_Disp_2
                      9.4721187616e+00 Node_2_Disp_2


Active response data for evaluation 19:
Active set vector = { 1 1 }
                      8.7319575895e+00 Node_3_Disp_2
                      1.0768875094e+01 Node_2_Disp_2


Active response data for evaluation 20:
Active set vector = { 1 1 }
                      7.1663606851e+00 Node_3_Disp_2
                      8.9055983606e+00 Node_2_Disp_2


Active response data for evaluation 21:
Active set vector = { 1 1 }
                      6.7665331990e+00 Node_3_Disp_2
                      8.2644187586e+00 Node_2_Disp_2


Active response data for evaluation 22:
Active set vector = { 1 1 }
                      7.0562344879e+00 Node_3_Disp_2
                      8.5983085466e+00 Node_2_Disp_2


Active response data for evaluation 23:
Active set vector = { 1 1 }
                      7.8047090424e+00 Node_3_Disp_2
                      9.6060480554e+00 Node_2_Disp_2


Active response data for evaluation 24:
Active set vector = { 1 1 }
                      6.4685660847e+00 Node_3_Disp_2
                      7.8621502289e+00 Node_2_Disp_2


Active response data for evaluation 25:
Active set vector = { 1 1 }
                      7.4584531604e+00 Node_3_Disp_2
                      9.2267443875e+00 Node_2_Disp_2


Active response data for evaluation 26:
Active set vector = { 1 1 }
                      7.7297572333e+00 Node_3_Disp_2
                      9.4854273699e+00 Node_2_Disp_2


Active response data for evaluation 27:
Active set vector = { 1 1 }
                      7.3778375031e+00 Node_3_Disp_2
                      9.0096245188e+00 Node_2_Disp_2


Active response data for evaluation 28:
Active set vector = { 1 1 }
                      6.2109654234e+00 Node_3_Disp_2
                      7.4853013394e+00 Node_2_Disp_2


Active response data for evaluation 29:
Active set vector = { 1 1 }
                      7.7359960001e+00 Node_3_Disp_2
                      9.4702722900e+00 Node_2_Disp_2


Active response data for evaluation 30:
Active set vector = { 1 1 }
                      7.7634428615e+00 Node_3_Disp_2
                      9.3923796666e+00 Node_2_Disp_2


Active response data for evaluation 31:
Active set vector = { 1 1 }
                      7.8007994261e+00 Node_3_Disp_2
                      9.4790563029e+00 Node_2_Disp_2


Active response data for evaluation 32:
Active set vector = { 1 1 }
                      8.4623057332e+00 Node_3_Disp_2
                      1.0304610489e+01 Node_2_Disp_2


Active response data for evaluation 33:
Active set vector = { 1 1 }
                      7.0185989815e+00 Node_3_Disp_2
                      8.6553606503e+00 Node_2_Disp_2


Active response data for evaluation 34:
Active set vector = { 1 1 }
                      7.5487349737e+00 Node_3_Disp_2
                      9.2223268712e+00 Node_2_Disp_2


Active response data for evaluation 35:
Active set vector = { 1 1 }
                      7.8589212500e+00 Node_3_Disp_2
                      9.6331418218e+00 Node_2_Disp_2


Active response data for evaluation 36:
Active set vector = { 1 1 }
                      7.8772922859e+00 Node_3_Disp_2
                      9.6266084721e+00 Node_2_Disp_2


Active response data for evaluation 37:
Active set vector = { 1 1 }
                      8.4679872880e+00 Node_3_Disp_2
                      1.0240390713e+01 Node_2_Disp_2


Active response data for evaluation 38:
Active set vector = { 1 1 }
                      6.8985381104e+00 Node_3_Disp_2
                      8.4483733288e+00 Node_2_Disp_2


Active response data for evaluation 39:
Active set vector = { 1 1 }
                      8.2729003947e+00 Node_3_Disp_2
                      1.0115518869e+01 Node_2_Disp_2


Active response data for evaluation 40:
Active set vector = { 1 1 }
                      8.7739339443e+00 Node_3_Disp_2
                      1.0544107808e+01 Node_2_Disp_2


Active response data for evaluation 41:
Active set vector = { 1 1 }
                      8.4471811686e+00 Node_3_Disp_2
                      1.0301245920e+01 Node_2_Disp_2


Active response data for evaluation 42:
Active set vector = { 1 1 }
                      5.2283417346e+00 Node_3_Disp_2
                      6.3786496103e+00 Node_2_Disp_2


Active response data for evaluation 43:
Active set vector = { 1 1 }
                      6.7621655862e+00 Node_3_Disp_2
                      8.1137207848e+00 Node_2_Disp_2


Active response data for evaluation 44:
Active set vector = { 1 1 }
                      7.2105468580e+00 Node_3_Disp_2
                      8.8867273243e+00 Node_2_Disp_2


Active response data for evaluation 45:
Active set vector = { 1 1 }
                      8.6145107372e+00 Node_3_Disp_2
                      1.0585875373e+01 Node_2_Disp_2


Active response data for evaluation 46:
Active set vector = { 1 1 }
                      7.3039586948e+00 Node_3_Disp_2
                      8.9681971792e+00 Node_2_Disp_2


Active response data for evaluation 47:
Active set vector = { 1 1 }
                      6.5835345723e+00 Node_3_Disp_2
                      7.9440497707e+00 Node_2_Disp_2


Active response data for evaluation 48:
Active set vector = { 1 1 }
                      6.8179606576e+00 Node_3_Disp_2
                      8.3659262417e+00 Node_2_Disp_2


Active response data for evaluation 49:
Active set vector = { 1 1 }
                      7.3627643677e+00 Node_3_Disp_2
                      9.0669731630e+00 Node_2_Disp_2


Active response data for evaluation 50:
Active set vector = { 1 1 }
                      6.5290293733e+00 Node_3_Disp_2
                      7.9909253271e+00 Node_2_Disp_2

<<<<< Function evaluation summary: 50 total (50 new, 0 duplicate)
-----------------------------------------------------------------------------
Statistics based on 50 samples:

Sample moment statistics for each response function:
                            Mean           Std Dev          Skewness          Kurtosis
 Node_3_Disp_2  7.3509077231e+00  1.0885560576e+00 -6.7559684129e-01  5.9185480599e-01
 Node_2_Disp_2  8.9841141962e+00  1.3264182056e+00 -7.1401403709e-01  5.4367851120e-01

95% confidence intervals for each response function:
                    LowerCI_Mean      UpperCI_Mean    LowerCI_StdDev    UpperCI_StdDev
 Node_3_Disp_2  7.0415435145e+00  7.6602719318e+00  9.0930789708e-01  1.3564860178e+00
 Node_2_Disp_2  8.6071503131e+00  9.3610780793e+00  1.1080022390e+00  1.6528939754e+00

Simple Correlation Matrix among all inputs and outputs:
                        P           Au            E           Ao Node_3_Disp_2 Node_2_Disp_2 
           P  1.00000e+00 
          Au -6.14378e-02  1.00000e+00 
           E -9.79711e-03 -2.34324e-02  1.00000e+00 
          Ao -4.78583e-02  1.60111e-02 -1.72308e-02  1.00000e+00 
Node_3_Disp_2  8.40489e-01 -2.09699e-01 -5.00062e-01 -1.58687e-01  1.00000e+00 
Node_2_Disp_2  8.41951e-01 -1.69361e-01 -5.00160e-01 -1.92724e-01  9.98556e-01  1.00000e+00 

Partial Correlation Matrix between input and output:
             Node_3_Disp_2 Node_2_Disp_2 
           P  9.94792e-01  9.94987e-01 
          Au -8.95789e-01 -8.40490e-01 
           E -9.86169e-01 -9.86590e-01 
          Ao -8.31354e-01 -8.88867e-01 

Simple Rank Correlation Matrix among all inputs and outputs:
                        P           Au            E           Ao Node_3_Disp_2 Node_2_Disp_2 
           P  1.00000e+00 
          Au  2.25210e-02  1.00000e+00 
           E -3.42377e-02  5.33013e-03  1.00000e+00 
          Ao  2.49220e-02  5.27731e-02  4.25930e-02  1.00000e+00 
Node_3_Disp_2  8.43073e-01 -1.29508e-01 -4.65258e-01 -9.06122e-02  1.00000e+00 
Node_2_Disp_2  8.51813e-01 -7.70708e-02 -4.50276e-01 -1.25474e-01  9.94622e-01  1.00000e+00 

Partial Rank Correlation Matrix between input and output:
             Node_3_Disp_2 Node_2_Disp_2 
           P  9.53032e-01  9.52293e-01 
          Au -4.70883e-01 -3.07413e-01 
           E -8.52568e-01 -8.38482e-01 
          Ao -3.06772e-01 -4.17249e-01 

-----------------------------------------------------------------------------

<<<<< Iterator random_sampling completed.
<<<<< Environment execution completed.
DAKOTA execution time in seconds:
  Total CPU        =   0.640194 [parent =   0.640192, child =      2e-06]
  Total wall clock =    5.07978
