1

                                             * * * * * * * * *  L H S  * * * * * * * * *

                                             LATIN HYPERCUBE AND RANDOM SAMPLING PROGRAM

                                             * * * * * * * * * * * * * * * * * * * * * *


    Run on  8/26/22 at  8:56: 8.70 with LHS Version: 2.30 Release 1, Compiled May 31, 2001        


0    Pecos::LHSDriver

    Random Seed =         949

    Number of Variables =   4

    Number of Observations =   50
0   The sample was written to the file: LHS_samples.out
0   Input was read from the file: 
0   The sample input vectors will be printed along with their corresponding ranks.
0   Histograms of the actual sample will be plotted for each input variable.
0   The correlation matrices (raw data and rank correlations) will be printed.
1

    Pecos::LHSDriver                                                                                                             

    VARIABLE  DISTRIBUTION          RANGE            LABEL
0       1     NORMAL WITH THE PARAMETERS BELOW                                                       
                           MU =   25.0                   SIGMA =   3.00    
0       2     NORMAL WITH THE PARAMETERS BELOW                                                       
                           MU =   500.                   SIGMA =   25.0    
0       3     LOGNORMAL-N WITH THE PARAMETERS BELOW                                                       
                           MU =   5.32                   SIGMA =  7.307E-02
0       4     LOGNORMAL-N WITH THE PARAMETERS BELOW                                                       
                           MU =   5.52                   SIGMA =  3.998E-02
1Pecos::LHSDriver                                                                                                             
0LATIN HYPERCUBE SAMPLE INPUT VECTORS

 RUN NO. X(1)      X(2)      X(3)      X(4)
0    1  23.0      472.      191.      253.    
0    2  23.8      509.      188.      241.    
0    3  30.8      461.      223.      250.    
0    4  22.0      516.      177.      259.    
0    5  25.6      547.      198.      257.    
0    6  25.9      513.      196.      227.    
0    7  20.9      495.      226.      256.    
0    8  26.5      502.      211.      243.    
0    9  21.2      490.      249.      249.    
0   10  21.5      473.      201.      234.    
0   11  15.8      532.      208.      261.    
0   12  18.9      538.      218.      254.    
0   13  25.0      467.      203.      244.    
0   14  20.7      505.      213.      240.    
0   15  28.6      482.      195.      252.    
0   16  27.2      469.      174.      253.    
0   17  26.6      511.      183.      245.    
0   18  25.2      526.      186.      263.    
0   19  29.0      509.      204.      236.    
0   20  24.5      557.      199.      242.    
0   21  22.2      485.      202.      244.    
0   22  26.1      512.      214.      263.    
0   23  29.8      539.      219.      255.    
0   24  22.8      491.      209.      257.    
0   25  24.5      519.      201.      235.    
0   26  27.0      520.      205.      252.    
0   27  22.5      488.      187.      246.    
0   28  22.4      480.      212.      270.    
0   29  25.1      497.      197.      246.    
0   30  26.3      507.      192.      276.    
0   31  25.7      476.      202.      250.    
0   32  25.4      487.      182.      251.    
0   33  23.6      534.      196.      248.    
0   34  24.0      478.      200.      240.    
0   35  27.6      506.      210.      247.    
0   36  28.2      500.      215.      250.    
0   37  27.9      487.      193.      266.    
0   38  27.4      524.      229.      258.    
0   39  28.3      495.      207.      247.    
0   40  26.9      452.      189.      260.    
0   41  29.4      501.      206.      255.    
0   42  19.9      522.      217.      265.    
0   43  24.3      447.      223.      260.    
0   44  24.1      498.      209.      232.    
0   45  33.4      516.      231.      247.    
0   46  23.2      503.      193.      242.    
0   47  23.4      457.      220.      254.    
0   48  23.7      493.      215.      239.    
0   49  25.8      529.      205.      248.    
0   50  24.7      481.      237.      238.    
1Pecos::LHSDriver                                                                                                             
0RANKS OF LATIN HYPERCUBE SAMPLE INPUT VECTORS

 RUN NO.    X(1)      X(2)      X(3)      X(4)
0    1       13.        7.        9.       31.
0    2       18.       33.        7.       10.
0    3       49.        4.       44.       25.
0    4        8.       38.        2.       41.
0    5       29.       49.       17.       38.
0    6       32.       36.       14.        1.
0    7        5.       21.       46.       37.
0    8       35.       27.       34.       13.
0    9        6.       18.       50.       24.
0   10        7.        8.       20.        3.
0   11        1.       45.       30.       44.
0   12        2.       47.       41.       33.
0   13       25.        5.       24.       14.
0   14        4.       29.       36.        9.
0   15       45.       13.       13.       29.
0   16       39.        6.        1.       32.
0   17       36.       34.        4.       16.
0   18       27.       43.        5.       46.
0   19       46.       32.       25.        5.
0   20       22.       50.       18.       12.
0   21        9.       14.       23.       15.
0   22       33.       35.       37.       45.
0   23       48.       48.       42.       35.
0   24       12.       19.       32.       39.
0   25       23.       39.       21.        4.
0   26       38.       40.       26.       30.
0   27       11.       17.        6.       18.
0   28       10.       11.       35.       49.
0   29       26.       23.       16.       17.
0   30       34.       31.       10.       50.
0   31       30.        9.       22.       26.
0   32       28.       15.        3.       28.
0   33       16.       46.       15.       22.
0   34       19.       10.       19.        8.
0   35       41.       30.       33.       21.
0   36       43.       25.       38.       27.
0   37       42.       16.       12.       48.
0   38       40.       42.       47.       40.
0   39       44.       22.       29.       20.
0   40       37.        2.        8.       42.
0   41       47.       26.       28.       36.
0   42        3.       41.       40.       47.
0   43       21.        1.       45.       43.
0   44       20.       24.       31.        2.
0   45       50.       37.       48.       19.
0   46       14.       28.       11.       11.
0   47       15.        3.       43.       34.
0   48       17.       20.       39.        7.
0   49       31.       44.       27.       23.
0   50       24.       12.       49.        6.
1   Pecos::LHSDriver                                                                                                             
0  HISTOGRAM FOR VARIABLE NO.  1     NORMAL DISTRIBUTION

     Midpoint          Freq.

   1.5400000E+01         1    X
   1.6280000E+01         0
   1.7160000E+01         0
   1.8040000E+01         0
   1.8920000E+01         1    X
   1.9800000E+01         1    X
   2.0680000E+01         2    XX
   2.1560000E+01         3    XXX
   2.2439999E+01         4    XXXX
   2.3319999E+01         5    XXXXX
   2.4199999E+01         6    XXXXXX
   2.5079999E+01         5    XXXXX
   2.5959999E+01         6    XXXXXX
   2.6839999E+01         5    XXXXX
   2.7719999E+01         3    XXX
   2.8599999E+01         4    XXXX
   2.9479999E+01         2    XX
   3.0359999E+01         1    X
   3.1239999E+01         0
   3.2119999E+01         0
   3.2999999E+01         1    X
0                       50


      Min            Max           Range           Mean          Median        Variance

   1.5772886E+01  3.3425412E+01  1.7652527E+01  2.4962857E+01  2.5022309E+01  1.0062574E+01

1   Pecos::LHSDriver                                                                                                             
0  HISTOGRAM FOR VARIABLE NO.  2     NORMAL DISTRIBUTION

     Midpoint          Freq.

   4.4824999E+02         1    X
   4.5374999E+02         1    X
   4.5924999E+02         2    XX
   4.6474999E+02         1    X
   4.7024999E+02         2    XX
   4.7574999E+02         3    XXX
   4.8124999E+02         3    XXX
   4.8674999E+02         4    XXXX
   4.9224999E+02         4    XXXX
   4.9774999E+02         4    XXXX
   5.0324999E+02         4    XXXX
   5.0874999E+02         5    XXXXX
   5.1424999E+02         4    XXXX
   5.1974999E+02         3    XXX
   5.2524999E+02         2    XX
   5.3074999E+02         2    XX
   5.3624999E+02         2    XX
   5.4174999E+02         1    X
   5.4724999E+02         1    X
   5.5274999E+02         0
   5.5824999E+02         1    X
0                       50


      Min            Max           Range           Mean          Median        Variance

   4.4691725E+02  5.5671454E+02  1.0979729E+02  4.9996550E+02  5.0022446E+02  6.0339249E+02

1   Pecos::LHSDriver                                                                                                             
0  HISTOGRAM FOR VARIABLE NO.  3     LOGNORMAL-N DISTRIBUTION

     Midpoint          Freq.

   1.7575000E+02         2    XX
   1.7945000E+02         0
   1.8315000E+02         2    XX
   1.8685000E+02         3    XXX
   1.9055000E+02         3    XXX
   1.9425000E+02         4    XXXX
   1.9795000E+02         5    XXXXX
   2.0165000E+02         5    XXXXX
   2.0535000E+02         5    XXXXX
   2.0905000E+02         4    XXXX
   2.1275000E+02         4    XXXX
   2.1645000E+02         4    XXXX
   2.2015000E+02         2    XX
   2.2384999E+02         3    XXX
   2.2754999E+02         1    X
   2.3124999E+02         1    X
   2.3494999E+02         0
   2.3864999E+02         1    X
   2.4234999E+02         0
   2.4604999E+02         0
   2.4974999E+02         1    X
0                       50


      Min            Max           Range           Mean          Median        Variance

   1.7426244E+02  2.4879142E+02  7.4528981E+01  2.0519552E+02  2.0455480E+02  2.3229438E+02

1   Pecos::LHSDriver                                                                                                             
0  HISTOGRAM FOR VARIABLE NO.  4     LOGNORMAL-N DISTRIBUTION

     Midpoint          Freq.

   2.2679999E+02         1    X
   2.2919999E+02         0
   2.3159999E+02         1    X
   2.3399999E+02         2    XX
   2.3639999E+02         1    X
   2.3879999E+02         3    XXX
   2.4119999E+02         3    XXX
   2.4359999E+02         4    XXXX
   2.4599999E+02         5    XXXXX
   2.4839999E+02         4    XXXX
   2.5079999E+02         6    XXXXXX
   2.5319999E+02         4    XXXX
   2.5559999E+02         4    XXXX
   2.5799999E+02         3    XXX
   2.6039999E+02         3    XXX
   2.6279999E+02         2    XX
   2.6519999E+02         2    XX
   2.6759999E+02         0
   2.6999999E+02         1    X
   2.7239999E+02         0
   2.7479999E+02         1    X
0                       50


      Min            Max           Range           Mean          Median        Variance

   2.2749120E+02  2.7580718E+02  4.8315987E+01  2.5002134E+02  2.4972264E+02  9.9118645E+01

1Pecos::LHSDriver                                                                                                             
0CORRELATIONS AMONG INPUT VARIABLES CREATED BY THE LATIN HYPERCUBE SAMPLE FOR RAW DATA                              PAGE   1
0    1  1.0000
0    2 -0.0614  1.0000
0    3 -0.0098 -0.0234  1.0000
0    4 -0.0479  0.0160 -0.0172  1.0000
0            1       2       3       4
0VARIABLES
0THE VARIANCE INFLATION FACTOR FOR THIS MATRIX IS  1.01
1Pecos::LHSDriver                                                                                                             
0CORRELATIONS AMONG INPUT VARIABLES CREATED BY THE LATIN HYPERCUBE SAMPLE FOR RANK DATA                              PAGE   1
0    1  1.0000
0    2  0.0225  1.0000
0    3 -0.0342  0.0053  1.0000
0    4  0.0249  0.0528  0.0426  1.0000
0            1       2       3       4
0VARIABLES
0THE VARIANCE INFLATION FACTOR FOR THIS MATRIX IS  1.01
