 $ LHS File Format Version 1.00 
$
$ This LHS run was executed on  8/26/22 at  8:56: 8.70
$ with LHS Version: 2.30 Release 1, Compiled May 31, 2001        
$ The run title was:
$ Pecos::LHSDriver
$
$ Message output file for this run: LHS_distributions.out
$
$ Input file(s) for this run: 
$
$ Point Values for the distributions follow:
$
$ All point values represent mean values that
$ were calculated from the actual LHS sample.
$
    Normal1               2.4962857E+01
    Normal2               4.9996550E+02
    Lognormal3            2.0519552E+02
    Lognormal4            2.5002134E+02
$
@UNCERTAINTY
  @OBSERVATIONS     50
  @VARIABLES      4
    Normal1:           
    Normal2:           
    Lognormal3:        
    Lognormal4:        
@SAMPLEDATA
           1           4   22.964518613941895        471.79361553691911        191.12548684644463        252.57756829975710     
           2           4   23.785267382533366        509.32158070173386        188.49091922908539        241.37857917157348     
           3           4   30.766669208768995        461.21725475145718        222.70994168992308        249.61445063656276     
           4           4   21.954752992119005        516.14326822416319        176.79696061173411        258.57082113632384     
           5           4   25.570132574518777        547.00460929829728        197.97642758839217        256.65000614879227     
           6           4   25.921377166481495        513.24881694585451        195.88343533550483        227.49119787902839     
           7           4   20.873523646844269        494.68941452914879        225.66073287970428        255.72818771010412     
           8           4   26.508017233972719        501.66444783998048        211.05563581009400        243.05953350227389     
           9           4   21.220767839424816        489.95334856227049        248.79142108393924        249.08538477551465     
          10           4   21.482452132347078        473.19718237906972        200.56656611419550        233.71885865333502     
          11           4   15.772885524812267        531.92629792536502        207.99004187947426        261.48833146336017     
          12           4   18.931269043560153        537.71742844890332        217.91435646228470        253.93366478325729     
          13           4   24.962539873735924        467.17428164833609        203.47769464283024        244.02676832326526     
          14           4   20.681136387528269        504.53987479652943        212.71138782819295        240.13918920024972     
          15           4   28.575623287284905        482.42560949539177        194.91781952098844        251.76828104021985     
          16           4   27.155603999114575        469.48686118042542        174.26243993298601        253.02360257317042     
          17           4   26.637449007449796        511.45306272298831        183.48196818050212        244.91869863391884     
          18           4   25.244498929838748        525.57002873345482        185.54687286706769        263.40903507699392     
          19           4   29.035444646153312        508.53200269678558        204.04988303018973        236.17497977109534     
          20           4   24.545441139989087        556.71454427609308        199.02055634029253        242.46573661873197     
          21           4   22.221025682823967        485.06088986511895        202.24406324931459        244.17399872743243     
          22           4   26.082577475776667        511.87736739223732        213.55166699445445        262.62995231276693     
          23           4   29.818097353119793        539.29535771835936        219.04384970799609        254.69587890305039     
          24           4   22.758930068587627        491.45190510619506        209.40890278188465        257.47214195198688     
          25           4   24.547258614911733        518.80121966981744        200.83796330853789        234.77442334035553     
          26           4   27.035483162720418        520.28503902545856        205.05972193241396        251.90235225571826     
          27           4   22.521030519758348        488.43441881646345        186.56362432168572        246.19185725898927     
          28           4   22.357273056844750        480.25137901814821        211.60899486047674        269.58237338743612     
          29           4   25.082078120828296        497.23003228862842        196.77751124039429        245.58688293825500     
          30           4   26.316272456714781        506.92533647237138        191.80846844359738        275.80718472973018     
          31           4   25.679814842417702        475.90340083614609        202.11948528637171        249.83082184911231     
          32           4   25.445516566149163        486.83612324346882        182.11554366333542        251.18857722094444     
          33           4   23.565518565294482        534.01705702393417        196.15453292620506        248.12561471812802     
          34           4   24.049685062680641        477.58361152944985        199.52043869202680        239.86212974461631     
          35           4   27.558004835741233        506.22041128873349        210.24203203668156        247.37845092463019     
          36           4   28.210536656165058        499.67178696454511        214.64579014094346        250.33705212129874     
          37           4   27.871395785591016        487.05854538527848        193.49460863387290        265.91731363405580     
          38           4   27.384627263061962        524.14727174282780        228.94776556882655        258.04567342767228     
          39           4   28.256914076746398        495.29764346675552        207.01603676601098        247.04487002355819     
          40           4   26.879187036501641        452.43710777791466        188.97119077871781        259.87497707536431     
          41           4   29.397740236292108        500.77713383687910        206.21254649541140        255.29745608566955     
          42           4   19.915072758588224        522.23532849228468        216.83145963513661        265.29672676792086     
          43           4   24.292061079865125        446.91725023795232        222.92016768045488        259.97366891205797     
          44           4   24.109177780089102        497.60936184143253        209.04884648973871        232.37559899581026     
          45           4   33.425412307961452        515.59128415535520        231.00732835328370        246.75543565285088     
          46           4   23.162730560472887        502.66791493112470        192.95493892796085        242.18506936030508     
          47           4   23.372696539792372        457.15052100062195        220.35236209129422        254.07731340780234     
          48           4   23.749562100502636        493.00369858747968        215.45803273806661        238.83756395705268     
          49           4   25.771304083785608        528.52933750190971        205.27195332736662        248.49383240986728     
          50           4   24.716490172077389        481.23392877187399        237.15580283198898        238.12910303492063     
