%eval_id  interface Ic1            Ic2            lambda         phi            
1        NO_ID     1052.496823    1062.729113    954.395605     1.4122773      
2        NO_ID     1289.342451    1457.363771    1186.579574    1.361259042    
3        NO_ID     1123.143243    1555.295878    1057.814966    1.285142612    
4        NO_ID     1586.75417     1731.840579    1452.821124    1.377272601    
5        NO_ID     1052.496823    1062.729113    954.395605     1.4122773      
6        NO_ID     804.5626099    1046.530926    753.3828952    1.305516165    
7        NO_ID     1327.479019    1555.295878    1227.016635    1.34648903     
8        NO_ID     1667.496316    1684.263647    1510.244918    1.413787594    
9        NO_ID     1052.496823    1062.729113    954.395605     1.4122773      
10       NO_ID     1289.342451    1457.363771    1186.579574    1.361259042    
11       NO_ID     1238.206512    1747.015498    1168.055907    1.2794296      
12       NO_ID     1586.75417     1731.840579    1452.821124    1.377272601    
13       NO_ID     1422.213394    1281.842338    1266.170995    1.473885942    
14       NO_ID     545.0121278    721.4662275    511.5622506    1.298685857    
15       NO_ID     1123.143243    1555.295878    1057.814966    1.285142612    
16       NO_ID     1621.075294    1971.137132    1504.095866    1.332617388    
17       NO_ID     1277.726181    1148.497259    1137.359102    1.475059456    
18       NO_ID     1289.342451    1093.907536    1136.296533    1.509845025    
19       NO_ID     1123.143243    1266.512014    1033.669134    1.361809983    
20       NO_ID     1586.75417     502.9730665    1009.906839    2.856547862    
21       NO_ID     557.8153384    1266.214475    545.9790892    1.163366529    
22       NO_ID     1289.342451    1093.907536    1136.296533    1.509845025    
23       NO_ID     1414.606728    1266.512014    1258.019465    1.477724218    
24       NO_ID     1575.370226    1785.338509    1449.442233    1.360927379    
25       NO_ID     1277.726181    1148.497259    1137.359102    1.475059456    
26       NO_ID     1214.243668    1151.240929    1090.331898    1.445145165    
27       NO_ID     1123.143243    1266.512014    1033.669134    1.361809983    
28       NO_ID     1586.75417     1731.840579    1452.821124    1.377272601    
29       NO_ID     1277.726181    1148.497259    1137.359102    1.475059456    
30       NO_ID     1214.243668    1151.240929    1090.331898    1.445145165    
31       NO_ID     1335.45994     1266.512014    1198.932237    1.445328299    
32       NO_ID     1586.75417     1731.840579    1452.821124    1.377272601    
33       NO_ID     1502.95554     1374.561073    1341.055145    1.46576949     
34       NO_ID     1814.832962    1886.765762    1649.950043    1.400225241    
35       NO_ID     1123.143243    1266.512014    1033.669134    1.361809983    
36       NO_ID     1361.457823    1903.840759    1282.882594    1.282620694    
37       NO_ID     1176.583164    631.4259394    930.1053532    1.913118939    
38       NO_ID     1057.788633    1974.659214    1021.653198    1.203821864    
39       NO_ID     970.2680763    1666.97227     931.5781818    1.22321033     
40       NO_ID     1298.867565    1903.840759    1229.574338    1.267748578    
41       NO_ID     1188.447764    1261.462923    1084.960646    1.388810917    
42       NO_ID     1365.734948    1035.586469    1177.849727    1.586212467    
43       NO_ID     1185.356105    1263.823219    1082.803303    1.386744314    
44       NO_ID     1363.91294     1037.891891    1177.13736     1.583606673    
45       NO_ID     1127.999822    1264.075441    1037.304693    1.364490723    
46       NO_ID     1155.297702    1152.706778    1045.575988    1.418486631    
47       NO_ID     1185.356105    1339.55089     1091.084767    1.361063102    
48       NO_ID     1157.287767    1138.877071    1045.236471    1.425472593    
49       NO_ID     1044.989649    1246.055781    968.5030534    1.338681516    
50       NO_ID     1214.243668    1151.240929    1090.331898    1.445145165    
51       NO_ID     1184.56909     1391.47638     1095.586566    1.345048585    
52       NO_ID     1221.873192    1012.424697    1072.37724     1.524725547    
53       NO_ID     1058.625682    1306.756552    985.0643526    1.325340114    
54       NO_ID     1242.108238    1151.118395    1111.271811    1.457664352    
55       NO_ID     1213.026163    1269.829772    1105.236102    1.395332287    
56       NO_ID     1157.287767    1138.877071    1045.236471    1.425472593    
57       NO_ID     1127.999822    1264.075441    1037.304693    1.364490723    
58       NO_ID     1186.57259     1209.146156    1077.100227    1.408145123    
59       NO_ID     1198.797627    1330.653076    1100.900294    1.368806206    
60       NO_ID     1060.545023    1190.957808    975.6668476    1.363415387    
61       NO_ID     1070.601569    1126.348034    976.4251952    1.392604212    
62       NO_ID     1295.819846    1465.813449    1192.640895    1.360950124    
63       NO_ID     1184.323977    1392.524174    1095.487224    1.344661084    
64       NO_ID     1298.014893    1090.685617    1141.937436    1.51595386     
65       NO_ID     1099.545783    1195.799824    1007.263987    1.377539466    
66       NO_ID     1242.108238    1151.118395    1111.271811    1.457664352    
67       NO_ID     1198.797627    1330.653076    1100.900294    1.368806206    
68       NO_ID     1157.287767    1097.184586    1039.300952    1.445017688    
69       NO_ID     1107.833691    1170.907692    1010.945623    1.390558448    
70       NO_ID     1097.617122    1051.289518    987.3970172    1.439407118    
71       NO_ID     1227.253183    1303.96758     1120.452074    1.388451335    
72       NO_ID     1226.077104    1203.565961    1106.796915    1.426936305    
73       NO_ID     1161.990104    1344.278963    1072.757131    1.351205474    
74       NO_ID     1152.582309    1128.942634    1040.266444    1.427861998    
75       NO_ID     1241.480203    1338.105388    1135.600104    1.381955788    
76       NO_ID     1212.966062    1161.25542     1090.831178    1.439955458    
77       NO_ID     1161.990104    1344.278963    1072.757131    1.351205474    
78       NO_ID     1137.042772    1209.146156    1038.403843    1.387813971    
79       NO_ID     1229.537651    1403.754996    1133.104557    1.356873916    
80       NO_ID     1049.125802    1161.25542     963.3962334    1.369620597    
81       NO_ID     1269.609025    1597.039057    1183.38657     1.318869864    
82       NO_ID     1002.828137    1047.933394    913.8850138    1.395592105    
83       NO_ID     1341.393081    979.3792436    1147.794005    1.614612066    
84       NO_ID     1188.875225    1293.68557     1088.97929     1.377528609    
85       NO_ID     1161.990104    1594.88052     1093.347122    1.288154907    
86       NO_ID     1186.57259     1067.670277    1056.598352    1.474212965    
87       NO_ID     1216.476443    1428.334048    1124.964455    1.345311388    
88       NO_ID     1227.492745    1290.686352    1119.069956    1.393292828    
89       NO_ID     1213.102727    1387.438632    1118.242461    1.356090703    
90       NO_ID     1174.077486    1162.987269    1061.396761    1.422188891    
91       NO_ID     1264.246651    1165.735619    1130.108304    1.460532882    
92       NO_ID     1123.582738    1234.034399    1030.56757     1.373234791    
93       NO_ID     1135.315136    1281.628574    1044.989037    1.361381245    
94       NO_ID     1238.251317    1181.567886    1112.94642     1.44177347     
95       NO_ID     1255.660066    1354.59689     1148.674365    1.381591343    
96       NO_ID     1239.435297    1225.036745    1119.967694    1.423479488    
97       NO_ID     1135.315136    1281.628574    1044.989037    1.361381245    
98       NO_ID     1199.067694    1255.305043    1092.559727    1.395261549    
99       NO_ID     1241.480203    1338.105388    1135.600104    1.381955788    
100      NO_ID     1200.817777    1228.035963    1090.55503     1.406449212    
