Dakota version 6.14 released May 17 2021.
Repository revision 382229e53 (2021-05-12) built Nov  8 2021 17:11:24.
Running serial Dakota executable in serial mode.
Start time: Fri Aug 26 09:17:34 2022

-----------------------
Begin DAKOTA input file
dakota.in
-----------------------
environment 
 tabular_data 
 tabular_data_file = 'dakotaTab.out' 

method 
 bayes_calibration dream 
  chain_samples = 100
  chains = 4
  jump_step = 5
  burn_in_samples = 0
  calibrate_error_multipliers per_response
  scaling

variables 
  uniform_uncertain = 2
    lower_bounds = 500 500 
    upper_bound = 2000 2000 
    descriptors = 'Ic1' 'Ic2' 



interface 
  analysis_driver = 'workflow_driver1'
  fork
   parameters_file = 'paramsDakota.in'
   results_file = 'results.out' 
   aprepro 
   work_directory
     named 'workdir' 
     directory_tag
     directory_save
     copy_files = 'templatedir/*' 
  asynchronous evaluation_concurrency = 12

responses
  id_responses = 'BayesCalibration'
 calibration_terms = 2
 response_descriptors = 'lambda' 'phi' 
  calibration_data_file = 'quoFEMScalarCalibrationData.cal'
    freeform
    num_experiments = 5
    experiment_variance_type = 'scalar' 
 no_gradients
 no_hessians

---------------------
End DAKOTA input file
---------------------

Using Dakota input file 'dakota.in'
Writing new restart file 'dakota.rst'.

Reading scalar experimental data from file quoFEMScalarCalibrationData.cal:
  5 experiment(s) for
  2 scalar responses
 NonDBayes Seed (system-generated) = 389429

A chain of length 100 has been specified. 0 burn in samples will be 
discarded and every 1-th sample will be kept in the final chain. The 
final chain will have length 100.

ScalingModel: Scaling enabled
INFO (DREAM): requested samples = 100
INFO (DREAM): requested chains = 4
INFO (DREAM): will use 4 chains with 25 generations,
for 100 total samples.

>>>>> Executing environment.

>>>>> Running bayes_calibration iterator.
INFO (DREAM): Standardized space 0
INFO (DREAM): Num Samples 100
INFO (DREAM): Calibrating 2 error hyperparameters.
Initial Points                       1.2500000000e+03
                      1.2500000000e+03

INFO (DREAM): number hyperparams = 2
INFO (DREAM): paramMins                        5.0000000000e+02
                      5.0000000000e+02
                      1.0000000000e-02
                      1.0000000000e-02

INFO (DREAM): paramMaxs                        2.0000000000e+03
                      2.0000000000e+03
                      2.0000000000e+00
                      2.0000000000e+00

INFO (DREAM): Running DREAM for Bayesian inference.
min 0 = 5.0000000000e+02
max 0 = 2.0000000000e+03
min 1 = 5.0000000000e+02
max 1 = 2.0000000000e+03
min 2 = 1.0000000000e-02
max 2 = 2.0000000000e+00
min 3 = 1.0000000000e-02
max 3 = 2.0000000000e+00

---------------------
Begin Evaluation    1
---------------------
Parameters for evaluation 1:
                      1.0524968227e+03 Ic1
                      1.0627291130e+03 Ic2

blocking fork: workflow_driver1 paramsDakota.in results.out

Active response data for evaluation 1:
Active set vector = { 1 1 }
                      9.5439560503e+02 lambda
                      1.4122772995e+00 phi



---------------------
Begin Evaluation    2
---------------------
Parameters for evaluation 2:
                      1.2893424508e+03 Ic1
                      1.4573637712e+03 Ic2

blocking fork: workflow_driver1 paramsDakota.in results.out

Active response data for evaluation 2:
Active set vector = { 1 1 }
                      1.1865795740e+03 lambda
                      1.3612590417e+00 phi



---------------------
Begin Evaluation    3
---------------------
Parameters for evaluation 3:
                      1.1231432427e+03 Ic1
                      1.5552958777e+03 Ic2

blocking fork: workflow_driver1 paramsDakota.in results.out

Active response data for evaluation 3:
Active set vector = { 1 1 }
                      1.0578149662e+03 lambda
                      1.2851426117e+00 phi



---------------------
Begin Evaluation    4
---------------------
Parameters for evaluation 4:
                      1.5867541704e+03 Ic1
                      1.7318405794e+03 Ic2

blocking fork: workflow_driver1 paramsDakota.in results.out

Active response data for evaluation 4:
Active set vector = { 1 1 }
                      1.4528211236e+03 lambda
                      1.3772726006e+00 phi



---------------------
Begin Evaluation    5
---------------------
Parameters for evaluation 5:
                      1.0524968227e+03 Ic1
                      1.0627291130e+03 Ic2

blocking fork: workflow_driver1 paramsDakota.in results.out

Active response data for evaluation 5:
Active set vector = { 1 1 }
                      9.5439560503e+02 lambda
                      1.4122772995e+00 phi



---------------------
Begin Evaluation    6
---------------------
Parameters for evaluation 6:
                      8.0456260993e+02 Ic1
                      1.0465309261e+03 Ic2

blocking fork: workflow_driver1 paramsDakota.in results.out

Active response data for evaluation 6:
Active set vector = { 1 1 }
                      7.5338289517e+02 lambda
                      1.3055161650e+00 phi



---------------------
Begin Evaluation    7
---------------------
Parameters for evaluation 7:
                      1.3274790189e+03 Ic1
                      1.5552958777e+03 Ic2

blocking fork: workflow_driver1 paramsDakota.in results.out

Active response data for evaluation 7:
Active set vector = { 1 1 }
                      1.2270166345e+03 lambda
                      1.3464890300e+00 phi



---------------------
Begin Evaluation    8
---------------------
Parameters for evaluation 8:
                      1.6674963160e+03 Ic1
                      1.6842636475e+03 Ic2

blocking fork: workflow_driver1 paramsDakota.in results.out

Active response data for evaluation 8:
Active set vector = { 1 1 }
                      1.5102449176e+03 lambda
                      1.4137875940e+00 phi



---------------------
Begin Evaluation    9
---------------------
Parameters for evaluation 9:
                      1.0524968227e+03 Ic1
                      1.0627291130e+03 Ic2

blocking fork: workflow_driver1 paramsDakota.in results.out

Active response data for evaluation 9:
Active set vector = { 1 1 }
                      9.5439560503e+02 lambda
                      1.4122772995e+00 phi



---------------------
Begin Evaluation   10
---------------------
Parameters for evaluation 10:
                      1.2893424508e+03 Ic1
                      1.4573637712e+03 Ic2

blocking fork: workflow_driver1 paramsDakota.in results.out

Active response data for evaluation 10:
Active set vector = { 1 1 }
                      1.1865795740e+03 lambda
                      1.3612590417e+00 phi



---------------------
Begin Evaluation   11
---------------------
Parameters for evaluation 11:
                      1.2382065118e+03 Ic1
                      1.7470154979e+03 Ic2

blocking fork: workflow_driver1 paramsDakota.in results.out

Active response data for evaluation 11:
Active set vector = { 1 1 }
                      1.1680559067e+03 lambda
                      1.2794295995e+00 phi



---------------------
Begin Evaluation   12
---------------------
Parameters for evaluation 12:
                      1.5867541704e+03 Ic1
                      1.7318405794e+03 Ic2

blocking fork: workflow_driver1 paramsDakota.in results.out

Active response data for evaluation 12:
Active set vector = { 1 1 }
                      1.4528211236e+03 lambda
                      1.3772726006e+00 phi



---------------------
Begin Evaluation   13
---------------------
Parameters for evaluation 13:
                      1.4222133944e+03 Ic1
                      1.2818423379e+03 Ic2

blocking fork: workflow_driver1 paramsDakota.in results.out

Active response data for evaluation 13:
Active set vector = { 1 1 }
                      1.2661709952e+03 lambda
                      1.4738859416e+00 phi



---------------------
Begin Evaluation   14
---------------------
Parameters for evaluation 14:
                      5.4501212778e+02 Ic1
                      7.2146622747e+02 Ic2

blocking fork: workflow_driver1 paramsDakota.in results.out

Active response data for evaluation 14:
Active set vector = { 1 1 }
                      5.1156225062e+02 lambda
                      1.2986858569e+00 phi



---------------------
Begin Evaluation   15
---------------------
Parameters for evaluation 15:
                      1.1231432427e+03 Ic1
                      1.5552958777e+03 Ic2

blocking fork: workflow_driver1 paramsDakota.in results.out

Active response data for evaluation 15:
Active set vector = { 1 1 }
                      1.0578149662e+03 lambda
                      1.2851426117e+00 phi



---------------------
Begin Evaluation   16
---------------------
Parameters for evaluation 16:
                      1.6210752938e+03 Ic1
                      1.9711371316e+03 Ic2

blocking fork: workflow_driver1 paramsDakota.in results.out

Active response data for evaluation 16:
Active set vector = { 1 1 }
                      1.5040958661e+03 lambda
                      1.3326173880e+00 phi



---------------------
Begin Evaluation   17
---------------------
Parameters for evaluation 17:
                      1.2777261814e+03 Ic1
                      1.1484972595e+03 Ic2

blocking fork: workflow_driver1 paramsDakota.in results.out

Active response data for evaluation 17:
Active set vector = { 1 1 }
                      1.1373591016e+03 lambda
                      1.4750594562e+00 phi



---------------------
Begin Evaluation   18
---------------------
Parameters for evaluation 18:
                      1.2893424508e+03 Ic1
                      1.0939075356e+03 Ic2

blocking fork: workflow_driver1 paramsDakota.in results.out

Active response data for evaluation 18:
Active set vector = { 1 1 }
                      1.1362965330e+03 lambda
                      1.5098450246e+00 phi



---------------------
Begin Evaluation   19
---------------------
Parameters for evaluation 19:
                      1.1231432427e+03 Ic1
                      1.2665120143e+03 Ic2

blocking fork: workflow_driver1 paramsDakota.in results.out

Active response data for evaluation 19:
Active set vector = { 1 1 }
                      1.0336691338e+03 lambda
                      1.3618099834e+00 phi



---------------------
Begin Evaluation   20
---------------------
Parameters for evaluation 20:
                      1.5867541704e+03 Ic1
                      5.0297306648e+02 Ic2

blocking fork: workflow_driver1 paramsDakota.in results.out

Active response data for evaluation 20:
Active set vector = { 1 1 }
                      1.0099068394e+03 lambda
                      2.8565478624e+00 phi



---------------------
Begin Evaluation   21
---------------------
Parameters for evaluation 21:
                      5.5781533844e+02 Ic1
                      1.2662144751e+03 Ic2

blocking fork: workflow_driver1 paramsDakota.in results.out

Active response data for evaluation 21:
Active set vector = { 1 1 }
                      5.4597908916e+02 lambda
                      1.1633665287e+00 phi



---------------------
Begin Evaluation   22
---------------------
Parameters for evaluation 22:
                      1.2893424508e+03 Ic1
                      1.0939075356e+03 Ic2

blocking fork: workflow_driver1 paramsDakota.in results.out

Active response data for evaluation 22:
Active set vector = { 1 1 }
                      1.1362965330e+03 lambda
                      1.5098450246e+00 phi



---------------------
Begin Evaluation   23
---------------------
Parameters for evaluation 23:
                      1.4146067279e+03 Ic1
                      1.2665120143e+03 Ic2

blocking fork: workflow_driver1 paramsDakota.in results.out

Active response data for evaluation 23:
Active set vector = { 1 1 }
                      1.2580194650e+03 lambda
                      1.4777242184e+00 phi



---------------------
Begin Evaluation   24
---------------------
Parameters for evaluation 24:
                      1.5753702263e+03 Ic1
                      1.7853385089e+03 Ic2

blocking fork: workflow_driver1 paramsDakota.in results.out

Active response data for evaluation 24:
Active set vector = { 1 1 }
                      1.4494422332e+03 lambda
                      1.3609273787e+00 phi



---------------------
Begin Evaluation   25
---------------------
Parameters for evaluation 25:
                      1.2777261814e+03 Ic1
                      1.1484972595e+03 Ic2

blocking fork: workflow_driver1 paramsDakota.in results.out

Active response data for evaluation 25:
Active set vector = { 1 1 }
                      1.1373591016e+03 lambda
                      1.4750594562e+00 phi



---------------------
Begin Evaluation   26
---------------------
Parameters for evaluation 26:
                      1.2142436684e+03 Ic1
                      1.1512409286e+03 Ic2

blocking fork: workflow_driver1 paramsDakota.in results.out

Active response data for evaluation 26:
Active set vector = { 1 1 }
                      1.0903318979e+03 lambda
                      1.4451451646e+00 phi



---------------------
Begin Evaluation   27
---------------------
Parameters for evaluation 27:
                      1.1231432427e+03 Ic1
                      1.2665120143e+03 Ic2

blocking fork: workflow_driver1 paramsDakota.in results.out

Active response data for evaluation 27:
Active set vector = { 1 1 }
                      1.0336691338e+03 lambda
                      1.3618099834e+00 phi



---------------------
Begin Evaluation   28
---------------------
Parameters for evaluation 28:
                      1.5867541704e+03 Ic1
                      1.7318405794e+03 Ic2

blocking fork: workflow_driver1 paramsDakota.in results.out

Active response data for evaluation 28:
Active set vector = { 1 1 }
                      1.4528211236e+03 lambda
                      1.3772726006e+00 phi



---------------------
Begin Evaluation   29
---------------------
Parameters for evaluation 29:
                      1.2777261814e+03 Ic1
                      1.1484972595e+03 Ic2

blocking fork: workflow_driver1 paramsDakota.in results.out

Active response data for evaluation 29:
Active set vector = { 1 1 }
                      1.1373591016e+03 lambda
                      1.4750594562e+00 phi



---------------------
Begin Evaluation   30
---------------------
Parameters for evaluation 30:
                      1.2142436684e+03 Ic1
                      1.1512409286e+03 Ic2

blocking fork: workflow_driver1 paramsDakota.in results.out

Active response data for evaluation 30:
Active set vector = { 1 1 }
                      1.0903318979e+03 lambda
                      1.4451451646e+00 phi



---------------------
Begin Evaluation   31
---------------------
Parameters for evaluation 31:
                      1.3354599399e+03 Ic1
                      1.2665120143e+03 Ic2

blocking fork: workflow_driver1 paramsDakota.in results.out

Active response data for evaluation 31:
Active set vector = { 1 1 }
                      1.1989322372e+03 lambda
                      1.4453282985e+00 phi



---------------------
Begin Evaluation   32
---------------------
Parameters for evaluation 32:
                      1.5867541704e+03 Ic1
                      1.7318405794e+03 Ic2

blocking fork: workflow_driver1 paramsDakota.in results.out

Active response data for evaluation 32:
Active set vector = { 1 1 }
                      1.4528211236e+03 lambda
                      1.3772726006e+00 phi



---------------------
Begin Evaluation   33
---------------------
Parameters for evaluation 33:
                      1.5029555401e+03 Ic1
                      1.3745610731e+03 Ic2

blocking fork: workflow_driver1 paramsDakota.in results.out

Active response data for evaluation 33:
Active set vector = { 1 1 }
                      1.3410551448e+03 lambda
                      1.4657694902e+00 phi



---------------------
Begin Evaluation   34
---------------------
Parameters for evaluation 34:
                      1.8148329622e+03 Ic1
                      1.8867657624e+03 Ic2

blocking fork: workflow_driver1 paramsDakota.in results.out

Active response data for evaluation 34:
Active set vector = { 1 1 }
                      1.6499500426e+03 lambda
                      1.4002252410e+00 phi



---------------------
Begin Evaluation   35
---------------------
Parameters for evaluation 35:
                      1.1231432427e+03 Ic1
                      1.2665120143e+03 Ic2

blocking fork: workflow_driver1 paramsDakota.in results.out

Active response data for evaluation 35:
Active set vector = { 1 1 }
                      1.0336691338e+03 lambda
                      1.3618099834e+00 phi



---------------------
Begin Evaluation   36
---------------------
Parameters for evaluation 36:
                      1.3614578233e+03 Ic1
                      1.9038407585e+03 Ic2

blocking fork: workflow_driver1 paramsDakota.in results.out

Active response data for evaluation 36:
Active set vector = { 1 1 }
                      1.2828825943e+03 lambda
                      1.2826206937e+00 phi



---------------------
Begin Evaluation   37
---------------------
Parameters for evaluation 37:
                      1.1765831644e+03 Ic1
                      6.3142593935e+02 Ic2

blocking fork: workflow_driver1 paramsDakota.in results.out

Active response data for evaluation 37:
Active set vector = { 1 1 }
                      9.3010535318e+02 lambda
                      1.9131189392e+00 phi



---------------------
Begin Evaluation   38
---------------------
Parameters for evaluation 38:
                      1.0577886329e+03 Ic1
                      1.9746592142e+03 Ic2

blocking fork: workflow_driver1 paramsDakota.in results.out

Active response data for evaluation 38:
Active set vector = { 1 1 }
                      1.0216531981e+03 lambda
                      1.2038218644e+00 phi



---------------------
Begin Evaluation   39
---------------------
Parameters for evaluation 39:
                      9.7026807626e+02 Ic1
                      1.6669722700e+03 Ic2

blocking fork: workflow_driver1 paramsDakota.in results.out

Active response data for evaluation 39:
Active set vector = { 1 1 }
                      9.3157818181e+02 lambda
                      1.2232103301e+00 phi



---------------------
Begin Evaluation   40
---------------------
Parameters for evaluation 40:
                      1.2988675654e+03 Ic1
                      1.9038407585e+03 Ic2

blocking fork: workflow_driver1 paramsDakota.in results.out

Active response data for evaluation 40:
Active set vector = { 1 1 }
                      1.2295743381e+03 lambda
                      1.2677485780e+00 phi



---------------------
Begin Evaluation   41
---------------------
Parameters for evaluation 41:
                      1.1884477641e+03 Ic1
                      1.2614629234e+03 Ic2

blocking fork: workflow_driver1 paramsDakota.in results.out

Active response data for evaluation 41:
Active set vector = { 1 1 }
                      1.0849606462e+03 lambda
                      1.3888109172e+00 phi



---------------------
Begin Evaluation   42
---------------------
Parameters for evaluation 42:
                      1.3657349484e+03 Ic1
                      1.0355864689e+03 Ic2

blocking fork: workflow_driver1 paramsDakota.in results.out

Active response data for evaluation 42:
Active set vector = { 1 1 }
                      1.1778497266e+03 lambda
                      1.5862124671e+00 phi



---------------------
Begin Evaluation   43
---------------------
Parameters for evaluation 43:
                      1.1853561054e+03 Ic1
                      1.2638232185e+03 Ic2

blocking fork: workflow_driver1 paramsDakota.in results.out

Active response data for evaluation 43:
Active set vector = { 1 1 }
                      1.0828033035e+03 lambda
                      1.3867443141e+00 phi



---------------------
Begin Evaluation   44
---------------------
Parameters for evaluation 44:
                      1.3639129399e+03 Ic1
                      1.0378918907e+03 Ic2

blocking fork: workflow_driver1 paramsDakota.in results.out

Active response data for evaluation 44:
Active set vector = { 1 1 }
                      1.1771373604e+03 lambda
                      1.5836066732e+00 phi



---------------------
Begin Evaluation   45
---------------------
Parameters for evaluation 45:
                      1.1279998224e+03 Ic1
                      1.2640754405e+03 Ic2

blocking fork: workflow_driver1 paramsDakota.in results.out

Active response data for evaluation 45:
Active set vector = { 1 1 }
                      1.0373046932e+03 lambda
                      1.3644907225e+00 phi



---------------------
Begin Evaluation   46
---------------------
Parameters for evaluation 46:
                      1.1552977024e+03 Ic1
                      1.1527067779e+03 Ic2

blocking fork: workflow_driver1 paramsDakota.in results.out

Active response data for evaluation 46:
Active set vector = { 1 1 }
                      1.0455759879e+03 lambda
                      1.4184866310e+00 phi



---------------------
Begin Evaluation   47
---------------------
Parameters for evaluation 47:
                      1.1853561054e+03 Ic1
                      1.3395508896e+03 Ic2

blocking fork: workflow_driver1 paramsDakota.in results.out

Active response data for evaluation 47:
Active set vector = { 1 1 }
                      1.0910847671e+03 lambda
                      1.3610631024e+00 phi



---------------------
Begin Evaluation   48
---------------------
Parameters for evaluation 48:
                      1.1572877670e+03 Ic1
                      1.1388770713e+03 Ic2

blocking fork: workflow_driver1 paramsDakota.in results.out

Active response data for evaluation 48:
Active set vector = { 1 1 }
                      1.0452364709e+03 lambda
                      1.4254725931e+00 phi



---------------------
Begin Evaluation   49
---------------------
Parameters for evaluation 49:
                      1.0449896491e+03 Ic1
                      1.2460557812e+03 Ic2

blocking fork: workflow_driver1 paramsDakota.in results.out

Active response data for evaluation 49:
Active set vector = { 1 1 }
                      9.6850305338e+02 lambda
                      1.3386815159e+00 phi



---------------------
Begin Evaluation   50
---------------------
Parameters for evaluation 50:
                      1.2142436684e+03 Ic1
                      1.1512409286e+03 Ic2

blocking fork: workflow_driver1 paramsDakota.in results.out

Active response data for evaluation 50:
Active set vector = { 1 1 }
                      1.0903318979e+03 lambda
                      1.4451451646e+00 phi



---------------------
Begin Evaluation   51
---------------------
Parameters for evaluation 51:
                      1.1845690903e+03 Ic1
                      1.3914763798e+03 Ic2

blocking fork: workflow_driver1 paramsDakota.in results.out

Active response data for evaluation 51:
Active set vector = { 1 1 }
                      1.0955865657e+03 lambda
                      1.3450485854e+00 phi



---------------------
Begin Evaluation   52
---------------------
Parameters for evaluation 52:
                      1.2218731924e+03 Ic1
                      1.0124246969e+03 Ic2

blocking fork: workflow_driver1 paramsDakota.in results.out

Active response data for evaluation 52:
Active set vector = { 1 1 }
                      1.0723772399e+03 lambda
                      1.5247255469e+00 phi



---------------------
Begin Evaluation   53
---------------------
Parameters for evaluation 53:
                      1.0586256820e+03 Ic1
                      1.3067565519e+03 Ic2

blocking fork: workflow_driver1 paramsDakota.in results.out

Active response data for evaluation 53:
Active set vector = { 1 1 }
                      9.8506435261e+02 lambda
                      1.3253401137e+00 phi



---------------------
Begin Evaluation   54
---------------------
Parameters for evaluation 54:
                      1.2421082377e+03 Ic1
                      1.1511183953e+03 Ic2

blocking fork: workflow_driver1 paramsDakota.in results.out

Active response data for evaluation 54:
Active set vector = { 1 1 }
                      1.1112718107e+03 lambda
                      1.4576643520e+00 phi



---------------------
Begin Evaluation   55
---------------------
Parameters for evaluation 55:
                      1.2130261631e+03 Ic1
                      1.2698297716e+03 Ic2

blocking fork: workflow_driver1 paramsDakota.in results.out

Active response data for evaluation 55:
Active set vector = { 1 1 }
                      1.1052361018e+03 lambda
                      1.3953322875e+00 phi



---------------------
Begin Evaluation   56
---------------------
Parameters for evaluation 56:
                      1.1572877670e+03 Ic1
                      1.1388770713e+03 Ic2

blocking fork: workflow_driver1 paramsDakota.in results.out

Active response data for evaluation 56:
Active set vector = { 1 1 }
                      1.0452364709e+03 lambda
                      1.4254725931e+00 phi



---------------------
Begin Evaluation   57
---------------------
Parameters for evaluation 57:
                      1.1279998224e+03 Ic1
                      1.2640754405e+03 Ic2

blocking fork: workflow_driver1 paramsDakota.in results.out

Active response data for evaluation 57:
Active set vector = { 1 1 }
                      1.0373046932e+03 lambda
                      1.3644907225e+00 phi



---------------------
Begin Evaluation   58
---------------------
Parameters for evaluation 58:
                      1.1865725900e+03 Ic1
                      1.2091461563e+03 Ic2

blocking fork: workflow_driver1 paramsDakota.in results.out

Active response data for evaluation 58:
Active set vector = { 1 1 }
                      1.0771002269e+03 lambda
                      1.4081451233e+00 phi



---------------------
Begin Evaluation   59
---------------------
Parameters for evaluation 59:
                      1.1987976267e+03 Ic1
                      1.3306530757e+03 Ic2

blocking fork: workflow_driver1 paramsDakota.in results.out

Active response data for evaluation 59:
Active set vector = { 1 1 }
                      1.1009002941e+03 lambda
                      1.3688062057e+00 phi



---------------------
Begin Evaluation   60
---------------------
Parameters for evaluation 60:
                      1.0605450228e+03 Ic1
                      1.1909578078e+03 Ic2

blocking fork: workflow_driver1 paramsDakota.in results.out

Active response data for evaluation 60:
Active set vector = { 1 1 }
                      9.7566684762e+02 lambda
                      1.3634153871e+00 phi



---------------------
Begin Evaluation   61
---------------------
Parameters for evaluation 61:
                      1.0706015693e+03 Ic1
                      1.1263480339e+03 Ic2

blocking fork: workflow_driver1 paramsDakota.in results.out

Active response data for evaluation 61:
Active set vector = { 1 1 }
                      9.7642519518e+02 lambda
                      1.3926042124e+00 phi



---------------------
Begin Evaluation   62
---------------------
Parameters for evaluation 62:
                      1.2958198464e+03 Ic1
                      1.4658134490e+03 Ic2

blocking fork: workflow_driver1 paramsDakota.in results.out

Active response data for evaluation 62:
Active set vector = { 1 1 }
                      1.1926408952e+03 lambda
                      1.3609501242e+00 phi



---------------------
Begin Evaluation   63
---------------------
Parameters for evaluation 63:
                      1.1843239775e+03 Ic1
                      1.3925241735e+03 Ic2

blocking fork: workflow_driver1 paramsDakota.in results.out

Active response data for evaluation 63:
Active set vector = { 1 1 }
                      1.0954872242e+03 lambda
                      1.3446610840e+00 phi



---------------------
Begin Evaluation   64
---------------------
Parameters for evaluation 64:
                      1.2980148931e+03 Ic1
                      1.0906856172e+03 Ic2

blocking fork: workflow_driver1 paramsDakota.in results.out

Active response data for evaluation 64:
Active set vector = { 1 1 }
                      1.1419374363e+03 lambda
                      1.5159538599e+00 phi



---------------------
Begin Evaluation   65
---------------------
Parameters for evaluation 65:
                      1.0995457826e+03 Ic1
                      1.1957998240e+03 Ic2

blocking fork: workflow_driver1 paramsDakota.in results.out

Active response data for evaluation 65:
Active set vector = { 1 1 }
                      1.0072639872e+03 lambda
                      1.3775394663e+00 phi



---------------------
Begin Evaluation   66
---------------------
Parameters for evaluation 66:
                      1.2421082377e+03 Ic1
                      1.1511183953e+03 Ic2

blocking fork: workflow_driver1 paramsDakota.in results.out

Active response data for evaluation 66:
Active set vector = { 1 1 }
                      1.1112718107e+03 lambda
                      1.4576643520e+00 phi



---------------------
Begin Evaluation   67
---------------------
Parameters for evaluation 67:
                      1.1987976267e+03 Ic1
                      1.3306530757e+03 Ic2

blocking fork: workflow_driver1 paramsDakota.in results.out

Active response data for evaluation 67:
Active set vector = { 1 1 }
                      1.1009002941e+03 lambda
                      1.3688062057e+00 phi



---------------------
Begin Evaluation   68
---------------------
Parameters for evaluation 68:
                      1.1572877670e+03 Ic1
                      1.0971845863e+03 Ic2

blocking fork: workflow_driver1 paramsDakota.in results.out

Active response data for evaluation 68:
Active set vector = { 1 1 }
                      1.0393009522e+03 lambda
                      1.4450176877e+00 phi



---------------------
Begin Evaluation   69
---------------------
Parameters for evaluation 69:
                      1.1078336906e+03 Ic1
                      1.1709076916e+03 Ic2

blocking fork: workflow_driver1 paramsDakota.in results.out

Active response data for evaluation 69:
Active set vector = { 1 1 }
                      1.0109456226e+03 lambda
                      1.3905584478e+00 phi



---------------------
Begin Evaluation   70
---------------------
Parameters for evaluation 70:
                      1.0976171217e+03 Ic1
                      1.0512895177e+03 Ic2

blocking fork: workflow_driver1 paramsDakota.in results.out

Active response data for evaluation 70:
Active set vector = { 1 1 }
                      9.8739701716e+02 lambda
                      1.4394071182e+00 phi



---------------------
Begin Evaluation   71
---------------------
Parameters for evaluation 71:
                      1.2272531831e+03 Ic1
                      1.3039675799e+03 Ic2

blocking fork: workflow_driver1 paramsDakota.in results.out

Active response data for evaluation 71:
Active set vector = { 1 1 }
                      1.1204520744e+03 lambda
                      1.3884513349e+00 phi



---------------------
Begin Evaluation   72
---------------------
Parameters for evaluation 72:
                      1.2260771035e+03 Ic1
                      1.2035659609e+03 Ic2

blocking fork: workflow_driver1 paramsDakota.in results.out

Active response data for evaluation 72:
Active set vector = { 1 1 }
                      1.1067969155e+03 lambda
                      1.4269363046e+00 phi



---------------------
Begin Evaluation   73
---------------------
Parameters for evaluation 73:
                      1.1619901036e+03 Ic1
                      1.3442789629e+03 Ic2

blocking fork: workflow_driver1 paramsDakota.in results.out

Active response data for evaluation 73:
Active set vector = { 1 1 }
                      1.0727571309e+03 lambda
                      1.3512054743e+00 phi



---------------------
Begin Evaluation   74
---------------------
Parameters for evaluation 74:
                      1.1525823088e+03 Ic1
                      1.1289426339e+03 Ic2

blocking fork: workflow_driver1 paramsDakota.in results.out

Active response data for evaluation 74:
Active set vector = { 1 1 }
                      1.0402664442e+03 lambda
                      1.4278619979e+00 phi



---------------------
Begin Evaluation   75
---------------------
Parameters for evaluation 75:
                      1.2414802030e+03 Ic1
                      1.3381053882e+03 Ic2

blocking fork: workflow_driver1 paramsDakota.in results.out

Active response data for evaluation 75:
Active set vector = { 1 1 }
                      1.1356001037e+03 lambda
                      1.3819557884e+00 phi



---------------------
Begin Evaluation   76
---------------------
Parameters for evaluation 76:
                      1.2129660617e+03 Ic1
                      1.1612554197e+03 Ic2

blocking fork: workflow_driver1 paramsDakota.in results.out

Active response data for evaluation 76:
Active set vector = { 1 1 }
                      1.0908311785e+03 lambda
                      1.4399554575e+00 phi



---------------------
Begin Evaluation   77
---------------------
Parameters for evaluation 77:
                      1.1619901036e+03 Ic1
                      1.3442789629e+03 Ic2

blocking fork: workflow_driver1 paramsDakota.in results.out

Active response data for evaluation 77:
Active set vector = { 1 1 }
                      1.0727571309e+03 lambda
                      1.3512054743e+00 phi



---------------------
Begin Evaluation   78
---------------------
Parameters for evaluation 78:
                      1.1370427724e+03 Ic1
                      1.2091461563e+03 Ic2

blocking fork: workflow_driver1 paramsDakota.in results.out

Active response data for evaluation 78:
Active set vector = { 1 1 }
                      1.0384038433e+03 lambda
                      1.3878139710e+00 phi



---------------------
Begin Evaluation   79
---------------------
Parameters for evaluation 79:
                      1.2295376509e+03 Ic1
                      1.4037549955e+03 Ic2

blocking fork: workflow_driver1 paramsDakota.in results.out

Active response data for evaluation 79:
Active set vector = { 1 1 }
                      1.1331045573e+03 lambda
                      1.3568739163e+00 phi



---------------------
Begin Evaluation   80
---------------------
Parameters for evaluation 80:
                      1.0491258016e+03 Ic1
                      1.1612554197e+03 Ic2

blocking fork: workflow_driver1 paramsDakota.in results.out

Active response data for evaluation 80:
Active set vector = { 1 1 }
                      9.6339623336e+02 lambda
                      1.3696205975e+00 phi



---------------------
Begin Evaluation   81
---------------------
Parameters for evaluation 81:
                      1.2696090250e+03 Ic1
                      1.5970390574e+03 Ic2

blocking fork: workflow_driver1 paramsDakota.in results.out

Active response data for evaluation 81:
Active set vector = { 1 1 }
                      1.1833865703e+03 lambda
                      1.3188698639e+00 phi



---------------------
Begin Evaluation   82
---------------------
Parameters for evaluation 82:
                      1.0028281367e+03 Ic1
                      1.0479333936e+03 Ic2

blocking fork: workflow_driver1 paramsDakota.in results.out

Active response data for evaluation 82:
Active set vector = { 1 1 }
                      9.1388501379e+02 lambda
                      1.3955921046e+00 phi



---------------------
Begin Evaluation   83
---------------------
Parameters for evaluation 83:
                      1.3413930808e+03 Ic1
                      9.7937924360e+02 Ic2

blocking fork: workflow_driver1 paramsDakota.in results.out

Active response data for evaluation 83:
Active set vector = { 1 1 }
                      1.1477940050e+03 lambda
                      1.6146120660e+00 phi



---------------------
Begin Evaluation   84
---------------------
Parameters for evaluation 84:
                      1.1888752250e+03 Ic1
                      1.2936855702e+03 Ic2

blocking fork: workflow_driver1 paramsDakota.in results.out

Active response data for evaluation 84:
Active set vector = { 1 1 }
                      1.0889792898e+03 lambda
                      1.3775286094e+00 phi



---------------------
Begin Evaluation   85
---------------------
Parameters for evaluation 85:
                      1.1619901036e+03 Ic1
                      1.5948805200e+03 Ic2

blocking fork: workflow_driver1 paramsDakota.in results.out

Active response data for evaluation 85:
Active set vector = { 1 1 }
                      1.0933471224e+03 lambda
                      1.2881549073e+00 phi



---------------------
Begin Evaluation   86
---------------------
Parameters for evaluation 86:
                      1.1865725900e+03 Ic1
                      1.0676702766e+03 Ic2

blocking fork: workflow_driver1 paramsDakota.in results.out

Active response data for evaluation 86:
Active set vector = { 1 1 }
                      1.0565983515e+03 lambda
                      1.4742129654e+00 phi



---------------------
Begin Evaluation   87
---------------------
Parameters for evaluation 87:
                      1.2164764431e+03 Ic1
                      1.4283340482e+03 Ic2

blocking fork: workflow_driver1 paramsDakota.in results.out

Active response data for evaluation 87:
Active set vector = { 1 1 }
                      1.1249644552e+03 lambda
                      1.3453113885e+00 phi



---------------------
Begin Evaluation   88
---------------------
Parameters for evaluation 88:
                      1.2274927446e+03 Ic1
                      1.2906863521e+03 Ic2

blocking fork: workflow_driver1 paramsDakota.in results.out

Active response data for evaluation 88:
Active set vector = { 1 1 }
                      1.1190699555e+03 lambda
                      1.3932928282e+00 phi



---------------------
Begin Evaluation   89
---------------------
Parameters for evaluation 89:
                      1.2131027274e+03 Ic1
                      1.3874386320e+03 Ic2

blocking fork: workflow_driver1 paramsDakota.in results.out

Active response data for evaluation 89:
Active set vector = { 1 1 }
                      1.1182424612e+03 lambda
                      1.3560907027e+00 phi



---------------------
Begin Evaluation   90
---------------------
Parameters for evaluation 90:
                      1.1740774859e+03 Ic1
                      1.1629872691e+03 Ic2

blocking fork: workflow_driver1 paramsDakota.in results.out

Active response data for evaluation 90:
Active set vector = { 1 1 }
                      1.0613967612e+03 lambda
                      1.4221888915e+00 phi



---------------------
Begin Evaluation   91
---------------------
Parameters for evaluation 91:
                      1.2642466514e+03 Ic1
                      1.1657356187e+03 Ic2

blocking fork: workflow_driver1 paramsDakota.in results.out

Active response data for evaluation 91:
Active set vector = { 1 1 }
                      1.1301083040e+03 lambda
                      1.4605328820e+00 phi



---------------------
Begin Evaluation   92
---------------------
Parameters for evaluation 92:
                      1.1235827378e+03 Ic1
                      1.2340343990e+03 Ic2

blocking fork: workflow_driver1 paramsDakota.in results.out

Active response data for evaluation 92:
Active set vector = { 1 1 }
                      1.0305675697e+03 lambda
                      1.3732347905e+00 phi



---------------------
Begin Evaluation   93
---------------------
Parameters for evaluation 93:
                      1.1353151360e+03 Ic1
                      1.2816285736e+03 Ic2

blocking fork: workflow_driver1 paramsDakota.in results.out

Active response data for evaluation 93:
Active set vector = { 1 1 }
                      1.0449890370e+03 lambda
                      1.3613812448e+00 phi



---------------------
Begin Evaluation   94
---------------------
Parameters for evaluation 94:
                      1.2382513174e+03 Ic1
                      1.1815678856e+03 Ic2

blocking fork: workflow_driver1 paramsDakota.in results.out

Active response data for evaluation 94:
Active set vector = { 1 1 }
                      1.1129464197e+03 lambda
                      1.4417734700e+00 phi



---------------------
Begin Evaluation   95
---------------------
Parameters for evaluation 95:
                      1.2556600664e+03 Ic1
                      1.3545968903e+03 Ic2

blocking fork: workflow_driver1 paramsDakota.in results.out

Active response data for evaluation 95:
Active set vector = { 1 1 }
                      1.1486743645e+03 lambda
                      1.3815913432e+00 phi



---------------------
Begin Evaluation   96
---------------------
Parameters for evaluation 96:
                      1.2394352967e+03 Ic1
                      1.2250367447e+03 Ic2

blocking fork: workflow_driver1 paramsDakota.in results.out

Active response data for evaluation 96:
Active set vector = { 1 1 }
                      1.1199676944e+03 lambda
                      1.4234794885e+00 phi



---------------------
Begin Evaluation   97
---------------------
Parameters for evaluation 97:
                      1.1353151360e+03 Ic1
                      1.2816285736e+03 Ic2

blocking fork: workflow_driver1 paramsDakota.in results.out

Active response data for evaluation 97:
Active set vector = { 1 1 }
                      1.0449890370e+03 lambda
                      1.3613812448e+00 phi



---------------------
Begin Evaluation   98
---------------------
Parameters for evaluation 98:
                      1.1990676941e+03 Ic1
                      1.2553050435e+03 Ic2

blocking fork: workflow_driver1 paramsDakota.in results.out

Active response data for evaluation 98:
Active set vector = { 1 1 }
                      1.0925597271e+03 lambda
                      1.3952615494e+00 phi



---------------------
Begin Evaluation   99
---------------------
Parameters for evaluation 99:
                      1.2414802030e+03 Ic1
                      1.3381053882e+03 Ic2

blocking fork: workflow_driver1 paramsDakota.in results.out

Active response data for evaluation 99:
Active set vector = { 1 1 }
                      1.1356001037e+03 lambda
                      1.3819557884e+00 phi



---------------------
Begin Evaluation  100
---------------------
Parameters for evaluation 100:
                      1.2008177771e+03 Ic1
                      1.2280359628e+03 Ic2

blocking fork: workflow_driver1 paramsDakota.in results.out

Active response data for evaluation 100:
Active set vector = { 1 1 }
                      1.0905550301e+03 lambda
                      1.4064492119e+00 phi


<<<<< Function evaluation summary: 100 total (100 new, 0 duplicate)

Sample moment statistics for each posterior variable:
                            Mean           Std Dev          Skewness          Kurtosis
           Ic1  1.2195347559e+03  1.2332880156e+02  1.9993731667e+00  3.9091087085e+00
           Ic2  1.2971292597e+03  1.7968354438e+02  1.4459955812e+00  1.7395280687e+00
  CovMultResp1  9.0663202210e-01  9.3728705526e-02  3.2009407025e-02 -1.8024722156e-01
  CovMultResp2  9.9776747213e-01  1.2771977941e-01 -1.4081092131e-01  7.6557424427e-01

Sample moment statistics for each response function:
                            Mean           Std Dev          Skewness          Kurtosis
        lambda  1.1120714883e+03  1.1254153388e+02  2.1481293767e+00  4.4024600346e+00
           phi  1.3927216152e+00  4.4915685364e-02  1.0966163897e-01  7.6278455672e-01

<<<<< Iterator bayes_calibration completed.
<<<<< Environment execution completed.
DAKOTA execution time in seconds:
  Total CPU        =    1.74555 [parent =    1.74551, child =    4.4e-05]
  Total wall clock =    12.9726
