%eval_id  interface Au             Ao             P              E              Node_3_Disp_2  Node_2_Disp_2  
1        NO_ID     501.0860043    241.1233867    27.53997504    205.8474301    -8.17154578    -10.03496643   
2        NO_ID     472.205854     246.8706854    26.02438399    208.1074944    -7.754781585   -9.42788382    
3        NO_ID     504.0387247    250.6045025    23.73104809    210.4493927    -6.72742692    -8.229000017   
4        NO_ID     504.3924852    235.6838046    25.00734303    184.8454394    -8.341989634   -10.28045458   
5        NO_ID     515.9421685    243.9962036    24.91151088    206.3536143    -7.22936437    -8.896472238   
6        NO_ID     494.9948711    252.7833953    28.3213592     192.9315766    -8.791707613   -10.71915223   
7        NO_ID     495.3027799    238.9097369    23.53493888    205.988069     -7.050763925   -8.656118967   
8        NO_ID     489.0335242    251.8362542    24.40753485    216.7353222    -6.796783402   -8.278437488   
9        NO_ID     495.9208128    264.3724177    22.39997274    198.3483683    -6.601025734   -8.006083081   
10       NO_ID     511.0167269    250.5212989    21.92716948    205.2199565    -6.335114757   -7.762328772   
11       NO_ID     449.2224612    257.3111271    29.51402664    214.9141903    -8.54353912    -10.27077042   
12       NO_ID     496.4472959    249.8637585    21.40540348    216.2136117    -5.957722241   -7.276712456   
13       NO_ID     519.2144695    258.2040761    24.49337238    209.2720771    -6.777746023   -8.290339296   
14       NO_ID     500.2254089    246.6961293    20.10579999    171.768795     -7.067186172   -8.653095618   
15       NO_ID     413.3085375    245.506047     22.69036341    173.1698187    -8.701839199   -10.41398631   
16       NO_ID     494.3977555    260.9136555    27.09076795    177.8228242    -8.979188669   -10.90391867   
17       NO_ID     453.0255398    256.4721968    24.37581229    191.9464473    -7.880216776   -9.487063705   
18       NO_ID     513.9677228    239.5357453    24.45210481    188.8594765    -7.845879481   -9.67205935    
19       NO_ID     513.2640171    245.6600412    29.29804752    222.0016624    -7.892399895   -9.698427689   
20       NO_ID     468.1992256    252.1242131    27.82711501    208.312154     -8.22745905    -9.966372623   
21       NO_ID     515.6858253    240.0032555    20.80470051    215.2784164    -5.841279425   -7.202069058   
22       NO_ID     536.9532887    239.8180874    22.59411143    208.5215711    -6.435686851   -7.973895545   
23       NO_ID     554.4282957    238.3551272    28.07471209    212.1498738    -7.778506822   -9.681051403   
24       NO_ID     471.089495     244.4194855    22.05776753    206.2451637    -6.674414627   -8.121971655   
25       NO_ID     526.8178752    241.9121128    23.30204092    217.6369559    -6.382053853   -7.881440994   
26       NO_ID     467.0761629    228.1598373    21.77364255    202.1301233    -7.001301774   -8.582314303   
27       NO_ID     518.4782104    247.7188527    23.56904225    213.9367746    -6.528452543   -8.024064822   
28       NO_ID     483.9792509    240.8657043    25.52057747    205.33385      -7.718278171   -9.439896803   
29       NO_ID     462.639364     245.294505     23.80715298    191.1989316    -7.823605843   -9.495210304   
30       NO_ID     509.9630117    259.260512     27.16514977    200.8698175    -7.880494766   -9.613419515   
31       NO_ID     483.6951474    265.0803253    22.92863982    197.8002008    -6.848771864   -8.278414982   
32       NO_ID     485.6069473    259.3688546    25.65931241    189.5346766    -8.073229608   -9.789360724   
33       NO_ID     504.4942573    237.8155311    21.62550135    199.8256737    -6.639537609   -8.173782188   
34       NO_ID     451.4093114    254.8867808    24.3491184     194.2657675    -7.815776216   -9.412538847   
35       NO_ID     503.5438563    266.2955695    24.59289593    207.0758934    -6.865170827   -8.334622434   
36       NO_ID     473.4194545    255.5868638    23.83517325    204.5004794    -7.090060922   -8.585888506   
37       NO_ID     534.2755079    246.9947126    25.82862192    194.5983617    -7.772056344   -9.590306733   
38       NO_ID     492.7313815    260.2086574    23.62170925    207.3641912    -6.73434939    -8.177216862   
39       NO_ID     490.1945707    254.0115801    24.62965106    187.5802911    -7.880042312   -9.590552405   
40       NO_ID     506.2755093    257.7312334    25.14393771    211.0655207    -6.987398269   -8.522540676   
41       NO_ID     509.0898276    231.9968871    28.96939368    213.4891468    -8.405585585   -10.38979242   
42       NO_ID     543.6686669    256.8410578    24.89504806    192.6629851    -7.347523939   -9.043007299   
43       NO_ID     521.4763503    262.2062436    29.23451926    204.9078861    -8.177868037   -9.989557137   
44       NO_ID     524.8092063    240.6337499    26.78487215    200.6854944    -7.992600492   -9.87210367    
45       NO_ID     476.8141837    250.3645271    25.68625509    205.0052421    -7.677336729   -9.328778718   
46       NO_ID     483.4679696    248.8005498    23.01717012    219.3307419    -6.408971907   -7.806733966   
47       NO_ID     442.9629758    255.1693643    26.12814606    193.1286241    -8.511395565   -10.22494087   
48       NO_ID     465.6308388    250.2391978    27.94097473    213.7606441    -8.103329114   -9.818421808   
49       NO_ID     495.8064376    241.8127862    21.47079766    215.4388125    -6.107280579   -7.487831474   
50       NO_ID     499.8175331    249.0178189    26.49269343    195.1731036    -8.15755834    -9.975851964   
51       NO_ID     496.7231328    253.1693933    27.91953742    215.7354818    -7.731883794   -9.429226313   
52       NO_ID     499.5293292    249.2400335    22.64933091    163.7036055    -8.313057769   -10.16420297   
53       NO_ID     531.2636561    246.5040872    25.91235292    199.251842     -7.642824564   -9.426718755   
54       NO_ID     498.0098483    248.7739212    23.76103037    218.8187001    -6.540261801   -7.995504072   
55       NO_ID     514.6020862    254.3366092    27.56101802    216.3548031    -7.467708158   -9.141101958   
56       NO_ID     487.1549348    241.206357     23.06946235    211.9580509    -6.733330914   -8.24036217    
57       NO_ID     535.3939505    231.3611067    24.04449811    204.0826045    -7.15037767    -8.893912906   
58       NO_ID     489.4130195    254.4878799    24.12554419    202.6098143    -7.144587298   -8.691772913   
59       NO_ID     470.0667106    261.4432562    26.20784517    217.4071258    -7.273901117   -8.776307639   
60       NO_ID     527.9080323    257.5500823    22.81106565    197.069339     -6.660862288   -8.16624111    
61       NO_ID     561.3293454    252.056955     27.03471011    196.59487      -7.78948516    -9.645126146   
62       NO_ID     534.484078     251.0950925    26.43673371    221.5305576    -6.923583993   -8.526944914   
63       NO_ID     498.4198988    246.1751312    28.43025149    196.6943694    -8.751417539   -10.71333079   
64       NO_ID     458.2085396    254.6038808    24.32194878    198.5287002    -7.587388169   -9.155626486   
65       NO_ID     486.3031543    242.3197449    28.3372034     215.1858395    -8.133326055   -9.946044222   
66       NO_ID     518.0698556    248.5426381    26.59302827    203.8503694    -7.719352887   -9.483107676   
67       NO_ID     474.6358668    254.1514685    25.05649965    185.1643237    -8.245371691   -9.994992672   
68       NO_ID     464.7156186    248.1238521    28.44702033    221.023163     -8.021693192   -9.727285707   
69       NO_ID     484.3077437    245.8914332    28.7576993     200.0785225    -8.825350321   -10.76778446   
70       NO_ID     491.4035973    254.6792216    27.74862036    211.5844725    -7.850701137   -9.554653861   
71       NO_ID     471.5701216    243.2630236    26.385712      208.6587108    -7.907499287   -9.629254572   
72       NO_ID     461.5822834    248.5614431    28.5185381     212.4114736    -8.387694592   -10.16047253   
73       NO_ID     494.2076865    242.1582158    25.38219887    207.7187959    -7.493573637   -9.182333657   
74       NO_ID     486.6187031    245.1089479    22.96288311    202.0179403    -6.975569967   -8.519093101   
75       NO_ID     502.7965423    251.7744527    21.53498648    214.2567036    -5.98836863    -7.318661544   
76       NO_ID     530.5017396    249.1142952    24.82215018    192.4067305    -7.542740125   -9.289975526   
77       NO_ID     516.7912004    270.4639369    23.20477129    225.3787232    -5.830679685   -7.08774533    
78       NO_ID     498.6393722    237.4896203    26.05265705    203.8817196    -7.887127374   -9.697674424   
79       NO_ID     507.7884261    258.8901993    23.92485901    223.8623837    -6.244916063   -7.61554175    
80       NO_ID     521.6732023    252.9637967    22.87015548    215.9916615    -6.186211858   -7.589885931   
81       NO_ID     497.5961899    243.7211725    25.56638238    212.8148826    -7.318612311   -8.968375422   
82       NO_ID     510.4618092    258.5873144    25.60247845    212.3322405    -7.032682493   -8.582904347   
83       NO_ID     505.8350539    251.388638     25.90197025    199.8911689    -7.70503572    -9.425307396   
84       NO_ID     493.2130969    243.4377524    29.70505193    169.620394     -10.7191727    -13.12330152   
85       NO_ID     543.8362106    244.9859251    24.50351761    209.1160879    -6.838650078   -8.46456365    
86       NO_ID     573.4291111    269.2684445    26.82068234    200.4307329    -7.238122799   -8.914810243   
87       NO_ID     508.2328257    261.932361     25.08825244    210.8032722    -6.908689557   -8.413919504   
88       NO_ID     528.5345156    259.5394852    23.67585817    209.9603356    -6.45853193    -7.911964608   
89       NO_ID     506.943496     226.8886659    22.29977544    203.0379142    -6.901465023   -8.548885562   
90       NO_ID     512.4574255    235.1149144    23.34909101    222.7800549    -6.425448765   -7.93584627    
91       NO_ID     492.2381207    248.2213584    25.86024827    193.6676916    -8.095988339   -9.886068774   
92       NO_ID     531.4426356    244.320571     21.80917067    217.0421089    -5.933588974   -7.3265969     
93       NO_ID     487.3628282    240.3519467    27.67451236    222.5304488    -7.706799225   -9.436244349   
94       NO_ID     489.794156     258.382016     24.01534376    207.0260445    -6.902704724   -8.382736309   
95       NO_ID     520.0516962    243.7708519    28.12540229    201.1881641    -8.34590306    -10.28138638   
96       NO_ID     508.326183     237.9269281    25.76532999    218.3868031    -7.211723741   -8.885733337   
97       NO_ID     478.1396606    256.7022149    26.73297069    215.8698761    -7.480284869   -9.064632175   
98       NO_ID     501.4438074    266.0768938    25.46674607    191.7280602    -7.69691665    -9.340557805   
99       NO_ID     501.6474951    255.7870377    26.09614835    218.1589668    -7.074910394   -8.627588348   
100      NO_ID     469.3375233    267.4953216    20.50479191    225.6463705    -5.424522986   -6.525215824   
101      NO_ID     540.6242285    260.0739453    24.28774096    208.0378726    -6.610219916   -8.117882067   
102      NO_ID     529.4187105    252.3347511    23.64161012    180.7392405    -7.601206696   -9.34529265    
103      NO_ID     522.1076886    242.9148608    28.62829154    182.4182844    -9.370769399   -11.55423046   
104      NO_ID     505.6279777    252.5370928    25.42220954    209.8498007    -7.187283189   -8.786669682   
105      NO_ID     527.2289627    258.9989817    21.07760925    204.6620834    -5.911975208   -7.242070514   
106      NO_ID     510.1147863    241.6406207    25.62298894    186.4293649    -8.316999079   -10.23288409   
107      NO_ID     511.7686098    245.9832735    22.50059141    196.316619     -6.858523774   -8.423680974   
108      NO_ID     475.8872689    240.7784642    26.64634863    198.8790791    -8.387724209   -10.23815842   
109      NO_ID     498.9706114    256.4188225    22.76704448    206.7958696    -6.519496713   -7.94271982    
110      NO_ID     510.7944279    243.0001448    25.13333084    186.6816131    -8.117190251   -9.981922763   
111      NO_ID     490.7942149    248.3694364    22.91139961    213.8436724    -6.502946898   -7.937387172   
112      NO_ID     478.6600849    238.1870518    28.19277676    211.4527821    -8.372306127   -10.23997408   
113      NO_ID     532.9788766    247.4870079    26.69252777    185.9929252    -8.403524278   -10.36403614   
114      NO_ID     481.3370947    252.7196178    22.21905913    201.6040346    -6.689886931   -8.129000267   
115      NO_ID     467.3555406    251.6574898    21.73123657    227.5386579    -5.892990271   -7.13854567    
116      NO_ID     499.0911971    253.7963098    23.50877523    198.1187946    -7.06418614    -8.617344381   
117      NO_ID     506.3911634    269.4737405    25.49084357    176.7179521    -8.264620678   -10.02596956   
118      NO_ID     522.9897807    272.9308147    26.53023756    212.0187477    -7.012760619   -8.527638931   
119      NO_ID     493.6379858    241.3718317    26.88838998    217.4234326    -7.601272231   -9.316663992   
120      NO_ID     488.6967107    250.0363531    27.04918799    210.5816196    -7.784425499   -9.488869422   
121      NO_ID     525.3681925    257.1353359    25.7220358     214.7442042    -6.914011655   -8.473319104   
122      NO_ID     508.7390656    247.9096023    21.60239128    194.3455582    -6.641513897   -8.143662431   
123      NO_ID     549.8499031    256.0638372    25.30523277    190.9044769    -7.511595636   -9.260810375   
124      NO_ID     455.8679797    239.3900301    24.96126285    214.0979555    -7.471645778   -9.078731609   
125      NO_ID     485.2640106    232.6196318    27.49789342    211.3692582    -8.222043339   -10.10161792   
126      NO_ID     513.6022898    262.7244073    26.31831742    203.3616068    -7.463492093   -9.097896014   
127      NO_ID     476.4504248    244.8131687    26.25649885    209.585149     -7.769862387   -9.466197253   
128      NO_ID     526.011567     234.5403591    23.45475168    212.576431     -6.695975509   -8.298030525   
129      NO_ID     519.5346107    264.7450054    23.28273963    208.9309894    -6.36610766    -7.76380967    
130      NO_ID     473.809692     237.0034699    26.34177356    197.5364303    -8.435959281   -10.31132378   
131      NO_ID     539.6952137    233.6035161    21.25698267    179.1465562    -7.137246477   -8.875867298   
132      NO_ID     484.9544761    261.2970161    24.08498656    209.7358715    -6.826325438   -8.268519145   
133      NO_ID     504.7319927    249.4292291    23.86770905    201.6984764    -7.073017298   -8.658089739   
134      NO_ID     536.2966035    255.4448244    27.21099041    220.720807     -7.074718458   -8.698689437   
135      NO_ID     474.127995     247.6581741    27.17329097    193.6926968    -8.668436658   -10.53979077   
136      NO_ID     517.562662     260.8027991    22.37300267    176.3259001    -7.319511315   -8.938693191   
137      NO_ID     469.32958      240.1793469    22.72723757    206.5130432    -6.943905934   -8.464090361   
138      NO_ID     477.8508299    242.748939     26.55724348    195.364729     -8.456982745   -10.31763841   
139      NO_ID     490.6345365    256.9770284    25.99352987    216.9935284    -7.142524164   -8.68158161    
140      NO_ID     500.888052     255.3346241    27.60439828    183.0422121    -8.934314242   -10.89540001   
141      NO_ID     500.3658832    255.042048     28.91313035    230.2410494    -7.447719353   -9.082611242   
142      NO_ID     532.3594465    250.7019203    20.58982929    183.9712249    -6.510488547   -8.015866162   
143      NO_ID     553.2830493    229.3989521    24.22532613    220.0615255    -6.620667378   -8.274906154   
144      NO_ID     482.0571355    235.9605697    26.94867993    198.6939652    -8.531809686   -10.4558521    
145      NO_ID     506.9976494    250.0631582    28.79681275    224.4971542    -7.640776361   -9.355279248   
146      NO_ID     548.4574895    243.5000223    26.28567077    202.3226781    -7.580098794   -9.398458331   
147      NO_ID     487.6220825    255.9834937    26.92740669    219.934669     -7.336534459   -8.914906309   
148      NO_ID     520.2029007    249.561848     22.17830202    213.3287704    -6.126647766   -7.526508559   
149      NO_ID     488.2212163    239.1800834    21.1704973     213.1050577    -6.167504972   -7.557591612   
150      NO_ID     479.6382093    258.0282161    22.33586112    214.533234     -6.262662438   -7.58722968    
151      NO_ID     493.8136718    262.5946527    27.28758297    201.4969174    -7.959732088   -9.656941288   
152      NO_ID     517.0525292    263.2656362    23.95613406    205.5189059    -6.693830379   -8.164293983   
153      NO_ID     512.1703082    251.3014906    22.57468152    221.314267     -6.03148981    -7.389538683   
154      NO_ID     546.4461038    249.3520376    29.09646763    203.1364001    -8.260044581   -10.20828033   
155      NO_ID     485.8324758    236.6090033    24.64602919    216.4648544    -7.125985519   -8.738324928   
156      NO_ID     523.6279324    266.9780497    25.34430711    195.9278946    -7.329796905   -8.938480842   
157      NO_ID     480.221628     237.3122921    23.10405233    204.3362811    -7.103341334   -8.695228785   
158      NO_ID     538.3865265    234.298423     26.46648339    181.598961     -8.760756444   -10.88795526   
159      NO_ID     502.2055569    230.3749041    22.47372725    210.1955339    -6.689225579   -8.261783427   
160      NO_ID     525.663782     256.2756176    22.11794923    218.5794131    -5.849974611   -7.172695901   
161      NO_ID     494.8977733    246.294396     20.85785375    208.3777123    -6.078899905   -7.434862236   
162      NO_ID     511.4491455    238.7733805    27.38628141    220.4965379    -7.5564224     -9.313309708   
163      NO_ID     520.9407799    232.9438705    24.75838474    210.283862     -7.203184947   -8.923576934   
164      NO_ID     477.4584352    236.3249914    25.94520771    207.9185192    -7.878019188   -9.641647019   
165      NO_ID     459.1376546    246.5897362    24.2475539     211.7955269    -7.200204755   -8.724842613   
166      NO_ID     465.8058836    265.6226804    20.94455444    200.4136571    -6.284110452   -7.558728855   
167      NO_ID     447.9912972    223.1092394    23.38411985    199.2214922    -7.871766261   -9.626816757   
168      NO_ID     509.5112668    253.5979208    28.65725463    203.5915488    -8.302615198   -10.15445083   
169      NO_ID     507.5369795    249.7219925    25.190292      223.2306837    -6.723388828   -8.234457083   
170      NO_ID     480.2954473    253.469229     21.9609335     209.015081     -6.374502901   -7.740914376   
171      NO_ID     436.2486285    253.3143799    21.88288499    214.6731883    -6.485983456   -7.784064008   
172      NO_ID     497.0653674    275.086267     28.25237026    197.1190114    -8.19936491    -9.898999258   
173      NO_ID     460.4623487    263.7234289    23.18406135    219.4658986    -6.411881614   -7.708253136   
174      NO_ID     524.2337357    260.5369982    23.14548796    206.7319893    -6.423532828   -7.857671712   
175      NO_ID     541.4859106    245.4154148    24.69872033    194.9484127    -7.400976185   -9.153976847   
176      NO_ID     512.9201701    252.4053923    21.29643694    219.1443279    -5.728902323   -7.016345065   
177      NO_ID     491.9476446    247.3100779    27.46176865    206.0553508    -8.098575906   -9.892935247   
178      NO_ID     497.3781346    257.9750965    27.72343821    212.9842378    -7.695305675   -9.364646875   
179      NO_ID     457.4251561    251.0441959    28.01888337    146.482618     -11.94149585   -14.43166265   
180      NO_ID     491.3034557    259.7824699    25.2942974     201.0159528    -7.455648427   -9.051658433   
181      NO_ID     488.6429425    242.5824536    25.219468      210.688295     -7.372237516   -9.019385705   
182      NO_ID     502.0856107    282.9140783    23.91583635    199.63319      -6.723322753   -8.098970947   
183      NO_ID     480.7656941    250.9024596    24.86178185    207.3376568    -7.310206087   -8.889307596   
184      NO_ID     505.2036531    251.5494344    24.97676359    203.5269259    -7.298833465   -8.926372494   
185      NO_ID     482.5970746    271.8818572    26.74193684    205.664608     -7.592738733   -9.146488119   
186      NO_ID     516.4485402    245.7537294    22.06448931    188.5442286    -6.977429073   -8.580061229   
187      NO_ID     514.554232     253.9434101    24.70712279    189.9774125    -7.630591316   -9.3421273     
188      NO_ID     479.0281119    268.4303707    24.5555825     202.7736475    -7.143328796   -8.610803924   
189      NO_ID     481.7066941    244.5180644    27.36478153    213.1819008    -7.925165386   -9.669725062   
190      NO_ID     517.8194402    261.6882001    23.25730783    211.1328731    -6.341535347   -7.741654717   
191      NO_ID     528.7958511    247.1915712    25.77591251    218.0163959    -6.952079785   -8.56713015    
192      NO_ID     515.1616312    244.6215409    24.16000391    202.5035245    -7.13947567    -8.781564407   
193      NO_ID     475.1615997    253.0664426    25.2578741     195.8122775    -7.872869485   -9.5497508     
194      NO_ID     472.9647085    235.1493699    24.77014496    189.2431299    -8.322017561   -10.17953404   
195      NO_ID     463.7339708    263.0952368    24.11134597    204.7960954    -7.129305652   -8.580771399   
196      NO_ID     483.0887724    264.0971244    26.16517045    207.5440392    -7.467334716   -9.028833957   
197      NO_ID     503.3649747    247.1134568    27.87659838    197.6020267    -8.48529378    -10.39516775   
198      NO_ID     503.0017562    248.0014683    27.31842007    187.9190143    -8.729927044   -10.68929604   
199      NO_ID     492.4702814    244.0825826    23.43253917    190.3332636    -7.530103033   -9.214348006   
200      NO_ID     522.8682418    242.4620992    26.99904925    209.4937152    -7.698207906   -9.495713782   
