 $ LHS File Format Version 1.00 
$
$ This LHS run was executed on  8/26/22 at  9:39: 2.05
$ with LHS Version: 2.30 Release 1, Compiled May 31, 2001        
$ The run title was:
$ Pecos::LHSDriver
$
$ Message output file for this run: LHS_distributions.out
$
$ Input file(s) for this run: 
$
$ Point Values for the distributions follow:
$
$ All point values represent mean values that
$ were calculated from the actual LHS sample.
$
    Normal1               4.9990286E+02
    Lognormal2            2.5001129E+02
    Beta3                 2.4999029E+01
    Weibull4              2.0440091E+02
$
@UNCERTAINTY
  @OBSERVATIONS    200
  @VARIABLES      4
    Normal1:           
    Lognormal2:        
    Beta3:             
    Weibull4:          
@SAMPLEDATA
           1           4   501.08600434517172        241.12338668897203        27.539975043340355        205.84743005654104     
           2           4   472.20585400955906        246.87068536775328        26.024383985432699        208.10749438093126     
           3           4   504.03872471399291        250.60450248309957        23.731048090131882        210.44939268710394     
           4           4   504.39248516528551        235.68380456315211        25.007343033575982        184.84543939987918     
           5           4   515.94216845449171        243.99620362812823        24.911510879328002        206.35361430186379     
           6           4   494.99487110537109        252.78339531507001        28.321359198727865        192.93157662795343     
           7           4   495.30277989592543        238.90973685403938        23.534938877540103        205.98806903239063     
           8           4   489.03352416374798        251.83625417946192        24.407534854016291        216.73532216170665     
           9           4   495.92081284894653        264.37241765588465        22.399972737588925        198.34836832918572     
          10           4   511.01672691287678        250.52129888803833        21.927169478796309        205.21995653749693     
          11           4   449.22246115469954        257.31112705088367        29.514026644747453        214.91419034007163     
          12           4   496.44729587905209        249.86375849721776        21.405403477802661        216.21361170524222     
          13           4   519.21446950888139        258.20407605671113        24.493372380906912        209.27207705290044     
          14           4   500.22540885600586        246.69612927548494        20.105799988352704        171.76879499241818     
          15           4   413.30853752301499        245.50604704899004        22.690363405101984        173.16981867592381     
          16           4   494.39775549805927        260.91365547848289        27.090767945571656        177.82282417761900     
          17           4   453.02553980230971        256.47219677245567        24.375812285060945        191.94644725583788     
          18           4   513.96772281167250        239.53574527972833        24.452104814492138        188.85947646923060     
          19           4   513.26401705001911        245.66004124228678        29.298047516945402        222.00166237739091     
          20           4   468.19922563247246        252.12421311210724        27.827115007652225        208.31215399697894     
          21           4   515.68582534372058        240.00325552530197        20.804700510988983        215.27841636374015     
          22           4   536.95328865754550        239.81808736779726        22.594111429032498        208.52157110355228     
          23           4   554.42829570504921        238.35512715302187        28.074712093237032        212.14987375697925     
          24           4   471.08949495717803        244.41948546393996        22.057767525094256        206.24516369019923     
          25           4   526.81787520881744        241.91211281875653        23.302040917563868        217.63695592965138     
          26           4   467.07616291907414        228.15983728840908        21.773642546124890        202.13012326924931     
          27           4   518.47821039488065        247.71885274353664        23.569042248359587        213.93677460594566     
          28           4   483.97925092376516        240.86570427800737        25.520577473652732        205.33385000955496     
          29           4   462.63936400347632        245.29450498561374        23.807152977695413        191.19893155935407     
          30           4   509.96301165601210        259.26051196237734        27.165149773159758        200.86981750947660     
          31           4   483.69514737511167        265.08032526096400        22.928639823249391        197.80020076023294     
          32           4   485.60694727641470        259.36885463012777        25.659312408315571        189.53467662562801     
          33           4   504.49425726571383        237.81553109623377        21.625501345065942        199.82567368605197     
          34           4   451.40931140556279        254.88678082982918        24.349118396595330        194.26576751090298     
          35           4   503.54385634752293        266.29556945901493        24.592895934546714        207.07589342184048     
          36           4   473.41945448367693        255.58686377980763        23.835173247043855        204.50047944046369     
          37           4   534.27550793854834        246.99471256651998        25.828621922515172        194.59836170284183     
          38           4   492.73138149276718        260.20865735188727        23.621709249152190        207.36419118533445     
          39           4   490.19457070992377        254.01158008966397        24.629651056632312        187.58029114298645     
          40           4   506.27550926214059        257.73123339070025        25.143937714880614        211.06552072183550     
          41           4   509.08982763936291        231.99688711617748        28.969393683515477        213.48914678472264     
          42           4   543.66866694437022        256.84105777813164        24.895048063841870        192.66298505826308     
          43           4   521.47635027379170        262.20624364540919        29.234519264647282        204.90788606485049     
          44           4   524.80920632044001        240.63374994133670        26.784872150395181        200.68549444352263     
          45           4   476.81418370726828        250.36452706449711        25.686255091686274        205.00524210160955     
          46           4   483.46796963951522        248.80054978106654        23.017170117379578        219.33074191051207     
          47           4   442.96297576172935        255.16936425326264        26.128146057625724        193.12862413089098     
          48           4   465.63083878736205        250.23919782869311        27.940974734340983        213.76064405228959     
          49           4   495.80643758372298        241.81278623122478        21.470797656978139        215.43881249017380     
          50           4   499.81753312639307        249.01781886770414        26.492693433926586        195.17310355523151     
          51           4   496.72313276943527        253.16939328680891        27.919537416947627        215.73548181831652     
          52           4   499.52932919687146        249.24003345924879        22.649330906992034        163.70360551008025     
          53           4   531.26365614772567        246.50408722656096        25.912352921374058        199.25184202355481     
          54           4   498.00984826142746        248.77392119556174        23.761030371289209        218.81870006155100     
          55           4   514.60208617154967        254.33660920616680        27.561018016359398        216.35480308078695     
          56           4   487.15493484589598        241.20635695854241        23.069462349212500        211.95805089120086     
          57           4   535.39395054853856        231.36110673945907        24.044498113168967        204.08260452174176     
          58           4   489.41301946550050        254.48787992384905        24.125544192054669        202.60981433618895     
          59           4   470.06671056626789        261.44325621358087        26.207845174470517        217.40712578512185     
          60           4   527.90803228307300        257.55008234101786        22.811065645462111        197.06933898117123     
          61           4   561.32934539646908        252.05695503982145        27.034710114463365        196.59486995642538     
          62           4   534.48407798297842        251.09509245354650        26.436733708708722        221.53055757396189     
          63           4   498.41989878206181        246.17513122749077        28.430251491240135        196.69436941473913     
          64           4   458.20853958159722        254.60388082337010        24.321948780461824        198.52870017149056     
          65           4   486.30315434656558        242.31974493852331        28.337203399418364        215.18583947482517     
          66           4   518.06985555721292        248.54263806236142        26.593028269947546        203.85036942287155     
          67           4   474.63586680172523        254.15146847599115        25.056499654998685        185.16432365949765     
          68           4   464.71561863020253        248.12385207276461        28.447020328294791        221.02316304560264     
          69           4   484.30774366590947        245.89143319984538        28.757699304864470        200.07852248488894     
          70           4   491.40359731704518        254.67922161703271        27.748620364809426        211.58447246192918     
          71           4   471.57012161547334        243.26302357950686        26.385712002435753        208.65871078493910     
          72           4   461.58228337952960        248.56144310707114        28.518538096408506        212.41147356588624     
          73           4   494.20768645494530        242.15821580685807        25.382198870903373        207.71879594866826     
          74           4   486.61870305253956        245.10894785912473        22.962883108906173        202.01794030750824     
          75           4   502.79654225219122        251.77445273520533        21.534986476865328        214.25670361422607     
          76           4   530.50173960619509        249.11429524223536        24.822150177904305        192.40673048644953     
          77           4   516.79120037906728        270.46393687520754        23.204771291330530        225.37872320379591     
          78           4   498.63937218452492        237.48962033805205        26.052657053400516        203.88171958935243     
          79           4   507.78842613219581        258.89019931096840        23.924859009894966        223.86238368215183     
          80           4   521.67320231472468        252.96379668734295        22.870155484102565        215.99166152045345     
          81           4   497.59618988369738        243.72117245824052        25.566382378613604        212.81488260482016     
          82           4   510.46180917531746        258.58731442430712        25.602478450885922        212.33224051126624     
          83           4   505.83505386313129        251.38863798428312        25.901970254908253        199.89116885017012     
          84           4   493.21309688026298        243.43775238751576        29.705051931187899        169.62039398394205     
          85           4   543.83621056954848        244.98592514953825        24.503517609776296        209.11608793117068     
          86           4   573.42911113258481        269.26844454764887        26.820682342676307        200.43073291198237     
          87           4   508.23282565697406        261.93236096678618        25.088252436710306        210.80327224816278     
          88           4   528.53451564606530        259.53948524317690        23.675858165315859        209.96033563272584     
          89           4   506.94349599864239        226.88866587111346        22.299775439336219        203.03791422016764     
          90           4   512.45742553354080        235.11491443539984        23.349091009811538        222.78005486629883     
          91           4   492.23812070532801        248.22135842910794        25.860248269673715        193.66769158012465     
          92           4   531.44263557880834        244.32057102308775        21.809170672363731        217.04210893039610     
          93           4   487.36282818993328        240.35194668783049        27.674512356562065        222.53044881000733     
          94           4   489.79415599749655        258.38201595682909        24.015343755976595        207.02604447040557     
          95           4   520.05169622068070        243.77085188358708        28.125402287273690        201.18816407159952     
          96           4   508.32618302693032        237.92692808830768        25.765329994329107        218.38680312076306     
          97           4   478.13966056805987        256.70221490501245        26.732970690596783        215.86987613292538     
          98           4   501.44380741295527        266.07689376904000        25.466746065846124        191.72806019816099     
          99           4   501.64749511026957        255.78703770591798        26.096148346723101        218.15896682210544     
         100           4   469.33752330919037        267.49532162428977        20.504791914275724        225.64637046378425     
         101           4   540.62422845327330        260.07394525286617        24.287740963481095        208.03787256380789     
         102           4   529.41871054864600        252.33475108304242        23.641610123991320        180.73924052948985     
         103           4   522.10768861442807        242.91486076296675        28.628291541763286        182.41828437048804     
         104           4   505.62797774905670        252.53709275684281        25.422209537424386        209.84980065129736     
         105           4   527.22896273843196        258.99898174936948        21.077609247197159        204.66208344315814     
         106           4   510.11478634026730        241.64062074337338        25.622988940424619        186.42936489090826     
         107           4   511.76860983548767        245.98327349744389        22.500591405567430        196.31661899395436     
         108           4   475.88726889067260        240.77846417971909        26.646348626462277        198.87907907290153     
         109           4   498.97061144047689        256.41882245489523        22.767044481239772        206.79586961003366     
         110           4   510.79442793285921        243.00014483322954        25.133330837817184        186.68161310605882     
         111           4   490.79421485577876        248.36943640575652        22.911399612922352        213.84367236457018     
         112           4   478.66008492357957        238.18705175816601        28.192776762487078        211.45278208534199     
         113           4   532.97887657917261        247.48700790074622        26.692527769101297        185.99292516144251     
         114           4   481.33709474107883        252.71961777778782        22.219059131606379        201.60403455276480     
         115           4   467.35554055780057        251.65748981477577        21.731236571982446        227.53865788867745     
         116           4   499.09119711482106        253.79630977952820        23.508775230888759        198.11879457860087     
         117           4   506.39116344293745        269.47374054755790        25.490843570426865        176.71795214291049     
         118           4   522.98978070142937        272.93081465607935        26.530237556193782        212.01874768526204     
         119           4   493.63798577539711        241.37183174706772        26.888389975668069        217.42343259854806     
         120           4   488.69671065918459        250.03635314739967        27.049187991373532        210.58161960694446     
         121           4   525.36819252359464        257.13533588456977        25.722035795641354        214.74420423362699     
         122           4   508.73906555470802        247.90960225215278        21.602391283356500        194.34555816980404     
         123           4   549.84990313897015        256.06383720167912        25.305232773860070        190.90447688428020     
         124           4   455.86797972724008        239.39003006708737        24.961262851850677        214.09795545191184     
         125           4   485.26401062248107        232.61963177036762        27.497893422188234        211.36925821855155     
         126           4   513.60228979708279        262.72440728361386        26.318317415580008        203.36160681891914     
         127           4   476.45042484141749        244.81316872524025        26.256498854353794        209.58514895336543     
         128           4   526.01156696440614        234.54035914296298        23.454751675807028        212.57643104425983     
         129           4   519.53461065753754        264.74500535705073        23.282739629111827        208.93098943656082     
         130           4   473.80969195663357        237.00346985023012        26.341773559361283        197.53643031438477     
         131           4   539.69521370434654        233.60351610763189        21.256982669665756        179.14655615124238     
         132           4   484.95447610052872        261.29701613742122        24.084986561070359        209.73587154972381     
         133           4   504.73199273256728        249.42922913672129        23.867709045257701        201.69847644900238     
         134           4   536.29660348957964        255.44482436349205        27.210990411245525        220.72080699078091     
         135           4   474.12799499879759        247.65817406954088        27.173290965910674        193.69269679642599     
         136           4   517.56266197142099        260.80279911906052        22.373002673921047        176.32590012667262     
         137           4   469.32958000875811        240.17934688880908        22.727237569904048        206.51304322647252     
         138           4   477.85082991978925        242.74893901852332        26.557243475622499        195.36472902255832     
         139           4   490.63453654379418        256.97702838552271        25.993529865068723        216.99352838253554     
         140           4   500.88805203930787        255.33462407303310        27.604398284911412        183.04221213539026     
         141           4   500.36588316519448        255.04204799248399        28.913130348143603        230.24104941101587     
         142           4   532.35944649072508        250.70192032914051        20.589829287505616        183.97122489764652     
         143           4   553.28304928860280        229.39895208123306        24.225326132180445        220.06152549215278     
         144           4   482.05713551377846        235.96056972802518        26.948679925403340        198.69396516868576     
         145           4   506.99764936966898        250.06315817114015        28.796812747933526        224.49715420948002     
         146           4   548.45748953219754        243.50002227490160        26.285670774372271        202.32267810329606     
         147           4   487.62208248651734        255.98349368607461        26.927406685266249        219.93466898448594     
         148           4   520.20290068307418        249.56184798057308        22.178302020819416        213.32877042108208     
         149           4   488.22121632955589        239.18008340694701        21.170497300195596        213.10505767296237     
         150           4   479.63820927219672        258.02821612865444        22.335861115832010        214.53323397464442     
         151           4   493.81367179923819        262.59465272930805        27.287582967314464        201.49691737320677     
         152           4   517.05252917139899        263.26563622811511        23.956134056533209        205.51890591194916     
         153           4   512.17030817876923        251.30149057432732        22.574681518164848        221.31426703367438     
         154           4   546.44610379996845        249.35203756566690        29.096467625225863        203.13640009483089     
         155           4   485.83247575691399        236.60900332856599        24.646029193479023        216.46485441752702     
         156           4   523.62793239156622        266.97804972367129        25.344307112171890        195.92789461643815     
         157           4   480.22162801145345        237.31229205659372        23.104052327628093        204.33628111218101     
         158           4   538.38652646307344        234.29842295651110        26.466483387751964        181.59896097903186     
         159           4   502.20555694333956        230.37490406213357        22.473727250049890        210.19553392876193     
         160           4   525.66378204906857        256.27561758055276        22.117949233128474        218.57941305898262     
         161           4   494.89777332306028        246.29439602142850        20.857853753294691        208.37771230821400     
         162           4   511.44914554384565        238.77338049096542        27.386281410931080        220.49653791834169     
         163           4   520.94077987822777        232.94387051238928        24.758384743121489        210.28386204938582     
         164           4   477.45843524394246        236.32499137292439        25.945207712603228        207.91851916083419     
         165           4   459.13765461099035        246.58973620654598        24.247553899630539        211.79552694605712     
         166           4   465.80588359707241        265.62268040898988        20.944554443283426        200.41365714781722     
         167           4   447.99129719946461        223.10923938252910        23.384119847578170        199.22149219776799     
         168           4   509.51126681487966        253.59792075013931        28.657254631972165        203.59154875078650     
         169           4   507.53697950959258        249.72199250994018        25.190291999056356        223.23068368701618     
         170           4   480.29544734018725        253.46922904908496        21.960933504653596        209.01508097434021     
         171           4   436.24862854635700        253.31437993748906        21.882884991829528        214.67318834833142     
         172           4   497.06536735850665        275.08626704067927        28.252370258726593        197.11901142926413     
         173           4   460.46234874465966        263.72342889515915        23.184061350217750        219.46589857957846     
         174           4   524.23373565874533        260.53699823465513        23.145487963778180        206.73198928270969     
         175           4   541.48591064642642        245.41541478696618        24.698720325077836        194.94841270732104     
         176           4   512.92017012382212        252.40539232560818        21.296436939521953        219.14432788141448     
         177           4   491.94764456604099        247.31007790810011        27.461768650109043        206.05535080758025     
         178           4   497.37813461207912        257.97509648046235        27.723438205236420        212.98423780441431     
         179           4   457.42515612407880        251.04419589814916        28.018883368839461        146.48261803048271     
         180           4   491.30345574218103        259.78246992160251        25.294297403602023        201.01595281706216     
         181           4   488.64294251883933        242.58245356042212        25.219468004531002        210.68829499412055     
         182           4   502.08561071376744        282.91407833301668        23.915836351381749        199.63318997446808     
         183           4   480.76569407425353        250.90245964032312        24.861781849222403        207.33765679975355     
         184           4   505.20365308264832        251.54943437076207        24.976763590457463        203.52692594853352     
         185           4   482.59707458296867        271.88185715732288        26.741936843145563        205.66460797450108     
         186           4   516.44854015095893        245.75372942515796        22.064489306082191        188.54422860183359     
         187           4   514.55423201856956        253.94341009555032        24.707122792828770        189.97741253085258     
         188           4   479.02811191807587        268.43037066829845        24.555582499075960        202.77364748021617     
         189           4   481.70669413224175        244.51806437734609        27.364781530276431        213.18190078812719     
         190           4   517.81944023377400        261.68820009746054        23.257307825627915        211.13287312698131     
         191           4   528.79585106216132        247.19157118689409        25.775912507973260        218.01639591013912     
         192           4   515.16163119488670        244.62154094748729        24.160003912595798        202.50352452484557     
         193           4   475.16159968904816        253.06644262370236        25.257874096491648        195.81227749636062     
         194           4   472.96470852489784        235.14936985570515        24.770144961427679        189.24312992539936     
         195           4   463.73397076689110        263.09523682798272        24.111345965718382        204.79609535373581     
         196           4   483.08877239125979        264.09712442185304        26.165170448761241        207.54403919023869     
         197           4   503.36497471274322        247.11345677355274        27.876598375533760        197.60202669658486     
         198           4   503.00175617794207        248.00146825613865        27.318420074175506        187.91901434089417     
         199           4   492.47028140250080        244.08258263971592        23.432539174850643        190.33326358345985     
         200           4   522.86824179923940        242.46209920047187        26.999049253436702        209.49371521768165     
