%eval_id  interface X              Y              f              
1        NO_ID     -0.4017513804  1.466452607    172.2800487    
2        NO_ID     -0.2592268744  1.501885107    207.4181976    
3        NO_ID     -1.330418631   1.421882894    17.55035919    
4        NO_ID     0.9963844088   1.548690481    30.9034492     
5        NO_ID     1.31080199     1.561276461    2.559155835    
6        NO_ID     1.659262753    1.557938762    143.2883072    
7        NO_ID     1.115713162    1.545915097    9.079464583    
8        NO_ID     0.6810948388   1.568655216    122.1522791    
9        NO_ID     -0.5441120161  1.420624937    128.8493872    
10       NO_ID     -0.7735661805  1.578842646    99.27140625    
11       NO_ID     -1.822861382   1.57745757     312.5988113    
12       NO_ID     1.161952392    1.51560795     2.764412491    
13       NO_ID     -1.248729148   1.468294053    5.88543671     
14       NO_ID     -1.537645311   1.530857361    75.91115861    
15       NO_ID     0.3297702576   1.422324843    172.9975092    
16       NO_ID     -1.683732008   1.405513486    211.5322861    
17       NO_ID     -0.2664282807  1.454115533    192.9091163    
18       NO_ID     1.775340726    1.452290854    289.4460797    
19       NO_ID     1.583003375    1.416547387    119.0087356    
20       NO_ID     -1.751270665   1.567289827    232.4672362    
21       NO_ID     0.2254517663   1.586242355    236.349496     
22       NO_ID     -0.05799681063 1.508767905    227.7435603    
23       NO_ID     -1.70624039    1.400471141    235.5709069    
24       NO_ID     -0.6781827821  1.480214972    106.914055     
25       NO_ID     1.501221439    1.474630221    60.94086776    
26       NO_ID     -0.9567336882  1.476796303    35.3521977     
27       NO_ID     -1.440971913   1.404290355    51.13148861    
28       NO_ID     -1.661592272   1.539650373    156.2264224    
29       NO_ID     -0.5052373719  1.493746302    155.6493823    
30       NO_ID     -1.236213847   1.427723384    6.010703338    
31       NO_ID     -1.616744126   1.444702153    143.540724     
32       NO_ID     -0.9714480903  1.44163509     28.67940842    
33       NO_ID     1.577799849    1.55920737     86.86942759    
34       NO_ID     1.403749997    1.463538687    25.86541637    
35       NO_ID     -0.9831360422  1.459297985    28.21224792    
36       NO_ID     1.521408123    1.47868081     70.16177837    
37       NO_ID     0.9392491491   1.496417562    37.73136775    
38       NO_ID     -1.998949971   1.555520506    604.4905827    
39       NO_ID     1.894826541    1.460031944    454.6337235    
40       NO_ID     0.05667312331  1.506407565    226.8496034    
41       NO_ID     0.9788487065   1.447391003    23.93663307    
42       NO_ID     -0.5745986217  1.516088021    143.1210396    
43       NO_ID     0.09210812876  1.403310363    195.3783516    
44       NO_ID     -0.7007487036  1.560176518    117.1959655    
45       NO_ID     1.219378542    1.534736638    0.2771141626   
46       NO_ID     1.447832005    1.521478047    33.23309907    
47       NO_ID     -0.7589645217  1.475448536    83.98983996    
48       NO_ID     0.2789398027   1.44222653     186.6838805    
49       NO_ID     -0.186890548   1.426491933    195.0537058    
50       NO_ID     0.3002528111   1.495522166    197.9962465    
51       NO_ID     -1.071335939   1.517796457    17.98307921    
52       NO_ID     1.721254857    1.550454058    199.9692324    
53       NO_ID     1.080341927    1.51259584     11.94051982    
54       NO_ID     1.555122999    1.527319885    79.71188264    
55       NO_ID     0.5466660777   1.461401058    135.3594493    
56       NO_ID     -1.467522304   1.47001601     52.8203418     
57       NO_ID     1.706921229    1.449002831    214.9983902    
58       NO_ID     1.357964145    1.549025265    8.833078369    
59       NO_ID     -0.1268988671  1.544636914    234.9113951    
60       NO_ID     -0.08680705875 1.485656812    219.6654212    
61       NO_ID     0.2853341893   1.595315781    229.7001232    
62       NO_ID     0.7472173457   1.401612764    71.17584662    
63       NO_ID     -1.089288688   1.406443201    9.200435957    
64       NO_ID     -0.8581652905  1.581084215    74.79386832    
65       NO_ID     1.060387338    1.433488704    9.555912185    
66       NO_ID     1.471430728    1.587546042    33.58007307    
67       NO_ID     0.64879644     1.483424415    113.0113327    
68       NO_ID     0.1781338581   1.487400038    212.5725032    
69       NO_ID     -1.844966706   1.566121293    345.8376816    
70       NO_ID     -1.560217084   1.554124971    84.02153219    
71       NO_ID     -1.410365471   1.49201143     30.52262463    
72       NO_ID     1.941058478    1.439066246    543.1428405    
73       NO_ID     0.4892152395   1.529409576    166.6910321    
74       NO_ID     -0.8703939564  1.490104857    57.15681399    
75       NO_ID     1.805944083    1.576441432    284.5695512    
76       NO_ID     0.8790946886   1.503502379    53.40612283    
77       NO_ID     -1.879505013   1.570743147    393.1558829    
78       NO_ID     -0.7852200023  1.430776172    69.48010596    
79       NO_ID     0.9526447747   1.588560098    46.38216042    
80       NO_ID     0.4739017621   1.472372007    155.9745499    
81       NO_ID     -0.9395862719  1.56474567     50.26393473    
82       NO_ID     -1.027288871   1.424080969    17.70818648    
83       NO_ID     0.1405999803   1.583605963    245.2973748    
84       NO_ID     -0.4575069067  1.565284231    185.9902409    
85       NO_ID     -1.054133389   1.465783278    16.79259242    
86       NO_ID     -0.83244293    1.509887142    70.09464137    
87       NO_ID     -0.3234322111  1.536619253    206.8169826    
88       NO_ID     -0.888867144   1.542373269    60.16161322    
89       NO_ID     -1.213342896   1.500507347    4.979011802    
90       NO_ID     0.7634505993   1.469325339    78.63859959    
91       NO_ID     1.993375424    1.411491592    657.398859     
92       NO_ID     0.9115883096   1.464894225    40.1908617     
93       NO_ID     0.4035524476   1.54778627     192.1593288    
94       NO_ID     -0.9054133662  1.574544199    60.59850152    
95       NO_ID     -0.656108701   1.499374837    116.9966068    
96       NO_ID     0.01438782504  1.528464045    234.5283881    
97       NO_ID     1.971679591    1.513854242    564.3732692    
98       NO_ID     -0.7249346934  1.434978268    85.68495865    
99       NO_ID     -0.6337958819  1.438126475    110.087849     
100      NO_ID     -1.559978142   1.552131031    84.24022036    
101      NO_ID     1.492576864    1.510288431    51.72286423    
102      NO_ID     1.228037159    1.519932727    0.06606089049  
103      NO_ID     0.7894179552   1.488576593    74.93534863    
104      NO_ID     0.567676259    1.569272899    155.6919349    
105      NO_ID     -0.2085675573  1.596586708    242.6683355    
106      NO_ID     0.396403288    1.54051778     191.7389637    
107      NO_ID     -1.772475249   1.579290916    251.7889927    
108      NO_ID     0.7243534564   1.504500291    96.07920743    
109      NO_ID     -1.504981347   1.440621023    74.22986619    
110      NO_ID     0.1329718727   1.410909173    194.8600675    
111      NO_ID     1.66443435     1.535805222    152.8495057    
112      NO_ID     0.02335376907  1.423380777    203.3998893    
113      NO_ID     1.873617594    1.514697489    399.0631769    
114      NO_ID     -0.3908848837  1.522863763    189.6445004    
115      NO_ID     0.8816716724   1.437660296    43.6156388     
116      NO_ID     1.048033207    1.453778609    12.63357903    
117      NO_ID     0.4409007224   1.417482694    149.9073225    
118      NO_ID     -1.265527718   1.497034692    6.225178298    
119      NO_ID     1.686307271    1.562863481    164.5078722    
120      NO_ID     -0.5841116432  1.563423032    151.8956453    
121      NO_ID     0.7060460198   1.591304742    119.5084148    
122      NO_ID     -0.1007919605  1.450718806    208.7329927    
123      NO_ID     -0.5380910053  1.456251843    138.4869261    
124      NO_ID     0.3562267773   1.402343402    163.0906645    
125      NO_ID     0.5161618116   1.498094899    151.9356622    
126      NO_ID     -1.915510536   1.48160101     487.0506534    
127      NO_ID     -0.4279502882  1.4792895      170.039019     
128      NO_ID     1.75065877     1.520473288    239.0598813    
129      NO_ID     -0.2260108666  1.592797633    239.1921476    
130      NO_ID     1.625765441    1.41306306     151.6939342    
131      NO_ID     -1.624291562   1.431700736    152.4806542    
132      NO_ID     1.907694962    1.538584319    442.1245752    
133      NO_ID     0.6195068613   1.428705213    109.3298161    
134      NO_ID     -0.3546251179  1.531922931    199.5647166    
135      NO_ID     -0.1532009408  1.419962262    196.3487885    
136      NO_ID     0.4375758577   1.477757657    165.7692375    
137      NO_ID     -0.3664463582  1.580532803    211.031044     
138      NO_ID     0.06929869375  1.523346032    231.4637088    
139      NO_ID     -1.424637249   1.484930086    35.54444874    
140      NO_ID     -1.292596093   1.44633814     10.2945187     
141      NO_ID     -0.03004150328 1.47397327     218.0547372    
142      NO_ID     -1.307597301   1.482946452    10.47174412    
143      NO_ID     -1.138819588   1.551305431    11.04625004    
144      NO_ID     1.279332854    1.590374491    0.2925631285   
145      NO_ID     -1.65722849    1.598411483    138.8500658    
146      NO_ID     1.246939546    1.458602329    0.9874990269   
147      NO_ID     -1.379373838   1.494517173    22.3204711     
148      NO_ID     -1.196921649   1.546433267    6.121778067    
149      NO_ID     -1.954959953   1.556561276    521.8934326    
150      NO_ID     1.433201979    1.511912127    29.58095359    
151      NO_ID     0.5218028838   1.435758598    135.5973245    
152      NO_ID     -0.6102044965  1.445584759    117.7761446    
153      NO_ID     1.791661732    1.505746848    291.0922529    
154      NO_ID     0.8272431217   1.584380846    81.03878454    
155      NO_ID     1.838637288    1.457907855    370.3728515    
156      NO_ID     1.009650007    1.524704581    25.53405878    
157      NO_ID     -0.01164689694 1.48995506     222.9796169    
158      NO_ID     -1.142269401   1.57189689     11.72449434    
159      NO_ID     1.335258231    1.59732265     3.556833154    
160      NO_ID     1.154972553    1.418844437    0.7445261436   
161      NO_ID     1.130847119    1.467595433    3.580918309    
162      NO_ID     -0.2980723672  1.558235206    217.5951218    
163      NO_ID     -0.4876007349  1.432596024    144.9775884    
164      NO_ID     -0.3173597363  1.409362542    172.9906991    
165      NO_ID     0.1050848096   1.429399777    201.9745198    
166      NO_ID     1.390736377    1.443711922    24.20539737    
167      NO_ID     -0.6976516144  1.5262424      110.9431656    
168      NO_ID     1.195524243    1.593947248    2.749818725    
169      NO_ID     -1.116655245   1.599814983    16.93379146    
170      NO_ID     1.840949738    1.543318478    341.3966396    
171      NO_ID     -1.896119145   1.425884823    479.0097611    
172      NO_ID     1.608930127    1.525473776    113.406473     
173      NO_ID     0.2141421216   1.507180315    214.1642       
174      NO_ID     1.035273247    1.594203891    27.29279881    
175      NO_ID     -1.398550261   1.575507666    20.22613504    
176      NO_ID     -0.8150486189  1.451875547    65.32125606    
177      NO_ID     -1.593275767   1.532414398    107.9514709    
178      NO_ID     -1.810816452   1.491798943    327.3295472    
179      NO_ID     1.284427156    1.414571274    5.611948883    
180      NO_ID     -1.795689595   1.533418171    293.7920345    
181      NO_ID     -0.473458864   1.412970032    143.4972265    
182      NO_ID     0.1911450015   1.537145401    225.8369803    
183      NO_ID     -1.002488873   1.471465977    25.77051076    
184      NO_ID     0.3691017268   1.518315169    191.4122923    
185      NO_ID     1.379528694    1.573956122    10.97757295    
186      NO_ID     -1.48908655    1.585383727    46.13732334    
187      NO_ID     0.8472792226   1.407472725    47.57684922    
188      NO_ID     0.5927781991   1.553082004    144.5731597    
189      NO_ID     1.933874686    1.502098956    501.6346284    
190      NO_ID     0.8085535181   1.486626419    69.40350029    
191      NO_ID     -1.169250339   1.415401538    4.938503296    
192      NO_ID     0.6284443283   1.408058553    102.7785132    
193      NO_ID     0.2566779438   1.462646071    195.6470769    
194      NO_ID     -0.1670493999  1.541634484    230.4995475    
195      NO_ID     -1.925012701   1.572368486    463.6548984    
196      NO_ID     -1.359102365   1.582506833    12.56945361    
197      NO_ID     0.6681931878   1.589023974    130.6502808    
198      NO_ID     -1.978458783   1.448452521    616.91118      
199      NO_ID     -0.06568809839 1.436234037    206.1749252    
200      NO_ID     -1.729871088   1.455656098    243.6269695    
