Dakota version 6.14 released May 17 2021.
Repository revision 382229e53 (2021-05-12) built Nov  8 2021 17:11:24.
Running serial Dakota executable in serial mode.
Start time: Fri Aug 26 09:17:14 2022

-----------------------
Begin DAKOTA input file
dakota.in
-----------------------
environment 
 tabular_data 
 tabular_data_file = 'dakotaTab.out' 

method,
 sampling
 sample_type = lhs 
 samples = 200 
 seed = 949

variables 
 active uncertain 
  uniform_uncertain = 2
    lower_bounds = -2 1.4 
    upper_bound = 2 1.6 
    descriptors = 'X' 'Y' 



interface 
  analysis_driver = 'workflow_driver1'
  fork
   parameters_file = 'paramsDakota.in'
   results_file = 'results.out' 
   aprepro 
   work_directory
     named 'workdir' 
     directory_tag
     directory_save
     copy_files = 'templatedir/*' 
  asynchronous evaluation_concurrency = 12

responses
 response_functions = 1
 response_descriptors = 'f' 
 no_gradients
 no_hessians

---------------------
End DAKOTA input file
---------------------

Using Dakota input file 'dakota.in'
Writing new restart file 'dakota.rst'.

>>>>> Executing environment.

>>>>> Running random_sampling iterator.

NonD lhs Samples = 200 Seed (user-specified) = 949

---------------------
Begin Evaluation    1
---------------------
Parameters for evaluation 1:
                     -4.0175138041e-01 X
                      1.4664526065e+00 Y

(Asynchronous job 1 added to queue)

---------------------
Begin Evaluation    2
---------------------
Parameters for evaluation 2:
                     -2.5922687435e-01 X
                      1.5018851070e+00 Y

(Asynchronous job 2 added to queue)

---------------------
Begin Evaluation    3
---------------------
Parameters for evaluation 3:
                     -1.3304186313e+00 X
                      1.4218828943e+00 Y

(Asynchronous job 3 added to queue)

---------------------
Begin Evaluation    4
---------------------
Parameters for evaluation 4:
                      9.9638440880e-01 X
                      1.5486904808e+00 Y

(Asynchronous job 4 added to queue)

---------------------
Begin Evaluation    5
---------------------
Parameters for evaluation 5:
                      1.3108019898e+00 X
                      1.5612764614e+00 Y

(Asynchronous job 5 added to queue)

---------------------
Begin Evaluation    6
---------------------
Parameters for evaluation 6:
                      1.6592627533e+00 X
                      1.5579387623e+00 Y

(Asynchronous job 6 added to queue)

---------------------
Begin Evaluation    7
---------------------
Parameters for evaluation 7:
                      1.1157131621e+00 X
                      1.5459150969e+00 Y

(Asynchronous job 7 added to queue)

---------------------
Begin Evaluation    8
---------------------
Parameters for evaluation 8:
                      6.8109483880e-01 X
                      1.5686552161e+00 Y

(Asynchronous job 8 added to queue)

---------------------
Begin Evaluation    9
---------------------
Parameters for evaluation 9:
                     -5.4411201613e-01 X
                      1.4206249375e+00 Y

(Asynchronous job 9 added to queue)

---------------------
Begin Evaluation   10
---------------------
Parameters for evaluation 10:
                     -7.7356618047e-01 X
                      1.5788426461e+00 Y

(Asynchronous job 10 added to queue)

---------------------
Begin Evaluation   11
---------------------
Parameters for evaluation 11:
                     -1.8228613825e+00 X
                      1.5774575697e+00 Y

(Asynchronous job 11 added to queue)

---------------------
Begin Evaluation   12
---------------------
Parameters for evaluation 12:
                      1.1619523925e+00 X
                      1.5156079499e+00 Y

(Asynchronous job 12 added to queue)

---------------------
Begin Evaluation   13
---------------------
Parameters for evaluation 13:
                     -1.2487291476e+00 X
                      1.4682940533e+00 Y

(Asynchronous job 13 added to queue)

---------------------
Begin Evaluation   14
---------------------
Parameters for evaluation 14:
                     -1.5376453107e+00 X
                      1.5308573612e+00 Y

(Asynchronous job 14 added to queue)

---------------------
Begin Evaluation   15
---------------------
Parameters for evaluation 15:
                      3.2977025758e-01 X
                      1.4223248434e+00 Y

(Asynchronous job 15 added to queue)

---------------------
Begin Evaluation   16
---------------------
Parameters for evaluation 16:
                     -1.6837320085e+00 X
                      1.4055134860e+00 Y

(Asynchronous job 16 added to queue)

---------------------
Begin Evaluation   17
---------------------
Parameters for evaluation 17:
                     -2.6642828075e-01 X
                      1.4541155328e+00 Y

(Asynchronous job 17 added to queue)

---------------------
Begin Evaluation   18
---------------------
Parameters for evaluation 18:
                      1.7753407261e+00 X
                      1.4522908535e+00 Y

(Asynchronous job 18 added to queue)

---------------------
Begin Evaluation   19
---------------------
Parameters for evaluation 19:
                      1.5830033746e+00 X
                      1.4165473871e+00 Y

(Asynchronous job 19 added to queue)

---------------------
Begin Evaluation   20
---------------------
Parameters for evaluation 20:
                     -1.7512706648e+00 X
                      1.5672898267e+00 Y

(Asynchronous job 20 added to queue)

---------------------
Begin Evaluation   21
---------------------
Parameters for evaluation 21:
                      2.2545176628e-01 X
                      1.5862423554e+00 Y

(Asynchronous job 21 added to queue)

---------------------
Begin Evaluation   22
---------------------
Parameters for evaluation 22:
                     -5.7996810628e-02 X
                      1.5087679047e+00 Y

(Asynchronous job 22 added to queue)

---------------------
Begin Evaluation   23
---------------------
Parameters for evaluation 23:
                     -1.7062403898e+00 X
                      1.4004711411e+00 Y

(Asynchronous job 23 added to queue)

---------------------
Begin Evaluation   24
---------------------
Parameters for evaluation 24:
                     -6.7818278207e-01 X
                      1.4802149719e+00 Y

(Asynchronous job 24 added to queue)

---------------------
Begin Evaluation   25
---------------------
Parameters for evaluation 25:
                      1.5012214392e+00 X
                      1.4746302209e+00 Y

(Asynchronous job 25 added to queue)

---------------------
Begin Evaluation   26
---------------------
Parameters for evaluation 26:
                     -9.5673368818e-01 X
                      1.4767963028e+00 Y

(Asynchronous job 26 added to queue)

---------------------
Begin Evaluation   27
---------------------
Parameters for evaluation 27:
                     -1.4409719129e+00 X
                      1.4042903550e+00 Y

(Asynchronous job 27 added to queue)

---------------------
Begin Evaluation   28
---------------------
Parameters for evaluation 28:
                     -1.6615922724e+00 X
                      1.5396503732e+00 Y

(Asynchronous job 28 added to queue)

---------------------
Begin Evaluation   29
---------------------
Parameters for evaluation 29:
                     -5.0523737193e-01 X
                      1.4937463025e+00 Y

(Asynchronous job 29 added to queue)

---------------------
Begin Evaluation   30
---------------------
Parameters for evaluation 30:
                     -1.2362138471e+00 X
                      1.4277233840e+00 Y

(Asynchronous job 30 added to queue)

---------------------
Begin Evaluation   31
---------------------
Parameters for evaluation 31:
                     -1.6167441262e+00 X
                      1.4447021530e+00 Y

(Asynchronous job 31 added to queue)

---------------------
Begin Evaluation   32
---------------------
Parameters for evaluation 32:
                     -9.7144809031e-01 X
                      1.4416350896e+00 Y

(Asynchronous job 32 added to queue)

---------------------
Begin Evaluation   33
---------------------
Parameters for evaluation 33:
                      1.5777998492e+00 X
                      1.5592073700e+00 Y

(Asynchronous job 33 added to queue)

---------------------
Begin Evaluation   34
---------------------
Parameters for evaluation 34:
                      1.4037499972e+00 X
                      1.4635386873e+00 Y

(Asynchronous job 34 added to queue)

---------------------
Begin Evaluation   35
---------------------
Parameters for evaluation 35:
                     -9.8313604224e-01 X
                      1.4592979855e+00 Y

(Asynchronous job 35 added to queue)

---------------------
Begin Evaluation   36
---------------------
Parameters for evaluation 36:
                      1.5214081228e+00 X
                      1.4786808104e+00 Y

(Asynchronous job 36 added to queue)

---------------------
Begin Evaluation   37
---------------------
Parameters for evaluation 37:
                      9.3924914914e-01 X
                      1.4964175623e+00 Y

(Asynchronous job 37 added to queue)

---------------------
Begin Evaluation   38
---------------------
Parameters for evaluation 38:
                     -1.9989499706e+00 X
                      1.5555205055e+00 Y

(Asynchronous job 38 added to queue)

---------------------
Begin Evaluation   39
---------------------
Parameters for evaluation 39:
                      1.8948265406e+00 X
                      1.4600319438e+00 Y

(Asynchronous job 39 added to queue)

---------------------
Begin Evaluation   40
---------------------
Parameters for evaluation 40:
                      5.6673123306e-02 X
                      1.5064075648e+00 Y

(Asynchronous job 40 added to queue)

---------------------
Begin Evaluation   41
---------------------
Parameters for evaluation 41:
                      9.7884870645e-01 X
                      1.4473910031e+00 Y

(Asynchronous job 41 added to queue)

---------------------
Begin Evaluation   42
---------------------
Parameters for evaluation 42:
                     -5.7459862171e-01 X
                      1.5160880205e+00 Y

(Asynchronous job 42 added to queue)

---------------------
Begin Evaluation   43
---------------------
Parameters for evaluation 43:
                      9.2108128755e-02 X
                      1.4033103625e+00 Y

(Asynchronous job 43 added to queue)

---------------------
Begin Evaluation   44
---------------------
Parameters for evaluation 44:
                     -7.0074870357e-01 X
                      1.5601765180e+00 Y

(Asynchronous job 44 added to queue)

---------------------
Begin Evaluation   45
---------------------
Parameters for evaluation 45:
                      1.2193785420e+00 X
                      1.5347366375e+00 Y

(Asynchronous job 45 added to queue)

---------------------
Begin Evaluation   46
---------------------
Parameters for evaluation 46:
                      1.4478320049e+00 X
                      1.5214780467e+00 Y

(Asynchronous job 46 added to queue)

---------------------
Begin Evaluation   47
---------------------
Parameters for evaluation 47:
                     -7.5896452171e-01 X
                      1.4754485357e+00 Y

(Asynchronous job 47 added to queue)

---------------------
Begin Evaluation   48
---------------------
Parameters for evaluation 48:
                      2.7893980267e-01 X
                      1.4422265304e+00 Y

(Asynchronous job 48 added to queue)

---------------------
Begin Evaluation   49
---------------------
Parameters for evaluation 49:
                     -1.8689054795e-01 X
                      1.4264919333e+00 Y

(Asynchronous job 49 added to queue)

---------------------
Begin Evaluation   50
---------------------
Parameters for evaluation 50:
                      3.0025281110e-01 X
                      1.4955221656e+00 Y

(Asynchronous job 50 added to queue)

---------------------
Begin Evaluation   51
---------------------
Parameters for evaluation 51:
                     -1.0713359387e+00 X
                      1.5177964573e+00 Y

(Asynchronous job 51 added to queue)

---------------------
Begin Evaluation   52
---------------------
Parameters for evaluation 52:
                      1.7212548568e+00 X
                      1.5504540581e+00 Y

(Asynchronous job 52 added to queue)

---------------------
Begin Evaluation   53
---------------------
Parameters for evaluation 53:
                      1.0803419270e+00 X
                      1.5125958401e+00 Y

(Asynchronous job 53 added to queue)

---------------------
Begin Evaluation   54
---------------------
Parameters for evaluation 54:
                      1.5551229986e+00 X
                      1.5273198847e+00 Y

(Asynchronous job 54 added to queue)

---------------------
Begin Evaluation   55
---------------------
Parameters for evaluation 55:
                      5.4666607772e-01 X
                      1.4614010577e+00 Y

(Asynchronous job 55 added to queue)

---------------------
Begin Evaluation   56
---------------------
Parameters for evaluation 56:
                     -1.4675223036e+00 X
                      1.4700160103e+00 Y

(Asynchronous job 56 added to queue)

---------------------
Begin Evaluation   57
---------------------
Parameters for evaluation 57:
                      1.7069212293e+00 X
                      1.4490028315e+00 Y

(Asynchronous job 57 added to queue)

---------------------
Begin Evaluation   58
---------------------
Parameters for evaluation 58:
                      1.3579641449e+00 X
                      1.5490252652e+00 Y

(Asynchronous job 58 added to queue)

---------------------
Begin Evaluation   59
---------------------
Parameters for evaluation 59:
                     -1.2689886714e-01 X
                      1.5446369141e+00 Y

(Asynchronous job 59 added to queue)

---------------------
Begin Evaluation   60
---------------------
Parameters for evaluation 60:
                     -8.6807058752e-02 X
                      1.4856568124e+00 Y

(Asynchronous job 60 added to queue)

---------------------
Begin Evaluation   61
---------------------
Parameters for evaluation 61:
                      2.8533418932e-01 X
                      1.5953157813e+00 Y

(Asynchronous job 61 added to queue)

---------------------
Begin Evaluation   62
---------------------
Parameters for evaluation 62:
                      7.4721734570e-01 X
                      1.4016127639e+00 Y

(Asynchronous job 62 added to queue)

---------------------
Begin Evaluation   63
---------------------
Parameters for evaluation 63:
                     -1.0892886883e+00 X
                      1.4064432009e+00 Y

(Asynchronous job 63 added to queue)

---------------------
Begin Evaluation   64
---------------------
Parameters for evaluation 64:
                     -8.5816529046e-01 X
                      1.5810842152e+00 Y

(Asynchronous job 64 added to queue)

---------------------
Begin Evaluation   65
---------------------
Parameters for evaluation 65:
                      1.0603873384e+00 X
                      1.4334887039e+00 Y

(Asynchronous job 65 added to queue)

---------------------
Begin Evaluation   66
---------------------
Parameters for evaluation 66:
                      1.4714307277e+00 X
                      1.5875460422e+00 Y

(Asynchronous job 66 added to queue)

---------------------
Begin Evaluation   67
---------------------
Parameters for evaluation 67:
                      6.4879644003e-01 X
                      1.4834244147e+00 Y

(Asynchronous job 67 added to queue)

---------------------
Begin Evaluation   68
---------------------
Parameters for evaluation 68:
                      1.7813385811e-01 X
                      1.4874000378e+00 Y

(Asynchronous job 68 added to queue)

---------------------
Begin Evaluation   69
---------------------
Parameters for evaluation 69:
                     -1.8449667059e+00 X
                      1.5661212935e+00 Y

(Asynchronous job 69 added to queue)

---------------------
Begin Evaluation   70
---------------------
Parameters for evaluation 70:
                     -1.5602170837e+00 X
                      1.5541249714e+00 Y

(Asynchronous job 70 added to queue)

---------------------
Begin Evaluation   71
---------------------
Parameters for evaluation 71:
                     -1.4103654706e+00 X
                      1.4920114296e+00 Y

(Asynchronous job 71 added to queue)

---------------------
Begin Evaluation   72
---------------------
Parameters for evaluation 72:
                      1.9410584783e+00 X
                      1.4390662459e+00 Y

(Asynchronous job 72 added to queue)

---------------------
Begin Evaluation   73
---------------------
Parameters for evaluation 73:
                      4.8921523954e-01 X
                      1.5294095756e+00 Y

(Asynchronous job 73 added to queue)

---------------------
Begin Evaluation   74
---------------------
Parameters for evaluation 74:
                     -8.7039395643e-01 X
                      1.4901048571e+00 Y

(Asynchronous job 74 added to queue)

---------------------
Begin Evaluation   75
---------------------
Parameters for evaluation 75:
                      1.8059440827e+00 X
                      1.5764414323e+00 Y

(Asynchronous job 75 added to queue)

---------------------
Begin Evaluation   76
---------------------
Parameters for evaluation 76:
                      8.7909468860e-01 X
                      1.5035023787e+00 Y

(Asynchronous job 76 added to queue)

---------------------
Begin Evaluation   77
---------------------
Parameters for evaluation 77:
                     -1.8795050131e+00 X
                      1.5707431470e+00 Y

(Asynchronous job 77 added to queue)

---------------------
Begin Evaluation   78
---------------------
Parameters for evaluation 78:
                     -7.8522000229e-01 X
                      1.4307761723e+00 Y

(Asynchronous job 78 added to queue)

---------------------
Begin Evaluation   79
---------------------
Parameters for evaluation 79:
                      9.5264477474e-01 X
                      1.5885600979e+00 Y

(Asynchronous job 79 added to queue)

---------------------
Begin Evaluation   80
---------------------
Parameters for evaluation 80:
                      4.7390176209e-01 X
                      1.4723720071e+00 Y

(Asynchronous job 80 added to queue)

---------------------
Begin Evaluation   81
---------------------
Parameters for evaluation 81:
                     -9.3958627186e-01 X
                      1.5647456705e+00 Y

(Asynchronous job 81 added to queue)

---------------------
Begin Evaluation   82
---------------------
Parameters for evaluation 82:
                     -1.0272888715e+00 X
                      1.4240809686e+00 Y

(Asynchronous job 82 added to queue)

---------------------
Begin Evaluation   83
---------------------
Parameters for evaluation 83:
                      1.4059998035e-01 X
                      1.5836059626e+00 Y

(Asynchronous job 83 added to queue)

---------------------
Begin Evaluation   84
---------------------
Parameters for evaluation 84:
                     -4.5750690667e-01 X
                      1.5652842305e+00 Y

(Asynchronous job 84 added to queue)

---------------------
Begin Evaluation   85
---------------------
Parameters for evaluation 85:
                     -1.0541333895e+00 X
                      1.4657832775e+00 Y

(Asynchronous job 85 added to queue)

---------------------
Begin Evaluation   86
---------------------
Parameters for evaluation 86:
                     -8.3244293004e-01 X
                      1.5098871420e+00 Y

(Asynchronous job 86 added to queue)

---------------------
Begin Evaluation   87
---------------------
Parameters for evaluation 87:
                     -3.2343221105e-01 X
                      1.5366192534e+00 Y

(Asynchronous job 87 added to queue)

---------------------
Begin Evaluation   88
---------------------
Parameters for evaluation 88:
                     -8.8886714401e-01 X
                      1.5423732692e+00 Y

(Asynchronous job 88 added to queue)

---------------------
Begin Evaluation   89
---------------------
Parameters for evaluation 89:
                     -1.2133428956e+00 X
                      1.5005073470e+00 Y

(Asynchronous job 89 added to queue)

---------------------
Begin Evaluation   90
---------------------
Parameters for evaluation 90:
                      7.6345059934e-01 X
                      1.4693253392e+00 Y

(Asynchronous job 90 added to queue)

---------------------
Begin Evaluation   91
---------------------
Parameters for evaluation 91:
                      1.9933754241e+00 X
                      1.4114915922e+00 Y

(Asynchronous job 91 added to queue)

---------------------
Begin Evaluation   92
---------------------
Parameters for evaluation 92:
                      9.1158830962e-01 X
                      1.4648942249e+00 Y

(Asynchronous job 92 added to queue)

---------------------
Begin Evaluation   93
---------------------
Parameters for evaluation 93:
                      4.0355244758e-01 X
                      1.5477862698e+00 Y

(Asynchronous job 93 added to queue)

---------------------
Begin Evaluation   94
---------------------
Parameters for evaluation 94:
                     -9.0541336620e-01 X
                      1.5745441992e+00 Y

(Asynchronous job 94 added to queue)

---------------------
Begin Evaluation   95
---------------------
Parameters for evaluation 95:
                     -6.5610870096e-01 X
                      1.4993748373e+00 Y

(Asynchronous job 95 added to queue)

---------------------
Begin Evaluation   96
---------------------
Parameters for evaluation 96:
                      1.4387825043e-02 X
                      1.5284640453e+00 Y

(Asynchronous job 96 added to queue)

---------------------
Begin Evaluation   97
---------------------
Parameters for evaluation 97:
                      1.9716795914e+00 X
                      1.5138542424e+00 Y

(Asynchronous job 97 added to queue)

---------------------
Begin Evaluation   98
---------------------
Parameters for evaluation 98:
                     -7.2493469335e-01 X
                      1.4349782683e+00 Y

(Asynchronous job 98 added to queue)

---------------------
Begin Evaluation   99
---------------------
Parameters for evaluation 99:
                     -6.3379588190e-01 X
                      1.4381264747e+00 Y

(Asynchronous job 99 added to queue)

---------------------
Begin Evaluation  100
---------------------
Parameters for evaluation 100:
                     -1.5599781421e+00 X
                      1.5521310308e+00 Y

(Asynchronous job 100 added to queue)

---------------------
Begin Evaluation  101
---------------------
Parameters for evaluation 101:
                      1.4925768639e+00 X
                      1.5102884314e+00 Y

(Asynchronous job 101 added to queue)

---------------------
Begin Evaluation  102
---------------------
Parameters for evaluation 102:
                      1.2280371588e+00 X
                      1.5199327271e+00 Y

(Asynchronous job 102 added to queue)

---------------------
Begin Evaluation  103
---------------------
Parameters for evaluation 103:
                      7.8941795518e-01 X
                      1.4885765933e+00 Y

(Asynchronous job 103 added to queue)

---------------------
Begin Evaluation  104
---------------------
Parameters for evaluation 104:
                      5.6767625903e-01 X
                      1.5692728990e+00 Y

(Asynchronous job 104 added to queue)

---------------------
Begin Evaluation  105
---------------------
Parameters for evaluation 105:
                     -2.0856755735e-01 X
                      1.5965867081e+00 Y

(Asynchronous job 105 added to queue)

---------------------
Begin Evaluation  106
---------------------
Parameters for evaluation 106:
                      3.9640328802e-01 X
                      1.5405177797e+00 Y

(Asynchronous job 106 added to queue)

---------------------
Begin Evaluation  107
---------------------
Parameters for evaluation 107:
                     -1.7724752485e+00 X
                      1.5792909156e+00 Y

(Asynchronous job 107 added to queue)

---------------------
Begin Evaluation  108
---------------------
Parameters for evaluation 108:
                      7.2435345637e-01 X
                      1.5045002915e+00 Y

(Asynchronous job 108 added to queue)

---------------------
Begin Evaluation  109
---------------------
Parameters for evaluation 109:
                     -1.5049813467e+00 X
                      1.4406210230e+00 Y

(Asynchronous job 109 added to queue)

---------------------
Begin Evaluation  110
---------------------
Parameters for evaluation 110:
                      1.3297187268e-01 X
                      1.4109091733e+00 Y

(Asynchronous job 110 added to queue)

---------------------
Begin Evaluation  111
---------------------
Parameters for evaluation 111:
                      1.6644343497e+00 X
                      1.5358052218e+00 Y

(Asynchronous job 111 added to queue)

---------------------
Begin Evaluation  112
---------------------
Parameters for evaluation 112:
                      2.3353769067e-02 X
                      1.4233807772e+00 Y

(Asynchronous job 112 added to queue)

---------------------
Begin Evaluation  113
---------------------
Parameters for evaluation 113:
                      1.8736175936e+00 X
                      1.5146974893e+00 Y

(Asynchronous job 113 added to queue)

---------------------
Begin Evaluation  114
---------------------
Parameters for evaluation 114:
                     -3.9088488370e-01 X
                      1.5228637626e+00 Y

(Asynchronous job 114 added to queue)

---------------------
Begin Evaluation  115
---------------------
Parameters for evaluation 115:
                      8.8167167238e-01 X
                      1.4376602959e+00 Y

(Asynchronous job 115 added to queue)

---------------------
Begin Evaluation  116
---------------------
Parameters for evaluation 116:
                      1.0480332071e+00 X
                      1.4537786093e+00 Y

(Asynchronous job 116 added to queue)

---------------------
Begin Evaluation  117
---------------------
Parameters for evaluation 117:
                      4.4090072236e-01 X
                      1.4174826937e+00 Y

(Asynchronous job 117 added to queue)

---------------------
Begin Evaluation  118
---------------------
Parameters for evaluation 118:
                     -1.2655277179e+00 X
                      1.4970346922e+00 Y

(Asynchronous job 118 added to queue)

---------------------
Begin Evaluation  119
---------------------
Parameters for evaluation 119:
                      1.6863072714e+00 X
                      1.5628634813e+00 Y

(Asynchronous job 119 added to queue)

---------------------
Begin Evaluation  120
---------------------
Parameters for evaluation 120:
                     -5.8411164316e-01 X
                      1.5634230319e+00 Y

(Asynchronous job 120 added to queue)

---------------------
Begin Evaluation  121
---------------------
Parameters for evaluation 121:
                      7.0604601975e-01 X
                      1.5913047422e+00 Y

(Asynchronous job 121 added to queue)

---------------------
Begin Evaluation  122
---------------------
Parameters for evaluation 122:
                     -1.0079196046e-01 X
                      1.4507188055e+00 Y

(Asynchronous job 122 added to queue)

---------------------
Begin Evaluation  123
---------------------
Parameters for evaluation 123:
                     -5.3809100528e-01 X
                      1.4562518431e+00 Y

(Asynchronous job 123 added to queue)

---------------------
Begin Evaluation  124
---------------------
Parameters for evaluation 124:
                      3.5622677733e-01 X
                      1.4023434020e+00 Y

(Asynchronous job 124 added to queue)

---------------------
Begin Evaluation  125
---------------------
Parameters for evaluation 125:
                      5.1616181158e-01 X
                      1.4980948990e+00 Y

(Asynchronous job 125 added to queue)

---------------------
Begin Evaluation  126
---------------------
Parameters for evaluation 126:
                     -1.9155105357e+00 X
                      1.4816010100e+00 Y

(Asynchronous job 126 added to queue)

---------------------
Begin Evaluation  127
---------------------
Parameters for evaluation 127:
                     -4.2795028824e-01 X
                      1.4792895000e+00 Y

(Asynchronous job 127 added to queue)

---------------------
Begin Evaluation  128
---------------------
Parameters for evaluation 128:
                      1.7506587704e+00 X
                      1.5204732884e+00 Y

(Asynchronous job 128 added to queue)

---------------------
Begin Evaluation  129
---------------------
Parameters for evaluation 129:
                     -2.2601086659e-01 X
                      1.5927976334e+00 Y

(Asynchronous job 129 added to queue)

---------------------
Begin Evaluation  130
---------------------
Parameters for evaluation 130:
                      1.6257654412e+00 X
                      1.4130630601e+00 Y

(Asynchronous job 130 added to queue)

---------------------
Begin Evaluation  131
---------------------
Parameters for evaluation 131:
                     -1.6242915622e+00 X
                      1.4317007356e+00 Y

(Asynchronous job 131 added to queue)

---------------------
Begin Evaluation  132
---------------------
Parameters for evaluation 132:
                      1.9076949615e+00 X
                      1.5385843191e+00 Y

(Asynchronous job 132 added to queue)

---------------------
Begin Evaluation  133
---------------------
Parameters for evaluation 133:
                      6.1950686131e-01 X
                      1.4287052126e+00 Y

(Asynchronous job 133 added to queue)

---------------------
Begin Evaluation  134
---------------------
Parameters for evaluation 134:
                     -3.5462511793e-01 X
                      1.5319229311e+00 Y

(Asynchronous job 134 added to queue)

---------------------
Begin Evaluation  135
---------------------
Parameters for evaluation 135:
                     -1.5320094081e-01 X
                      1.4199622616e+00 Y

(Asynchronous job 135 added to queue)

---------------------
Begin Evaluation  136
---------------------
Parameters for evaluation 136:
                      4.3757585774e-01 X
                      1.4777576566e+00 Y

(Asynchronous job 136 added to queue)

---------------------
Begin Evaluation  137
---------------------
Parameters for evaluation 137:
                     -3.6644635823e-01 X
                      1.5805328025e+00 Y

(Asynchronous job 137 added to queue)

---------------------
Begin Evaluation  138
---------------------
Parameters for evaluation 138:
                      6.9298693752e-02 X
                      1.5233460321e+00 Y

(Asynchronous job 138 added to queue)

---------------------
Begin Evaluation  139
---------------------
Parameters for evaluation 139:
                     -1.4246372493e+00 X
                      1.4849300859e+00 Y

(Asynchronous job 139 added to queue)

---------------------
Begin Evaluation  140
---------------------
Parameters for evaluation 140:
                     -1.2925960930e+00 X
                      1.4463381397e+00 Y

(Asynchronous job 140 added to queue)

---------------------
Begin Evaluation  141
---------------------
Parameters for evaluation 141:
                     -3.0041503278e-02 X
                      1.4739732698e+00 Y

(Asynchronous job 141 added to queue)

---------------------
Begin Evaluation  142
---------------------
Parameters for evaluation 142:
                     -1.3075973014e+00 X
                      1.4829464522e+00 Y

(Asynchronous job 142 added to queue)

---------------------
Begin Evaluation  143
---------------------
Parameters for evaluation 143:
                     -1.1388195876e+00 X
                      1.5513054307e+00 Y

(Asynchronous job 143 added to queue)

---------------------
Begin Evaluation  144
---------------------
Parameters for evaluation 144:
                      1.2793328544e+00 X
                      1.5903744907e+00 Y

(Asynchronous job 144 added to queue)

---------------------
Begin Evaluation  145
---------------------
Parameters for evaluation 145:
                     -1.6572284898e+00 X
                      1.5984114828e+00 Y

(Asynchronous job 145 added to queue)

---------------------
Begin Evaluation  146
---------------------
Parameters for evaluation 146:
                      1.2469395463e+00 X
                      1.4586023291e+00 Y

(Asynchronous job 146 added to queue)

---------------------
Begin Evaluation  147
---------------------
Parameters for evaluation 147:
                     -1.3793738375e+00 X
                      1.4945171734e+00 Y

(Asynchronous job 147 added to queue)

---------------------
Begin Evaluation  148
---------------------
Parameters for evaluation 148:
                     -1.1969216488e+00 X
                      1.5464332666e+00 Y

(Asynchronous job 148 added to queue)

---------------------
Begin Evaluation  149
---------------------
Parameters for evaluation 149:
                     -1.9549599528e+00 X
                      1.5565612763e+00 Y

(Asynchronous job 149 added to queue)

---------------------
Begin Evaluation  150
---------------------
Parameters for evaluation 150:
                      1.4332019792e+00 X
                      1.5119121271e+00 Y

(Asynchronous job 150 added to queue)

---------------------
Begin Evaluation  151
---------------------
Parameters for evaluation 151:
                      5.2180288384e-01 X
                      1.4357585976e+00 Y

(Asynchronous job 151 added to queue)

---------------------
Begin Evaluation  152
---------------------
Parameters for evaluation 152:
                     -6.1020449650e-01 X
                      1.4455847586e+00 Y

(Asynchronous job 152 added to queue)

---------------------
Begin Evaluation  153
---------------------
Parameters for evaluation 153:
                      1.7916617324e+00 X
                      1.5057468476e+00 Y

(Asynchronous job 153 added to queue)

---------------------
Begin Evaluation  154
---------------------
Parameters for evaluation 154:
                      8.2724312170e-01 X
                      1.5843808455e+00 Y

(Asynchronous job 154 added to queue)

---------------------
Begin Evaluation  155
---------------------
Parameters for evaluation 155:
                      1.8386372880e+00 X
                      1.4579078550e+00 Y

(Asynchronous job 155 added to queue)

---------------------
Begin Evaluation  156
---------------------
Parameters for evaluation 156:
                      1.0096500065e+00 X
                      1.5247045809e+00 Y

(Asynchronous job 156 added to queue)

---------------------
Begin Evaluation  157
---------------------
Parameters for evaluation 157:
                     -1.1646896941e-02 X
                      1.4899550604e+00 Y

(Asynchronous job 157 added to queue)

---------------------
Begin Evaluation  158
---------------------
Parameters for evaluation 158:
                     -1.1422694013e+00 X
                      1.5718968902e+00 Y

(Asynchronous job 158 added to queue)

---------------------
Begin Evaluation  159
---------------------
Parameters for evaluation 159:
                      1.3352582307e+00 X
                      1.5973226498e+00 Y

(Asynchronous job 159 added to queue)

---------------------
Begin Evaluation  160
---------------------
Parameters for evaluation 160:
                      1.1549725527e+00 X
                      1.4188444374e+00 Y

(Asynchronous job 160 added to queue)

---------------------
Begin Evaluation  161
---------------------
Parameters for evaluation 161:
                      1.1308471194e+00 X
                      1.4675954327e+00 Y

(Asynchronous job 161 added to queue)

---------------------
Begin Evaluation  162
---------------------
Parameters for evaluation 162:
                     -2.9807236721e-01 X
                      1.5582352057e+00 Y

(Asynchronous job 162 added to queue)

---------------------
Begin Evaluation  163
---------------------
Parameters for evaluation 163:
                     -4.8760073487e-01 X
                      1.4325960244e+00 Y

(Asynchronous job 163 added to queue)

---------------------
Begin Evaluation  164
---------------------
Parameters for evaluation 164:
                     -3.1735973628e-01 X
                      1.4093625417e+00 Y

(Asynchronous job 164 added to queue)

---------------------
Begin Evaluation  165
---------------------
Parameters for evaluation 165:
                      1.0508480957e-01 X
                      1.4293997773e+00 Y

(Asynchronous job 165 added to queue)

---------------------
Begin Evaluation  166
---------------------
Parameters for evaluation 166:
                      1.3907363773e+00 X
                      1.4437119216e+00 Y

(Asynchronous job 166 added to queue)

---------------------
Begin Evaluation  167
---------------------
Parameters for evaluation 167:
                     -6.9765161437e-01 X
                      1.5262424000e+00 Y

(Asynchronous job 167 added to queue)

---------------------
Begin Evaluation  168
---------------------
Parameters for evaluation 168:
                      1.1955242434e+00 X
                      1.5939472482e+00 Y

(Asynchronous job 168 added to queue)

---------------------
Begin Evaluation  169
---------------------
Parameters for evaluation 169:
                     -1.1166552448e+00 X
                      1.5998149834e+00 Y

(Asynchronous job 169 added to queue)

---------------------
Begin Evaluation  170
---------------------
Parameters for evaluation 170:
                      1.8409497381e+00 X
                      1.5433184783e+00 Y

(Asynchronous job 170 added to queue)

---------------------
Begin Evaluation  171
---------------------
Parameters for evaluation 171:
                     -1.8961191449e+00 X
                      1.4258848232e+00 Y

(Asynchronous job 171 added to queue)

---------------------
Begin Evaluation  172
---------------------
Parameters for evaluation 172:
                      1.6089301274e+00 X
                      1.5254737759e+00 Y

(Asynchronous job 172 added to queue)

---------------------
Begin Evaluation  173
---------------------
Parameters for evaluation 173:
                      2.1414212164e-01 X
                      1.5071803147e+00 Y

(Asynchronous job 173 added to queue)

---------------------
Begin Evaluation  174
---------------------
Parameters for evaluation 174:
                      1.0352732474e+00 X
                      1.5942038915e+00 Y

(Asynchronous job 174 added to queue)

---------------------
Begin Evaluation  175
---------------------
Parameters for evaluation 175:
                     -1.3985502613e+00 X
                      1.5755076658e+00 Y

(Asynchronous job 175 added to queue)

---------------------
Begin Evaluation  176
---------------------
Parameters for evaluation 176:
                     -8.1504861890e-01 X
                      1.4518755468e+00 Y

(Asynchronous job 176 added to queue)

---------------------
Begin Evaluation  177
---------------------
Parameters for evaluation 177:
                     -1.5932757674e+00 X
                      1.5324143984e+00 Y

(Asynchronous job 177 added to queue)

---------------------
Begin Evaluation  178
---------------------
Parameters for evaluation 178:
                     -1.8108164518e+00 X
                      1.4917989434e+00 Y

(Asynchronous job 178 added to queue)

---------------------
Begin Evaluation  179
---------------------
Parameters for evaluation 179:
                      1.2844271563e+00 X
                      1.4145712738e+00 Y

(Asynchronous job 179 added to queue)

---------------------
Begin Evaluation  180
---------------------
Parameters for evaluation 180:
                     -1.7956895948e+00 X
                      1.5334181714e+00 Y

(Asynchronous job 180 added to queue)

---------------------
Begin Evaluation  181
---------------------
Parameters for evaluation 181:
                     -4.7345886401e-01 X
                      1.4129700317e+00 Y

(Asynchronous job 181 added to queue)

---------------------
Begin Evaluation  182
---------------------
Parameters for evaluation 182:
                      1.9114500152e-01 X
                      1.5371454010e+00 Y

(Asynchronous job 182 added to queue)

---------------------
Begin Evaluation  183
---------------------
Parameters for evaluation 183:
                     -1.0024888729e+00 X
                      1.4714659771e+00 Y

(Asynchronous job 183 added to queue)

---------------------
Begin Evaluation  184
---------------------
Parameters for evaluation 184:
                      3.6910172679e-01 X
                      1.5183151694e+00 Y

(Asynchronous job 184 added to queue)

---------------------
Begin Evaluation  185
---------------------
Parameters for evaluation 185:
                      1.3795286940e+00 X
                      1.5739561216e+00 Y

(Asynchronous job 185 added to queue)

---------------------
Begin Evaluation  186
---------------------
Parameters for evaluation 186:
                     -1.4890865504e+00 X
                      1.5853837271e+00 Y

(Asynchronous job 186 added to queue)

---------------------
Begin Evaluation  187
---------------------
Parameters for evaluation 187:
                      8.4727922255e-01 X
                      1.4074727246e+00 Y

(Asynchronous job 187 added to queue)

---------------------
Begin Evaluation  188
---------------------
Parameters for evaluation 188:
                      5.9277819907e-01 X
                      1.5530820036e+00 Y

(Asynchronous job 188 added to queue)

---------------------
Begin Evaluation  189
---------------------
Parameters for evaluation 189:
                      1.9338746858e+00 X
                      1.5020989564e+00 Y

(Asynchronous job 189 added to queue)

---------------------
Begin Evaluation  190
---------------------
Parameters for evaluation 190:
                      8.0855351811e-01 X
                      1.4866264194e+00 Y

(Asynchronous job 190 added to queue)

---------------------
Begin Evaluation  191
---------------------
Parameters for evaluation 191:
                     -1.1692503392e+00 X
                      1.4154015380e+00 Y

(Asynchronous job 191 added to queue)

---------------------
Begin Evaluation  192
---------------------
Parameters for evaluation 192:
                      6.2844432831e-01 X
                      1.4080585534e+00 Y

(Asynchronous job 192 added to queue)

---------------------
Begin Evaluation  193
---------------------
Parameters for evaluation 193:
                      2.5667794379e-01 X
                      1.4626460709e+00 Y

(Asynchronous job 193 added to queue)

---------------------
Begin Evaluation  194
---------------------
Parameters for evaluation 194:
                     -1.6704939994e-01 X
                      1.5416344843e+00 Y

(Asynchronous job 194 added to queue)

---------------------
Begin Evaluation  195
---------------------
Parameters for evaluation 195:
                     -1.9250127013e+00 X
                      1.5723684860e+00 Y

(Asynchronous job 195 added to queue)

---------------------
Begin Evaluation  196
---------------------
Parameters for evaluation 196:
                     -1.3591023653e+00 X
                      1.5825068326e+00 Y

(Asynchronous job 196 added to queue)

---------------------
Begin Evaluation  197
---------------------
Parameters for evaluation 197:
                      6.6819318782e-01 X
                      1.5890239736e+00 Y

(Asynchronous job 197 added to queue)

---------------------
Begin Evaluation  198
---------------------
Parameters for evaluation 198:
                     -1.9784587833e+00 X
                      1.4484525212e+00 Y

(Asynchronous job 198 added to queue)

---------------------
Begin Evaluation  199
---------------------
Parameters for evaluation 199:
                     -6.5688098394e-02 X
                      1.4362340373e+00 Y

(Asynchronous job 199 added to queue)

---------------------
Begin Evaluation  200
---------------------
Parameters for evaluation 200:
                     -1.7298710879e+00 X
                      1.4556560979e+00 Y

(Asynchronous job 200 added to queue)

Blocking synchronize of 200 asynchronous evaluations
First pass: initiating 12 local asynchronous jobs
Initiating evaluation 1
nonblocking fork: workflow_driver1 paramsDakota.in results.out
Initiating evaluation 2
nonblocking fork: workflow_driver1 paramsDakota.in results.out
Initiating evaluation 3
nonblocking fork: workflow_driver1 paramsDakota.in results.out
Initiating evaluation 4
nonblocking fork: workflow_driver1 paramsDakota.in results.out
Initiating evaluation 5
nonblocking fork: workflow_driver1 paramsDakota.in results.out
Initiating evaluation 6
nonblocking fork: workflow_driver1 paramsDakota.in results.out
Initiating evaluation 7
nonblocking fork: workflow_driver1 paramsDakota.in results.out
Initiating evaluation 8
nonblocking fork: workflow_driver1 paramsDakota.in results.out
Initiating evaluation 9
nonblocking fork: workflow_driver1 paramsDakota.in results.out
Initiating evaluation 10
nonblocking fork: workflow_driver1 paramsDakota.in results.out
Initiating evaluation 11
nonblocking fork: workflow_driver1 paramsDakota.in results.out
Initiating evaluation 12
nonblocking fork: workflow_driver1 paramsDakota.in results.out
Second pass: scheduling 188 remaining local asynchronous jobs
Waiting on completed jobs
Evaluation 1 has completed
Evaluation 2 has completed
Evaluation 3 has completed
Evaluation 4 has completed
Evaluation 5 has completed
Evaluation 6 has completed
Evaluation 7 has completed
Evaluation 8 has completed
Initiating evaluation 13
nonblocking fork: workflow_driver1 paramsDakota.in results.out
Initiating evaluation 14
nonblocking fork: workflow_driver1 paramsDakota.in results.out
Initiating evaluation 15
nonblocking fork: workflow_driver1 paramsDakota.in results.out
Initiating evaluation 16
nonblocking fork: workflow_driver1 paramsDakota.in results.out
Initiating evaluation 17
nonblocking fork: workflow_driver1 paramsDakota.in results.out
Initiating evaluation 18
nonblocking fork: workflow_driver1 paramsDakota.in results.out
Initiating evaluation 19
nonblocking fork: workflow_driver1 paramsDakota.in results.out
Initiating evaluation 20
nonblocking fork: workflow_driver1 paramsDakota.in results.out
Waiting on completed jobs
Evaluation 9 has completed
Evaluation 10 has completed
Evaluation 11 has completed
Evaluation 12 has completed
Evaluation 13 has completed
Evaluation 14 has completed
Evaluation 15 has completed
Evaluation 16 has completed
Initiating evaluation 21
nonblocking fork: workflow_driver1 paramsDakota.in results.out
Initiating evaluation 22
nonblocking fork: workflow_driver1 paramsDakota.in results.out
Initiating evaluation 23
nonblocking fork: workflow_driver1 paramsDakota.in results.out
Initiating evaluation 24
nonblocking fork: workflow_driver1 paramsDakota.in results.out
Initiating evaluation 25
nonblocking fork: workflow_driver1 paramsDakota.in results.out
Initiating evaluation 26
nonblocking fork: workflow_driver1 paramsDakota.in results.out
Initiating evaluation 27
nonblocking fork: workflow_driver1 paramsDakota.in results.out
Initiating evaluation 28
nonblocking fork: workflow_driver1 paramsDakota.in results.out
Waiting on completed jobs
Evaluation 17 has completed
Evaluation 18 has completed
Evaluation 19 has completed
Evaluation 20 has completed
Evaluation 21 has completed
Evaluation 22 has completed
Evaluation 23 has completed
Evaluation 24 has completed
Initiating evaluation 29
nonblocking fork: workflow_driver1 paramsDakota.in results.out
Initiating evaluation 30
nonblocking fork: workflow_driver1 paramsDakota.in results.out
Initiating evaluation 31
nonblocking fork: workflow_driver1 paramsDakota.in results.out
Initiating evaluation 32
nonblocking fork: workflow_driver1 paramsDakota.in results.out
Initiating evaluation 33
nonblocking fork: workflow_driver1 paramsDakota.in results.out
Initiating evaluation 34
nonblocking fork: workflow_driver1 paramsDakota.in results.out
Initiating evaluation 35
nonblocking fork: workflow_driver1 paramsDakota.in results.out
Initiating evaluation 36
nonblocking fork: workflow_driver1 paramsDakota.in results.out
Waiting on completed jobs
Evaluation 25 has completed
Evaluation 26 has completed
Evaluation 27 has completed
Evaluation 28 has completed
Evaluation 29 has completed
Evaluation 30 has completed
Evaluation 31 has completed
Initiating evaluation 37
nonblocking fork: workflow_driver1 paramsDakota.in results.out
Initiating evaluation 38
nonblocking fork: workflow_driver1 paramsDakota.in results.out
Initiating evaluation 39
nonblocking fork: workflow_driver1 paramsDakota.in results.out
Initiating evaluation 40
nonblocking fork: workflow_driver1 paramsDakota.in results.out
Initiating evaluation 41
nonblocking fork: workflow_driver1 paramsDakota.in results.out
Initiating evaluation 42
nonblocking fork: workflow_driver1 paramsDakota.in results.out
Initiating evaluation 43
nonblocking fork: workflow_driver1 paramsDakota.in results.out
Waiting on completed jobs
Evaluation 32 has completed
Evaluation 33 has completed
Evaluation 34 has completed
Evaluation 35 has completed
Evaluation 36 has completed
Evaluation 37 has completed
Evaluation 38 has completed
Evaluation 39 has completed
Initiating evaluation 44
nonblocking fork: workflow_driver1 paramsDakota.in results.out
Initiating evaluation 45
nonblocking fork: workflow_driver1 paramsDakota.in results.out
Initiating evaluation 46
nonblocking fork: workflow_driver1 paramsDakota.in results.out
Initiating evaluation 47
nonblocking fork: workflow_driver1 paramsDakota.in results.out
Initiating evaluation 48
nonblocking fork: workflow_driver1 paramsDakota.in results.out
Initiating evaluation 49
nonblocking fork: workflow_driver1 paramsDakota.in results.out
Initiating evaluation 50
nonblocking fork: workflow_driver1 paramsDakota.in results.out
Initiating evaluation 51
nonblocking fork: workflow_driver1 paramsDakota.in results.out
Waiting on completed jobs
Evaluation 40 has completed
Evaluation 41 has completed
Evaluation 42 has completed
Evaluation 43 has completed
Evaluation 44 has completed
Evaluation 45 has completed
Evaluation 46 has completed
Initiating evaluation 52
nonblocking fork: workflow_driver1 paramsDakota.in results.out
Initiating evaluation 53
nonblocking fork: workflow_driver1 paramsDakota.in results.out
Initiating evaluation 54
nonblocking fork: workflow_driver1 paramsDakota.in results.out
Initiating evaluation 55
nonblocking fork: workflow_driver1 paramsDakota.in results.out
Initiating evaluation 56
nonblocking fork: workflow_driver1 paramsDakota.in results.out
Initiating evaluation 57
nonblocking fork: workflow_driver1 paramsDakota.in results.out
Initiating evaluation 58
nonblocking fork: workflow_driver1 paramsDakota.in results.out
Waiting on completed jobs
Evaluation 47 has completed
Evaluation 48 has completed
Evaluation 49 has completed
Evaluation 50 has completed
Evaluation 51 has completed
Evaluation 52 has completed
Evaluation 53 has completed
Evaluation 54 has completed
Initiating evaluation 59
nonblocking fork: workflow_driver1 paramsDakota.in results.out
Initiating evaluation 60
nonblocking fork: workflow_driver1 paramsDakota.in results.out
Initiating evaluation 61
nonblocking fork: workflow_driver1 paramsDakota.in results.out
Initiating evaluation 62
nonblocking fork: workflow_driver1 paramsDakota.in results.out
Initiating evaluation 63
nonblocking fork: workflow_driver1 paramsDakota.in results.out
Initiating evaluation 64
nonblocking fork: workflow_driver1 paramsDakota.in results.out
Initiating evaluation 65
nonblocking fork: workflow_driver1 paramsDakota.in results.out
Initiating evaluation 66
nonblocking fork: workflow_driver1 paramsDakota.in results.out
Waiting on completed jobs
Evaluation 55 has completed
Evaluation 56 has completed
Evaluation 57 has completed
Evaluation 58 has completed
Evaluation 59 has completed
Evaluation 60 has completed
Evaluation 61 has completed
Initiating evaluation 67
nonblocking fork: workflow_driver1 paramsDakota.in results.out
Initiating evaluation 68
nonblocking fork: workflow_driver1 paramsDakota.in results.out
Initiating evaluation 69
nonblocking fork: workflow_driver1 paramsDakota.in results.out
Initiating evaluation 70
nonblocking fork: workflow_driver1 paramsDakota.in results.out
Initiating evaluation 71
nonblocking fork: workflow_driver1 paramsDakota.in results.out
Initiating evaluation 72
nonblocking fork: workflow_driver1 paramsDakota.in results.out
Initiating evaluation 73
nonblocking fork: workflow_driver1 paramsDakota.in results.out
Waiting on completed jobs
Evaluation 62 has completed
Evaluation 63 has completed
Evaluation 64 has completed
Evaluation 65 has completed
Evaluation 66 has completed
Evaluation 67 has completed
Evaluation 68 has completed
Initiating evaluation 74
nonblocking fork: workflow_driver1 paramsDakota.in results.out
Initiating evaluation 75
nonblocking fork: workflow_driver1 paramsDakota.in results.out
Initiating evaluation 76
nonblocking fork: workflow_driver1 paramsDakota.in results.out
Initiating evaluation 77
nonblocking fork: workflow_driver1 paramsDakota.in results.out
Initiating evaluation 78
nonblocking fork: workflow_driver1 paramsDakota.in results.out
Initiating evaluation 79
nonblocking fork: workflow_driver1 paramsDakota.in results.out
Initiating evaluation 80
nonblocking fork: workflow_driver1 paramsDakota.in results.out
Waiting on completed jobs
Evaluation 69 has completed
Evaluation 70 has completed
Evaluation 71 has completed
Evaluation 72 has completed
Evaluation 73 has completed
Evaluation 74 has completed
Evaluation 75 has completed
Evaluation 76 has completed
Initiating evaluation 81
nonblocking fork: workflow_driver1 paramsDakota.in results.out
Initiating evaluation 82
nonblocking fork: workflow_driver1 paramsDakota.in results.out
Initiating evaluation 83
nonblocking fork: workflow_driver1 paramsDakota.in results.out
Initiating evaluation 84
nonblocking fork: workflow_driver1 paramsDakota.in results.out
Initiating evaluation 85
nonblocking fork: workflow_driver1 paramsDakota.in results.out
Initiating evaluation 86
nonblocking fork: workflow_driver1 paramsDakota.in results.out
Initiating evaluation 87
nonblocking fork: workflow_driver1 paramsDakota.in results.out
Initiating evaluation 88
nonblocking fork: workflow_driver1 paramsDakota.in results.out
Waiting on completed jobs
Evaluation 77 has completed
Evaluation 78 has completed
Evaluation 79 has completed
Evaluation 80 has completed
Evaluation 81 has completed
Evaluation 82 has completed
Evaluation 83 has completed
Initiating evaluation 89
nonblocking fork: workflow_driver1 paramsDakota.in results.out
Initiating evaluation 90
nonblocking fork: workflow_driver1 paramsDakota.in results.out
Initiating evaluation 91
nonblocking fork: workflow_driver1 paramsDakota.in results.out
Initiating evaluation 92
nonblocking fork: workflow_driver1 paramsDakota.in results.out
Initiating evaluation 93
nonblocking fork: workflow_driver1 paramsDakota.in results.out
Initiating evaluation 94
nonblocking fork: workflow_driver1 paramsDakota.in results.out
Initiating evaluation 95
nonblocking fork: workflow_driver1 paramsDakota.in results.out
Waiting on completed jobs
Evaluation 84 has completed
Evaluation 85 has completed
Evaluation 86 has completed
Evaluation 87 has completed
Evaluation 88 has completed
Evaluation 89 has completed
Evaluation 90 has completed
Initiating evaluation 96
nonblocking fork: workflow_driver1 paramsDakota.in results.out
Initiating evaluation 97
nonblocking fork: workflow_driver1 paramsDakota.in results.out
Initiating evaluation 98
nonblocking fork: workflow_driver1 paramsDakota.in results.out
Initiating evaluation 99
nonblocking fork: workflow_driver1 paramsDakota.in results.out
Initiating evaluation 100
nonblocking fork: workflow_driver1 paramsDakota.in results.out
Initiating evaluation 101
nonblocking fork: workflow_driver1 paramsDakota.in results.out
Initiating evaluation 102
nonblocking fork: workflow_driver1 paramsDakota.in results.out
Waiting on completed jobs
Evaluation 91 has completed
Evaluation 92 has completed
Evaluation 93 has completed
Evaluation 94 has completed
Evaluation 95 has completed
Evaluation 96 has completed
Evaluation 97 has completed
Initiating evaluation 103
nonblocking fork: workflow_driver1 paramsDakota.in results.out
Initiating evaluation 104
nonblocking fork: workflow_driver1 paramsDakota.in results.out
Initiating evaluation 105
nonblocking fork: workflow_driver1 paramsDakota.in results.out
Initiating evaluation 106
nonblocking fork: workflow_driver1 paramsDakota.in results.out
Initiating evaluation 107
nonblocking fork: workflow_driver1 paramsDakota.in results.out
Initiating evaluation 108
nonblocking fork: workflow_driver1 paramsDakota.in results.out
Initiating evaluation 109
nonblocking fork: workflow_driver1 paramsDakota.in results.out
Waiting on completed jobs
Evaluation 98 has completed
Evaluation 99 has completed
Evaluation 100 has completed
Evaluation 101 has completed
Evaluation 102 has completed
Evaluation 103 has completed
Evaluation 104 has completed
Initiating evaluation 110
nonblocking fork: workflow_driver1 paramsDakota.in results.out
Initiating evaluation 111
nonblocking fork: workflow_driver1 paramsDakota.in results.out
Initiating evaluation 112
nonblocking fork: workflow_driver1 paramsDakota.in results.out
Initiating evaluation 113
nonblocking fork: workflow_driver1 paramsDakota.in results.out
Initiating evaluation 114
nonblocking fork: workflow_driver1 paramsDakota.in results.out
Initiating evaluation 115
nonblocking fork: workflow_driver1 paramsDakota.in results.out
Initiating evaluation 116
nonblocking fork: workflow_driver1 paramsDakota.in results.out
Waiting on completed jobs
Evaluation 105 has completed
Evaluation 106 has completed
Evaluation 107 has completed
Evaluation 108 has completed
Evaluation 109 has completed
Evaluation 110 has completed
Evaluation 111 has completed
Initiating evaluation 117
nonblocking fork: workflow_driver1 paramsDakota.in results.out
Initiating evaluation 118
nonblocking fork: workflow_driver1 paramsDakota.in results.out
Initiating evaluation 119
nonblocking fork: workflow_driver1 paramsDakota.in results.out
Initiating evaluation 120
nonblocking fork: workflow_driver1 paramsDakota.in results.out
Initiating evaluation 121
nonblocking fork: workflow_driver1 paramsDakota.in results.out
Initiating evaluation 122
nonblocking fork: workflow_driver1 paramsDakota.in results.out
Initiating evaluation 123
nonblocking fork: workflow_driver1 paramsDakota.in results.out
Waiting on completed jobs
Evaluation 112 has completed
Evaluation 113 has completed
Evaluation 114 has completed
Evaluation 115 has completed
Evaluation 116 has completed
Evaluation 117 has completed
Evaluation 118 has completed
Evaluation 119 has completed
Initiating evaluation 124
nonblocking fork: workflow_driver1 paramsDakota.in results.out
Initiating evaluation 125
nonblocking fork: workflow_driver1 paramsDakota.in results.out
Initiating evaluation 126
nonblocking fork: workflow_driver1 paramsDakota.in results.out
Initiating evaluation 127
nonblocking fork: workflow_driver1 paramsDakota.in results.out
Initiating evaluation 128
nonblocking fork: workflow_driver1 paramsDakota.in results.out
Initiating evaluation 129
nonblocking fork: workflow_driver1 paramsDakota.in results.out
Initiating evaluation 130
nonblocking fork: workflow_driver1 paramsDakota.in results.out
Initiating evaluation 131
nonblocking fork: workflow_driver1 paramsDakota.in results.out
Waiting on completed jobs
Evaluation 120 has completed
Evaluation 121 has completed
Evaluation 122 has completed
Evaluation 123 has completed
Evaluation 124 has completed
Evaluation 125 has completed
Evaluation 126 has completed
Evaluation 127 has completed
Initiating evaluation 132
nonblocking fork: workflow_driver1 paramsDakota.in results.out
Initiating evaluation 133
nonblocking fork: workflow_driver1 paramsDakota.in results.out
Initiating evaluation 134
nonblocking fork: workflow_driver1 paramsDakota.in results.out
Initiating evaluation 135
nonblocking fork: workflow_driver1 paramsDakota.in results.out
Initiating evaluation 136
nonblocking fork: workflow_driver1 paramsDakota.in results.out
Initiating evaluation 137
nonblocking fork: workflow_driver1 paramsDakota.in results.out
Initiating evaluation 138
nonblocking fork: workflow_driver1 paramsDakota.in results.out
Initiating evaluation 139
nonblocking fork: workflow_driver1 paramsDakota.in results.out
Waiting on completed jobs
Evaluation 128 has completed
Evaluation 129 has completed
Evaluation 130 has completed
Evaluation 131 has completed
Evaluation 132 has completed
Evaluation 133 has completed
Evaluation 134 has completed
Evaluation 135 has completed
Initiating evaluation 140
nonblocking fork: workflow_driver1 paramsDakota.in results.out
Initiating evaluation 141
nonblocking fork: workflow_driver1 paramsDakota.in results.out
Initiating evaluation 142
nonblocking fork: workflow_driver1 paramsDakota.in results.out
Initiating evaluation 143
nonblocking fork: workflow_driver1 paramsDakota.in results.out
Initiating evaluation 144
nonblocking fork: workflow_driver1 paramsDakota.in results.out
Initiating evaluation 145
nonblocking fork: workflow_driver1 paramsDakota.in results.out
Initiating evaluation 146
nonblocking fork: workflow_driver1 paramsDakota.in results.out
Initiating evaluation 147
nonblocking fork: workflow_driver1 paramsDakota.in results.out
Waiting on completed jobs
Evaluation 136 has completed
Evaluation 137 has completed
Evaluation 138 has completed
Evaluation 139 has completed
Evaluation 140 has completed
Evaluation 141 has completed
Evaluation 142 has completed
Evaluation 143 has completed
Initiating evaluation 148
nonblocking fork: workflow_driver1 paramsDakota.in results.out
Initiating evaluation 149
nonblocking fork: workflow_driver1 paramsDakota.in results.out
Initiating evaluation 150
nonblocking fork: workflow_driver1 paramsDakota.in results.out
Initiating evaluation 151
nonblocking fork: workflow_driver1 paramsDakota.in results.out
Initiating evaluation 152
nonblocking fork: workflow_driver1 paramsDakota.in results.out
Initiating evaluation 153
nonblocking fork: workflow_driver1 paramsDakota.in results.out
Initiating evaluation 154
nonblocking fork: workflow_driver1 paramsDakota.in results.out
Initiating evaluation 155
nonblocking fork: workflow_driver1 paramsDakota.in results.out
Waiting on completed jobs
Evaluation 144 has completed
Evaluation 145 has completed
Evaluation 146 has completed
Evaluation 147 has completed
Evaluation 148 has completed
Evaluation 149 has completed
Evaluation 150 has completed
Evaluation 151 has completed
Initiating evaluation 156
nonblocking fork: workflow_driver1 paramsDakota.in results.out
Initiating evaluation 157
nonblocking fork: workflow_driver1 paramsDakota.in results.out
Initiating evaluation 158
nonblocking fork: workflow_driver1 paramsDakota.in results.out
Initiating evaluation 159
nonblocking fork: workflow_driver1 paramsDakota.in results.out
Initiating evaluation 160
nonblocking fork: workflow_driver1 paramsDakota.in results.out
Initiating evaluation 161
nonblocking fork: workflow_driver1 paramsDakota.in results.out
Initiating evaluation 162
nonblocking fork: workflow_driver1 paramsDakota.in results.out
Initiating evaluation 163
nonblocking fork: workflow_driver1 paramsDakota.in results.out
Waiting on completed jobs
Evaluation 152 has completed
Evaluation 153 has completed
Evaluation 154 has completed
Evaluation 155 has completed
Evaluation 156 has completed
Evaluation 157 has completed
Evaluation 158 has completed
Evaluation 159 has completed
Initiating evaluation 164
nonblocking fork: workflow_driver1 paramsDakota.in results.out
Initiating evaluation 165
nonblocking fork: workflow_driver1 paramsDakota.in results.out
Initiating evaluation 166
nonblocking fork: workflow_driver1 paramsDakota.in results.out
Initiating evaluation 167
nonblocking fork: workflow_driver1 paramsDakota.in results.out
Initiating evaluation 168
nonblocking fork: workflow_driver1 paramsDakota.in results.out
Initiating evaluation 169
nonblocking fork: workflow_driver1 paramsDakota.in results.out
Initiating evaluation 170
nonblocking fork: workflow_driver1 paramsDakota.in results.out
Initiating evaluation 171
nonblocking fork: workflow_driver1 paramsDakota.in results.out
Waiting on completed jobs
Evaluation 160 has completed
Evaluation 161 has completed
Evaluation 162 has completed
Evaluation 163 has completed
Evaluation 164 has completed
Evaluation 165 has completed
Evaluation 166 has completed
Evaluation 167 has completed
Initiating evaluation 172
nonblocking fork: workflow_driver1 paramsDakota.in results.out
Initiating evaluation 173
nonblocking fork: workflow_driver1 paramsDakota.in results.out
Initiating evaluation 174
nonblocking fork: workflow_driver1 paramsDakota.in results.out
Initiating evaluation 175
nonblocking fork: workflow_driver1 paramsDakota.in results.out
Initiating evaluation 176
nonblocking fork: workflow_driver1 paramsDakota.in results.out
Initiating evaluation 177
nonblocking fork: workflow_driver1 paramsDakota.in results.out
Initiating evaluation 178
nonblocking fork: workflow_driver1 paramsDakota.in results.out
Initiating evaluation 179
nonblocking fork: workflow_driver1 paramsDakota.in results.out
Waiting on completed jobs
Evaluation 168 has completed
Evaluation 169 has completed
Evaluation 170 has completed
Evaluation 171 has completed
Evaluation 172 has completed
Evaluation 173 has completed
Evaluation 174 has completed
Evaluation 175 has completed
Initiating evaluation 180
nonblocking fork: workflow_driver1 paramsDakota.in results.out
Initiating evaluation 181
nonblocking fork: workflow_driver1 paramsDakota.in results.out
Initiating evaluation 182
nonblocking fork: workflow_driver1 paramsDakota.in results.out
Initiating evaluation 183
nonblocking fork: workflow_driver1 paramsDakota.in results.out
Initiating evaluation 184
nonblocking fork: workflow_driver1 paramsDakota.in results.out
Initiating evaluation 185
nonblocking fork: workflow_driver1 paramsDakota.in results.out
Initiating evaluation 186
nonblocking fork: workflow_driver1 paramsDakota.in results.out
Initiating evaluation 187
nonblocking fork: workflow_driver1 paramsDakota.in results.out
Waiting on completed jobs
Evaluation 176 has completed
Evaluation 177 has completed
Evaluation 178 has completed
Evaluation 179 has completed
Evaluation 180 has completed
Evaluation 181 has completed
Evaluation 182 has completed
Initiating evaluation 188
nonblocking fork: workflow_driver1 paramsDakota.in results.out
Initiating evaluation 189
nonblocking fork: workflow_driver1 paramsDakota.in results.out
Initiating evaluation 190
nonblocking fork: workflow_driver1 paramsDakota.in results.out
Initiating evaluation 191
nonblocking fork: workflow_driver1 paramsDakota.in results.out
Initiating evaluation 192
nonblocking fork: workflow_driver1 paramsDakota.in results.out
Initiating evaluation 193
nonblocking fork: workflow_driver1 paramsDakota.in results.out
Initiating evaluation 194
nonblocking fork: workflow_driver1 paramsDakota.in results.out
Waiting on completed jobs
Evaluation 183 has completed
Evaluation 184 has completed
Evaluation 185 has completed
Evaluation 186 has completed
Evaluation 187 has completed
Evaluation 188 has completed
Evaluation 189 has completed
Initiating evaluation 195
nonblocking fork: workflow_driver1 paramsDakota.in results.out
Initiating evaluation 196
nonblocking fork: workflow_driver1 paramsDakota.in results.out
Initiating evaluation 197
nonblocking fork: workflow_driver1 paramsDakota.in results.out
Initiating evaluation 198
nonblocking fork: workflow_driver1 paramsDakota.in results.out
Initiating evaluation 199
nonblocking fork: workflow_driver1 paramsDakota.in results.out
Initiating evaluation 200
nonblocking fork: workflow_driver1 paramsDakota.in results.out
Waiting on completed jobs
Evaluation 190 has completed
Evaluation 191 has completed
Evaluation 192 has completed
Evaluation 193 has completed
Evaluation 194 has completed
Evaluation 195 has completed
Waiting on completed jobs
Evaluation 196 has completed
Waiting on completed jobs
Evaluation 197 has completed
Waiting on completed jobs
Evaluation 198 has completed
Waiting on completed jobs
Evaluation 199 has completed
Waiting on completed jobs
Evaluation 200 has completed

Active response data for evaluation 1:
Active set vector = { 1 }
                      1.7228004866e+02 f


Active response data for evaluation 2:
Active set vector = { 1 }
                      2.0741819759e+02 f


Active response data for evaluation 3:
Active set vector = { 1 }
                      1.7550359190e+01 f


Active response data for evaluation 4:
Active set vector = { 1 }
                      3.0903449196e+01 f


Active response data for evaluation 5:
Active set vector = { 1 }
                      2.5591558353e+00 f


Active response data for evaluation 6:
Active set vector = { 1 }
                      1.4328830717e+02 f


Active response data for evaluation 7:
Active set vector = { 1 }
                      9.0794645826e+00 f


Active response data for evaluation 8:
Active set vector = { 1 }
                      1.2215227912e+02 f


Active response data for evaluation 9:
Active set vector = { 1 }
                      1.2884938723e+02 f


Active response data for evaluation 10:
Active set vector = { 1 }
                      9.9271406251e+01 f


Active response data for evaluation 11:
Active set vector = { 1 }
                      3.1259881126e+02 f


Active response data for evaluation 12:
Active set vector = { 1 }
                      2.7644124905e+00 f


Active response data for evaluation 13:
Active set vector = { 1 }
                      5.8854367096e+00 f


Active response data for evaluation 14:
Active set vector = { 1 }
                      7.5911158612e+01 f


Active response data for evaluation 15:
Active set vector = { 1 }
                      1.7299750920e+02 f


Active response data for evaluation 16:
Active set vector = { 1 }
                      2.1153228608e+02 f


Active response data for evaluation 17:
Active set vector = { 1 }
                      1.9290911633e+02 f


Active response data for evaluation 18:
Active set vector = { 1 }
                      2.8944607971e+02 f


Active response data for evaluation 19:
Active set vector = { 1 }
                      1.1900873560e+02 f


Active response data for evaluation 20:
Active set vector = { 1 }
                      2.3246723624e+02 f


Active response data for evaluation 21:
Active set vector = { 1 }
                      2.3634949604e+02 f


Active response data for evaluation 22:
Active set vector = { 1 }
                      2.2774356028e+02 f


Active response data for evaluation 23:
Active set vector = { 1 }
                      2.3557090690e+02 f


Active response data for evaluation 24:
Active set vector = { 1 }
                      1.0691405501e+02 f


Active response data for evaluation 25:
Active set vector = { 1 }
                      6.0940867764e+01 f


Active response data for evaluation 26:
Active set vector = { 1 }
                      3.5352197701e+01 f


Active response data for evaluation 27:
Active set vector = { 1 }
                      5.1131488611e+01 f


Active response data for evaluation 28:
Active set vector = { 1 }
                      1.5622642237e+02 f


Active response data for evaluation 29:
Active set vector = { 1 }
                      1.5564938225e+02 f


Active response data for evaluation 30:
Active set vector = { 1 }
                      6.0107033377e+00 f


Active response data for evaluation 31:
Active set vector = { 1 }
                      1.4354072397e+02 f


Active response data for evaluation 32:
Active set vector = { 1 }
                      2.8679408416e+01 f


Active response data for evaluation 33:
Active set vector = { 1 }
                      8.6869427586e+01 f


Active response data for evaluation 34:
Active set vector = { 1 }
                      2.5865416370e+01 f


Active response data for evaluation 35:
Active set vector = { 1 }
                      2.8212247924e+01 f


Active response data for evaluation 36:
Active set vector = { 1 }
                      7.0161778374e+01 f


Active response data for evaluation 37:
Active set vector = { 1 }
                      3.7731367749e+01 f


Active response data for evaluation 38:
Active set vector = { 1 }
                      6.0449058271e+02 f


Active response data for evaluation 39:
Active set vector = { 1 }
                      4.5463372345e+02 f


Active response data for evaluation 40:
Active set vector = { 1 }
                      2.2684960341e+02 f


Active response data for evaluation 41:
Active set vector = { 1 }
                      2.3936633071e+01 f


Active response data for evaluation 42:
Active set vector = { 1 }
                      1.4312103961e+02 f


Active response data for evaluation 43:
Active set vector = { 1 }
                      1.9537835165e+02 f


Active response data for evaluation 44:
Active set vector = { 1 }
                      1.1719596553e+02 f


Active response data for evaluation 45:
Active set vector = { 1 }
                      2.7711416265e-01 f


Active response data for evaluation 46:
Active set vector = { 1 }
                      3.3233099066e+01 f


Active response data for evaluation 47:
Active set vector = { 1 }
                      8.3989839957e+01 f


Active response data for evaluation 48:
Active set vector = { 1 }
                      1.8668388045e+02 f


Active response data for evaluation 49:
Active set vector = { 1 }
                      1.9505370582e+02 f


Active response data for evaluation 50:
Active set vector = { 1 }
                      1.9799624648e+02 f


Active response data for evaluation 51:
Active set vector = { 1 }
                      1.7983079211e+01 f


Active response data for evaluation 52:
Active set vector = { 1 }
                      1.9996923242e+02 f


Active response data for evaluation 53:
Active set vector = { 1 }
                      1.1940519820e+01 f


Active response data for evaluation 54:
Active set vector = { 1 }
                      7.9711882644e+01 f


Active response data for evaluation 55:
Active set vector = { 1 }
                      1.3535944926e+02 f


Active response data for evaluation 56:
Active set vector = { 1 }
                      5.2820341799e+01 f


Active response data for evaluation 57:
Active set vector = { 1 }
                      2.1499839018e+02 f


Active response data for evaluation 58:
Active set vector = { 1 }
                      8.8330783691e+00 f


Active response data for evaluation 59:
Active set vector = { 1 }
                      2.3491139513e+02 f


Active response data for evaluation 60:
Active set vector = { 1 }
                      2.1966542122e+02 f


Active response data for evaluation 61:
Active set vector = { 1 }
                      2.2970012323e+02 f


Active response data for evaluation 62:
Active set vector = { 1 }
                      7.1175846624e+01 f


Active response data for evaluation 63:
Active set vector = { 1 }
                      9.2004359568e+00 f


Active response data for evaluation 64:
Active set vector = { 1 }
                      7.4793868322e+01 f


Active response data for evaluation 65:
Active set vector = { 1 }
                      9.5559121851e+00 f


Active response data for evaluation 66:
Active set vector = { 1 }
                      3.3580073075e+01 f


Active response data for evaluation 67:
Active set vector = { 1 }
                      1.1301133271e+02 f


Active response data for evaluation 68:
Active set vector = { 1 }
                      2.1257250324e+02 f


Active response data for evaluation 69:
Active set vector = { 1 }
                      3.4583768165e+02 f


Active response data for evaluation 70:
Active set vector = { 1 }
                      8.4021532185e+01 f


Active response data for evaluation 71:
Active set vector = { 1 }
                      3.0522624635e+01 f


Active response data for evaluation 72:
Active set vector = { 1 }
                      5.4314284053e+02 f


Active response data for evaluation 73:
Active set vector = { 1 }
                      1.6669103212e+02 f


Active response data for evaluation 74:
Active set vector = { 1 }
                      5.7156813988e+01 f


Active response data for evaluation 75:
Active set vector = { 1 }
                      2.8456955124e+02 f


Active response data for evaluation 76:
Active set vector = { 1 }
                      5.3406122832e+01 f


Active response data for evaluation 77:
Active set vector = { 1 }
                      3.9315588294e+02 f


Active response data for evaluation 78:
Active set vector = { 1 }
                      6.9480105960e+01 f


Active response data for evaluation 79:
Active set vector = { 1 }
                      4.6382160420e+01 f


Active response data for evaluation 80:
Active set vector = { 1 }
                      1.5597454990e+02 f


Active response data for evaluation 81:
Active set vector = { 1 }
                      5.0263934732e+01 f


Active response data for evaluation 82:
Active set vector = { 1 }
                      1.7708186483e+01 f


Active response data for evaluation 83:
Active set vector = { 1 }
                      2.4529737484e+02 f


Active response data for evaluation 84:
Active set vector = { 1 }
                      1.8599024089e+02 f


Active response data for evaluation 85:
Active set vector = { 1 }
                      1.6792592416e+01 f


Active response data for evaluation 86:
Active set vector = { 1 }
                      7.0094641374e+01 f


Active response data for evaluation 87:
Active set vector = { 1 }
                      2.0681698263e+02 f


Active response data for evaluation 88:
Active set vector = { 1 }
                      6.0161613223e+01 f


Active response data for evaluation 89:
Active set vector = { 1 }
                      4.9790118018e+00 f


Active response data for evaluation 90:
Active set vector = { 1 }
                      7.8638599593e+01 f


Active response data for evaluation 91:
Active set vector = { 1 }
                      6.5739885901e+02 f


Active response data for evaluation 92:
Active set vector = { 1 }
                      4.0190861703e+01 f


Active response data for evaluation 93:
Active set vector = { 1 }
                      1.9215932880e+02 f


Active response data for evaluation 94:
Active set vector = { 1 }
                      6.0598501516e+01 f


Active response data for evaluation 95:
Active set vector = { 1 }
                      1.1699660677e+02 f


Active response data for evaluation 96:
Active set vector = { 1 }
                      2.3452838810e+02 f


Active response data for evaluation 97:
Active set vector = { 1 }
                      5.6437326924e+02 f


Active response data for evaluation 98:
Active set vector = { 1 }
                      8.5684958652e+01 f


Active response data for evaluation 99:
Active set vector = { 1 }
                      1.1008784900e+02 f


Active response data for evaluation 100:
Active set vector = { 1 }
                      8.4240220362e+01 f


Active response data for evaluation 101:
Active set vector = { 1 }
                      5.1722864228e+01 f


Active response data for evaluation 102:
Active set vector = { 1 }
                      6.6060890486e-02 f


Active response data for evaluation 103:
Active set vector = { 1 }
                      7.4935348628e+01 f


Active response data for evaluation 104:
Active set vector = { 1 }
                      1.5569193489e+02 f


Active response data for evaluation 105:
Active set vector = { 1 }
                      2.4266833551e+02 f


Active response data for evaluation 106:
Active set vector = { 1 }
                      1.9173896369e+02 f


Active response data for evaluation 107:
Active set vector = { 1 }
                      2.5178899268e+02 f


Active response data for evaluation 108:
Active set vector = { 1 }
                      9.6079207435e+01 f


Active response data for evaluation 109:
Active set vector = { 1 }
                      7.4229866189e+01 f


Active response data for evaluation 110:
Active set vector = { 1 }
                      1.9486006745e+02 f


Active response data for evaluation 111:
Active set vector = { 1 }
                      1.5284950572e+02 f


Active response data for evaluation 112:
Active set vector = { 1 }
                      2.0339988934e+02 f


Active response data for evaluation 113:
Active set vector = { 1 }
                      3.9906317693e+02 f


Active response data for evaluation 114:
Active set vector = { 1 }
                      1.8964450036e+02 f


Active response data for evaluation 115:
Active set vector = { 1 }
                      4.3615638799e+01 f


Active response data for evaluation 116:
Active set vector = { 1 }
                      1.2633579028e+01 f


Active response data for evaluation 117:
Active set vector = { 1 }
                      1.4990732254e+02 f


Active response data for evaluation 118:
Active set vector = { 1 }
                      6.2251782981e+00 f


Active response data for evaluation 119:
Active set vector = { 1 }
                      1.6450787221e+02 f


Active response data for evaluation 120:
Active set vector = { 1 }
                      1.5189564527e+02 f


Active response data for evaluation 121:
Active set vector = { 1 }
                      1.1950841478e+02 f


Active response data for evaluation 122:
Active set vector = { 1 }
                      2.0873299271e+02 f


Active response data for evaluation 123:
Active set vector = { 1 }
                      1.3848692609e+02 f


Active response data for evaluation 124:
Active set vector = { 1 }
                      1.6309066454e+02 f


Active response data for evaluation 125:
Active set vector = { 1 }
                      1.5193566220e+02 f


Active response data for evaluation 126:
Active set vector = { 1 }
                      4.8705065340e+02 f


Active response data for evaluation 127:
Active set vector = { 1 }
                      1.7003901898e+02 f


Active response data for evaluation 128:
Active set vector = { 1 }
                      2.3905988128e+02 f


Active response data for evaluation 129:
Active set vector = { 1 }
                      2.3919214760e+02 f


Active response data for evaluation 130:
Active set vector = { 1 }
                      1.5169393425e+02 f


Active response data for evaluation 131:
Active set vector = { 1 }
                      1.5248065417e+02 f


Active response data for evaluation 132:
Active set vector = { 1 }
                      4.4212457518e+02 f


Active response data for evaluation 133:
Active set vector = { 1 }
                      1.0932981615e+02 f


Active response data for evaluation 134:
Active set vector = { 1 }
                      1.9956471657e+02 f


Active response data for evaluation 135:
Active set vector = { 1 }
                      1.9634878853e+02 f


Active response data for evaluation 136:
Active set vector = { 1 }
                      1.6576923754e+02 f


Active response data for evaluation 137:
Active set vector = { 1 }
                      2.1103104402e+02 f


Active response data for evaluation 138:
Active set vector = { 1 }
                      2.3146370882e+02 f


Active response data for evaluation 139:
Active set vector = { 1 }
                      3.5544448743e+01 f


Active response data for evaluation 140:
Active set vector = { 1 }
                      1.0294518701e+01 f


Active response data for evaluation 141:
Active set vector = { 1 }
                      2.1805473717e+02 f


Active response data for evaluation 142:
Active set vector = { 1 }
                      1.0471744123e+01 f


Active response data for evaluation 143:
Active set vector = { 1 }
                      1.1046250044e+01 f


Active response data for evaluation 144:
Active set vector = { 1 }
                      2.9256312849e-01 f


Active response data for evaluation 145:
Active set vector = { 1 }
                      1.3885006583e+02 f


Active response data for evaluation 146:
Active set vector = { 1 }
                      9.8749902690e-01 f


Active response data for evaluation 147:
Active set vector = { 1 }
                      2.2320471101e+01 f


Active response data for evaluation 148:
Active set vector = { 1 }
                      6.1217780667e+00 f


Active response data for evaluation 149:
Active set vector = { 1 }
                      5.2189343257e+02 f


Active response data for evaluation 150:
Active set vector = { 1 }
                      2.9580953590e+01 f


Active response data for evaluation 151:
Active set vector = { 1 }
                      1.3559732450e+02 f


Active response data for evaluation 152:
Active set vector = { 1 }
                      1.1777614465e+02 f


Active response data for evaluation 153:
Active set vector = { 1 }
                      2.9109225286e+02 f


Active response data for evaluation 154:
Active set vector = { 1 }
                      8.1038784544e+01 f


Active response data for evaluation 155:
Active set vector = { 1 }
                      3.7037285151e+02 f


Active response data for evaluation 156:
Active set vector = { 1 }
                      2.5534058783e+01 f


Active response data for evaluation 157:
Active set vector = { 1 }
                      2.2297961694e+02 f


Active response data for evaluation 158:
Active set vector = { 1 }
                      1.1724494338e+01 f


Active response data for evaluation 159:
Active set vector = { 1 }
                      3.5568331539e+00 f


Active response data for evaluation 160:
Active set vector = { 1 }
                      7.4452614362e-01 f


Active response data for evaluation 161:
Active set vector = { 1 }
                      3.5809183086e+00 f


Active response data for evaluation 162:
Active set vector = { 1 }
                      2.1759512178e+02 f


Active response data for evaluation 163:
Active set vector = { 1 }
                      1.4497758838e+02 f


Active response data for evaluation 164:
Active set vector = { 1 }
                      1.7299069914e+02 f


Active response data for evaluation 165:
Active set vector = { 1 }
                      2.0197451982e+02 f


Active response data for evaluation 166:
Active set vector = { 1 }
                      2.4205397374e+01 f


Active response data for evaluation 167:
Active set vector = { 1 }
                      1.1094316559e+02 f


Active response data for evaluation 168:
Active set vector = { 1 }
                      2.7498187255e+00 f


Active response data for evaluation 169:
Active set vector = { 1 }
                      1.6933791463e+01 f


Active response data for evaluation 170:
Active set vector = { 1 }
                      3.4139663957e+02 f


Active response data for evaluation 171:
Active set vector = { 1 }
                      4.7900976111e+02 f


Active response data for evaluation 172:
Active set vector = { 1 }
                      1.1340647297e+02 f


Active response data for evaluation 173:
Active set vector = { 1 }
                      2.1416419996e+02 f


Active response data for evaluation 174:
Active set vector = { 1 }
                      2.7292798811e+01 f


Active response data for evaluation 175:
Active set vector = { 1 }
                      2.0226135043e+01 f


Active response data for evaluation 176:
Active set vector = { 1 }
                      6.5321256061e+01 f


Active response data for evaluation 177:
Active set vector = { 1 }
                      1.0795147092e+02 f


Active response data for evaluation 178:
Active set vector = { 1 }
                      3.2732954719e+02 f


Active response data for evaluation 179:
Active set vector = { 1 }
                      5.6119488829e+00 f


Active response data for evaluation 180:
Active set vector = { 1 }
                      2.9379203450e+02 f


Active response data for evaluation 181:
Active set vector = { 1 }
                      1.4349722654e+02 f


Active response data for evaluation 182:
Active set vector = { 1 }
                      2.2583698030e+02 f


Active response data for evaluation 183:
Active set vector = { 1 }
                      2.5770510761e+01 f


Active response data for evaluation 184:
Active set vector = { 1 }
                      1.9141229225e+02 f


Active response data for evaluation 185:
Active set vector = { 1 }
                      1.0977572952e+01 f


Active response data for evaluation 186:
Active set vector = { 1 }
                      4.6137323340e+01 f


Active response data for evaluation 187:
Active set vector = { 1 }
                      4.7576849217e+01 f


Active response data for evaluation 188:
Active set vector = { 1 }
                      1.4457315972e+02 f


Active response data for evaluation 189:
Active set vector = { 1 }
                      5.0163462837e+02 f


Active response data for evaluation 190:
Active set vector = { 1 }
                      6.9403500291e+01 f


Active response data for evaluation 191:
Active set vector = { 1 }
                      4.9385032958e+00 f


Active response data for evaluation 192:
Active set vector = { 1 }
                      1.0277851322e+02 f


Active response data for evaluation 193:
Active set vector = { 1 }
                      1.9564707695e+02 f


Active response data for evaluation 194:
Active set vector = { 1 }
                      2.3049954749e+02 f


Active response data for evaluation 195:
Active set vector = { 1 }
                      4.6365489840e+02 f


Active response data for evaluation 196:
Active set vector = { 1 }
                      1.2569453611e+01 f


Active response data for evaluation 197:
Active set vector = { 1 }
                      1.3065028076e+02 f


Active response data for evaluation 198:
Active set vector = { 1 }
                      6.1691117997e+02 f


Active response data for evaluation 199:
Active set vector = { 1 }
                      2.0617492517e+02 f


Active response data for evaluation 200:
Active set vector = { 1 }
                      2.4362696948e+02 f

<<<<< Function evaluation summary: 200 total (200 new, 0 duplicate)
-----------------------------------------------------------------------------
Statistics based on 200 samples:

Sample moment statistics for each response function:
                            Mean           Std Dev          Skewness          Kurtosis
             f  1.4651907346e+02  1.3401020235e+02  1.4519801841e+00  2.4228696330e+00

95% confidence intervals for each response function:
                    LowerCI_Mean      UpperCI_Mean    LowerCI_StdDev    UpperCI_StdDev
             f  1.2783290734e+02  1.6520523958e+02  1.2203805081e+02  1.4860725313e+02

Simple Correlation Matrix among all inputs and outputs:
                        X            Y            f 
           X  1.00000e+00 
           Y  4.87707e-03  1.00000e+00 
           f -1.34162e-02  1.62196e-02  1.00000e+00 

Partial Correlation Matrix between input and output:
                        f 
           X -1.34972e-02 
           Y  1.62867e-02 

Simple Rank Correlation Matrix among all inputs and outputs:
                        X            Y            f 
           X  1.00000e+00 
           Y  4.99662e-03  1.00000e+00 
           f -3.40434e-02  3.85885e-02  1.00000e+00 

Partial Rank Correlation Matrix between input and output:
                        f 
           X -3.42621e-02 
           Y  3.87815e-02 

-----------------------------------------------------------------------------

<<<<< Iterator random_sampling completed.
<<<<< Environment execution completed.
DAKOTA execution time in seconds:
  Total CPU        =    1.59676 [parent =    1.59671, child =    5.2e-05]
  Total wall clock =     4.9999
