1

                                             * * * * * * * * *  L H S  * * * * * * * * *

                                             LATIN HYPERCUBE AND RANDOM SAMPLING PROGRAM

                                             * * * * * * * * * * * * * * * * * * * * * *


    Run on  8/26/22 at  9:17:14.39 with LHS Version: 2.30 Release 1, Compiled May 31, 2001        


0    Pecos::LHSDriver

    Random Seed =         949

    Number of Variables =   2

    Number of Observations =  200
0   The sample was written to the file: LHS_samples.out
0   Input was read from the file: 
0   The sample input vectors will be printed along with their corresponding ranks.
0   Histograms of the actual sample will be plotted for each input variable.
0   The correlation matrices (raw data and rank correlations) will be printed.
1

    Pecos::LHSDriver                                                                                                             

    VARIABLE  DISTRIBUTION          RANGE            LABEL
0       1        UNIFORM    -2.00     TO   2.00                                                        
0       2        UNIFORM     1.40     TO   1.60                                                        
1Pecos::LHSDriver                                                                                                             
0LATIN HYPERCUBE SAMPLE INPUT VECTORS

 RUN NO. X(1)      X(2)
0    1-0.402      1.47    
0    2-0.259      1.50    
0    3 -1.33      1.42    
0    4 0.996      1.55    
0    5  1.31      1.56    
0    6  1.66      1.56    
0    7  1.12      1.55    
0    8 0.681      1.57    
0    9-0.544      1.42    
0   10-0.774      1.58    
0   11 -1.82      1.58    
0   12  1.16      1.52    
0   13 -1.25      1.47    
0   14 -1.54      1.53    
0   15 0.330      1.42    
0   16 -1.68      1.41    
0   17-0.266      1.45    
0   18  1.78      1.45    
0   19  1.58      1.42    
0   20 -1.75      1.57    
0   21 0.225      1.59    
0   22-5.800E-02  1.51    
0   23 -1.71      1.40    
0   24-0.678      1.48    
0   25  1.50      1.47    
0   26-0.957      1.48    
0   27 -1.44      1.40    
0   28 -1.66      1.54    
0   29-0.505      1.49    
0   30 -1.24      1.43    
0   31 -1.62      1.44    
0   32-0.971      1.44    
0   33  1.58      1.56    
0   34  1.40      1.46    
0   35-0.983      1.46    
0   36  1.52      1.48    
0   37 0.939      1.50    
0   38 -2.00      1.56    
0   39  1.89      1.46    
0   40 5.667E-02  1.51    
0   41 0.979      1.45    
0   42-0.575      1.52    
0   43 9.211E-02  1.40    
0   44-0.701      1.56    
0   45  1.22      1.53    
0   46  1.45      1.52    
0   47-0.759      1.48    
0   48 0.279      1.44    
0   49-0.187      1.43    
0   50 0.300      1.50    
0   51 -1.07      1.52    
0   52  1.72      1.55    
0   53  1.08      1.51    
0   54  1.56      1.53    
0   55 0.547      1.46    
0   56 -1.47      1.47    
0   57  1.71      1.45    
0   58  1.36      1.55    
0   59-0.127      1.54    
0   60-8.681E-02  1.49    
0   61 0.285      1.60    
0   62 0.747      1.40    
0   63 -1.09      1.41    
0   64-0.858      1.58    
0   65  1.06      1.43    
0   66  1.47      1.59    
0   67 0.649      1.48    
0   68 0.178      1.49    
0   69 -1.84      1.57    
0   70 -1.56      1.55    
0   71 -1.41      1.49    
0   72  1.94      1.44    
0   73 0.489      1.53    
0   74-0.870      1.49    
0   75  1.81      1.58    
0   76 0.879      1.50    
0   77 -1.88      1.57    
0   78-0.785      1.43    
0   79 0.953      1.59    
0   80 0.474      1.47    
0   81-0.940      1.56    
0   82 -1.03      1.42    
0   83 0.141      1.58    
0   84-0.458      1.57    
0   85 -1.05      1.47    
0   86-0.832      1.51    
0   87-0.323      1.54    
0   88-0.889      1.54    
0   89 -1.21      1.50    
0   90 0.763      1.47    
0   91  1.99      1.41    
0   92 0.912      1.46    
0   93 0.404      1.55    
0   94-0.905      1.57    
0   95-0.656      1.50    
0   96 1.439E-02  1.53    
0   97  1.97      1.51    
0   98-0.725      1.43    
0   99-0.634      1.44    
0  100 -1.56      1.55    
0  101  1.49      1.51    
0  102  1.23      1.52    
0  103 0.789      1.49    
0  104 0.568      1.57    
0  105-0.209      1.60    
0  106 0.396      1.54    
0  107 -1.77      1.58    
0  108 0.724      1.50    
0  109 -1.50      1.44    
0  110 0.133      1.41    
0  111  1.66      1.54    
0  112 2.335E-02  1.42    
0  113  1.87      1.51    
0  114-0.391      1.52    
0  115 0.882      1.44    
0  116  1.05      1.45    
0  117 0.441      1.42    
0  118 -1.27      1.50    
0  119  1.69      1.56    
0  120-0.584      1.56    
0  121 0.706      1.59    
0  122-0.101      1.45    
0  123-0.538      1.46    
0  124 0.356      1.40    
0  125 0.516      1.50    
0  126 -1.92      1.48    
0  127-0.428      1.48    
0  128  1.75      1.52    
0  129-0.226      1.59    
0  130  1.63      1.41    
0  131 -1.62      1.43    
0  132  1.91      1.54    
0  133 0.620      1.43    
0  134-0.355      1.53    
0  135-0.153      1.42    
0  136 0.438      1.48    
0  137-0.366      1.58    
0  138 6.930E-02  1.52    
0  139 -1.42      1.48    
0  140 -1.29      1.45    
0  141-3.004E-02  1.47    
0  142 -1.31      1.48    
0  143 -1.14      1.55    
0  144  1.28      1.59    
0  145 -1.66      1.60    
0  146  1.25      1.46    
0  147 -1.38      1.49    
0  148 -1.20      1.55    
0  149 -1.95      1.56    
0  150  1.43      1.51    
0  151 0.522      1.44    
0  152-0.610      1.45    
0  153  1.79      1.51    
0  154 0.827      1.58    
0  155  1.84      1.46    
0  156  1.01      1.52    
0  157-1.165E-02  1.49    
0  158 -1.14      1.57    
0  159  1.34      1.60    
0  160  1.15      1.42    
0  161  1.13      1.47    
0  162-0.298      1.56    
0  163-0.488      1.43    
0  164-0.317      1.41    
0  165 0.105      1.43    
0  166  1.39      1.44    
0  167-0.698      1.53    
0  168  1.20      1.59    
0  169 -1.12      1.60    
0  170  1.84      1.54    
0  171 -1.90      1.43    
0  172  1.61      1.53    
0  173 0.214      1.51    
0  174  1.04      1.59    
0  175 -1.40      1.58    
0  176-0.815      1.45    
0  177 -1.59      1.53    
0  178 -1.81      1.49    
0  179  1.28      1.41    
0  180 -1.80      1.53    
0  181-0.473      1.41    
0  182 0.191      1.54    
0  183 -1.00      1.47    
0  184 0.369      1.52    
0  185  1.38      1.57    
0  186 -1.49      1.59    
0  187 0.847      1.41    
0  188 0.593      1.55    
0  189  1.93      1.50    
0  190 0.809      1.49    
0  191 -1.17      1.42    
0  192 0.628      1.41    
0  193 0.257      1.46    
0  194-0.167      1.54    
0  195 -1.93      1.57    
0  196 -1.36      1.58    
0  197 0.668      1.59    
0  198 -1.98      1.45    
0  199-6.569E-02  1.44    
0  200 -1.73      1.46    
1Pecos::LHSDriver                                                                                                             
0RANKS OF LATIN HYPERCUBE SAMPLE INPUT VECTORS

 RUN NO.    X(1)      X(2)
0    1       80.       67.
0    2       88.      102.
0    3       34.       22.
0    4      150.      149.
0    5      166.      162.
0    6      183.      158.
0    7      156.      146.
0    8      135.      169.
0    9       73.       21.
0   10       62.      179.
0   11        9.      178.
0   12      159.      116.
0   13       38.       69.
0   14       24.      131.
0   15      117.       23.
0   16       16.        6.
0   17       87.       55.
0   18      189.       53.
0   19      180.       17.
0   20       13.      168.
0   21      112.      187.
0   22       98.      109.
0   23       15.        1.
0   24       67.       81.
0   25      176.       75.
0   26       53.       77.
0   27       28.        5.
0   28       17.      140.
0   29       75.       94.
0   30       39.       28.
0   31       20.       45.
0   32       52.       42.
0   33      179.      160.
0   34      171.       64.
0   35       51.       60.
0   36      177.       79.
0   37      147.       97.
0   38        1.      156.
0   39      195.       61.
0   40      103.      107.
0   41      149.       48.
0   42       72.      117.
0   43      105.        4.
0   44       65.      161.
0   45      161.      135.
0   46      173.      122.
0   47       63.       76.
0   48      114.       43.
0   49       91.       27.
0   50      116.       96.
0   51       47.      118.
0   52      187.      151.
0   53      155.      113.
0   54      178.      128.
0   55      128.       62.
0   56       27.       71.
0   57      186.       50.
0   58      168.      150.
0   59       94.      145.
0   60       96.       86.
0   61      115.      196.
0   62      138.        2.
0   63       46.        7.
0   64       58.      182.
0   65      154.       34.
0   66      174.      188.
0   67      133.       84.
0   68      109.       88.
0   69        8.      167.
0   70       22.      155.
0   71       30.       93.
0   72      198.       40.
0   73      125.      130.
0   74       57.       91.
0   75      191.      177.
0   76      144.      104.
0   77        7.      171.
0   78       61.       31.
0   79      148.      189.
0   80      124.       73.
0   81       54.      165.
0   82       49.       25.
0   83      108.      184.
0   84       78.      166.
0   85       48.       66.
0   86       59.      110.
0   87       84.      137.
0   88       56.      143.
0   89       40.      101.
0   90      139.       70.
0   91      200.       12.
0   92      146.       65.
0   93      121.      148.
0   94       55.      175.
0   95       68.      100.
0   96      101.      129.
0   97      199.      114.
0   98       64.       35.
0   99       69.       39.
0  100       23.      153.
0  101      175.      111.
0  102      162.      120.
0  103      140.       89.
0  104      129.      170.
0  105       90.      197.
0  106      120.      141.
0  107       12.      180.
0  108      137.      105.
0  109       25.       41.
0  110      107.       11.
0  111      184.      136.
0  112      102.       24.
0  113      194.      115.
0  114       81.      123.
0  115      145.       38.
0  116      153.       54.
0  117      123.       18.
0  118       37.       98.
0  119      185.      163.
0  120       71.      164.
0  121      136.      192.
0  122       95.       51.
0  123       74.       57.
0  124      118.        3.
0  125      126.       99.
0  126        5.       82.
0  127       79.       80.
0  128      188.      121.
0  129       89.      193.
0  130      182.       14.
0  131       19.       32.
0  132      196.      139.
0  133      131.       29.
0  134       83.      132.
0  135       93.       20.
0  136      122.       78.
0  137       82.      181.
0  138      104.      124.
0  139       29.       85.
0  140       36.       47.
0  141       99.       74.
0  142       35.       83.
0  143       44.      152.
0  144      164.      191.
0  145       18.      199.
0  146      163.       59.
0  147       32.       95.
0  148       41.      147.
0  149        3.      157.
0  150      172.      112.
0  151      127.       36.
0  152       70.       46.
0  153      190.      106.
0  154      142.      185.
0  155      192.       58.
0  156      151.      125.
0  157      100.       90.
0  158       43.      172.
0  159      167.      198.
0  160      158.       19.
0  161      157.       68.
0  162       86.      159.
0  163       76.       33.
0  164       85.       10.
0  165      106.       30.
0  166      170.       44.
0  167       66.      127.
0  168      160.      194.
0  169       45.      200.
0  170      193.      144.
0  171        6.       26.
0  172      181.      126.
0  173      111.      108.
0  174      152.      195.
0  175       31.      176.
0  176       60.       52.
0  177       21.      133.
0  178       10.       92.
0  179      165.       15.
0  180       11.      134.
0  181       77.       13.
0  182      110.      138.
0  183       50.       72.
0  184      119.      119.
0  185      169.      174.
0  186       26.      186.
0  187      143.        8.
0  188      130.      154.
0  189      197.      103.
0  190      141.       87.
0  191       42.       16.
0  192      132.        9.
0  193      113.       63.
0  194       92.      142.
0  195        4.      173.
0  196       33.      183.
0  197      134.      190.
0  198        2.       49.
0  199       97.       37.
0  200       14.       56.
1   Pecos::LHSDriver                                                                                                             
0  HISTOGRAM FOR VARIABLE NO.  1     UNIFORM DISTRIBUTION

     Midpoint          Freq.

  -1.9000000E+00        10    XXXXXXXXXX
  -1.7000000E+00        10    XXXXXXXXXX
  -1.5000000E+00        10    XXXXXXXXXX
  -1.3000000E+00        10    XXXXXXXXXX
  -1.1000000E+00        10    XXXXXXXXXX
  -8.9999998E-01        10    XXXXXXXXXX
  -6.9999998E-01        10    XXXXXXXXXX
  -4.9999999E-01        10    XXXXXXXXXX
  -2.9999999E-01        10    XXXXXXXXXX
  -9.9999998E-02        10    XXXXXXXXXX
   9.9999998E-02        10    XXXXXXXXXX
   2.9999999E-01        10    XXXXXXXXXX
   4.9999999E-01        10    XXXXXXXXXX
   6.9999998E-01        10    XXXXXXXXXX
   8.9999998E-01        10    XXXXXXXXXX
   1.1000000E+00        10    XXXXXXXXXX
   1.3000000E+00        10    XXXXXXXXXX
   1.5000000E+00        10    XXXXXXXXXX
   1.7000000E+00        10    XXXXXXXXXX
   1.9000000E+00        10    XXXXXXXXXX
0                      200


      Min            Max           Range           Mean          Median        Variance

  -1.9989500E+00  1.9933754E+00  3.9923254E+00 -3.8984474E-04  1.3704641E-03  1.3345939E+00

1   Pecos::LHSDriver                                                                                                             
0  HISTOGRAM FOR VARIABLE NO.  2     UNIFORM DISTRIBUTION

     Midpoint          Freq.

   1.4050000E+00        10    XXXXXXXXXX
   1.4150000E+00        10    XXXXXXXXXX
   1.4250000E+00        10    XXXXXXXXXX
   1.4350000E+00        10    XXXXXXXXXX
   1.4450000E+00        10    XXXXXXXXXX
   1.4550000E+00        10    XXXXXXXXXX
   1.4650000E+00        10    XXXXXXXXXX
   1.4750000E+00        10    XXXXXXXXXX
   1.4850000E+00        10    XXXXXXXXXX
   1.4950000E+00        10    XXXXXXXXXX
   1.5050000E+00        10    XXXXXXXXXX
   1.5150000E+00        10    XXXXXXXXXX
   1.5250000E+00        10    XXXXXXXXXX
   1.5350000E+00        10    XXXXXXXXXX
   1.5450000E+00        10    XXXXXXXXXX
   1.5550000E+00        10    XXXXXXXXXX
   1.5650000E+00        10    XXXXXXXXXX
   1.5750000E+00        10    XXXXXXXXXX
   1.5850000E+00        10    XXXXXXXXXX
   1.5950000E+00        10    XXXXXXXXXX
0                      200


      Min            Max           Range           Mean          Median        Variance

   1.4004711E+00  1.5998150E+00  1.9934384E-01  1.5000101E+00  1.4999411E+00  3.3315095E-03

1Pecos::LHSDriver                                                                                                             
0CORRELATIONS AMONG INPUT VARIABLES CREATED BY THE LATIN HYPERCUBE SAMPLE FOR RAW DATA                              PAGE   1
0    1  1.0000
0    2  0.0049  1.0000
0            1       2
0VARIABLES
0THE VARIANCE INFLATION FACTOR FOR THIS MATRIX IS  1.00
1Pecos::LHSDriver                                                                                                             
0CORRELATIONS AMONG INPUT VARIABLES CREATED BY THE LATIN HYPERCUBE SAMPLE FOR RANK DATA                              PAGE   1
0    1  1.0000
0    2  0.0050  1.0000
0            1       2
0VARIABLES
0THE VARIANCE INFLATION FACTOR FOR THIS MATRIX IS  1.00
