 $ LHS File Format Version 1.00 
$
$ This LHS run was executed on  8/26/22 at  9:17:14.39
$ with LHS Version: 2.30 Release 1, Compiled May 31, 2001        
$ The run title was:
$ Pecos::LHSDriver
$
$ Message output file for this run: LHS_distributions.out
$
$ Input file(s) for this run: 
$
$ Point Values for the distributions follow:
$
$ All point values represent mean values that
$ were calculated from the actual LHS sample.
$
    Uniform1             -3.8984474E-04
    Uniform2              1.5000101E+00
$
@UNCERTAINTY
  @OBSERVATIONS    200
  @VARIABLES      2
    Uniform1:          
    Uniform2:          
@SAMPLEDATA
           1           2 -0.40175138041377062        1.4664526065164245     
           2           2 -0.25922687435057012        1.5018851070164236     
           3           2  -1.3304186312947421        1.4218828942547550     
           4           2  0.99638440879993140        1.5486904808201363     
           5           2   1.3108019897621128        1.5612764614003245     
           6           2   1.6592627533106135        1.5579387622994836     
           7           2   1.1157131620775909        1.5459150969430338     
           8           2  0.68109483879990895        1.5686552160978318     
           9           2 -0.54411201613489546        1.4206249374907929     
          10           2 -0.77356618046760561        1.5788426461201162     
          11           2  -1.8228613824769855        1.5774575696603861     
          12           2   1.1619523924589159        1.5156079499102200     
          13           2  -1.2487291475571691        1.4682940533049404     
          14           2  -1.5376453106570989        1.5308573612112086     
          15           2  0.32977025758009387        1.4223248434492852     
          16           2  -1.6837320084683596        1.4055134860449470     
          17           2 -0.26642828074749564        1.4541155327786690     
          18           2   1.7753407260915266        1.4522908535476309     
          19           2   1.5830033745942638        1.4165473871224092     
          20           2  -1.7512706647580489        1.5672898267493585     
          21           2  0.22545176628045757        1.5862423554318958     
          22           2  -5.7996810628101282E-002   1.5087679047370330     
          23           2  -1.7062403897615150        1.4004711411164608     
          24           2 -0.67818278206977989        1.4802149719253648     
          25           2   1.5012214391957968        1.4746302208867854     
          26           2 -0.95673368818126614        1.4767963028072846     
          27           2  -1.4409719129465519        1.4042903550309129     
          28           2  -1.6615922723570837        1.5396503731957638     
          29           2 -0.50523737193085250        1.4937463024852331     
          30           2  -1.2362138471473008        1.4277233839724213     
          31           2  -1.6167441262165085        1.4447021530289201     
          32           2 -0.97144809031393375        1.4416350895701906     
          33           2   1.5777998492028564        1.5592073699610776     
          34           2   1.4037499971920624        1.4635386872666423     
          35           2 -0.98313604224473239        1.4592979854717851     
          36           2   1.5214081227965652        1.4786808104224036     
          37           2  0.93924914913717650        1.4964175623438787     
          38           2  -1.9989499705797060        1.5555205055498520     
          39           2   1.8948265406163409        1.4600319437980651     
          40           2   5.6673123305663500E-002   1.5064075647513382     
          41           2  0.97884870645124467        1.4473910031283741     
          42           2 -0.57459862171206633        1.5160880205167924     
          43           2   9.2108128755353458E-002   1.4033103625318035     
          44           2 -0.70074870357289909        1.5601765179971698     
          45           2   1.2193785419641063        1.5347366375150160     
          46           2   1.4478320048749447        1.5214780467390081     
          47           2 -0.75896452170796691        1.4754485357098748     
          48           2  0.27893980266526364        1.4422265303677413     
          49           2 -0.18689054795075202        1.4264919333185535     
          50           2  0.30025281109847157        1.4955221656446811     
          51           2  -1.0713359387312085        1.5177964572878553     
          52           2   1.7212548568332571        1.5504540581195616     
          53           2   1.0803419270319865        1.5125958401048556     
          54           2   1.5551229986408726        1.5273198847160676     
          55           2  0.54666607771534481        1.4614010576866565     
          56           2  -1.4675223036063836        1.4700160103202797     
          57           2   1.7069212292740124        1.4490028314560184     
          58           2   1.3579641449404880        1.5490252652310299     
          59           2 -0.12689886714331797        1.5446369141018950     
          60           2  -8.6807058751582969E-002   1.4856568124063778     
          61           2  0.28533418931532678        1.5953157812647989     
          62           2  0.74721734570339349        1.4016127639133482     
          63           2  -1.0892886882834136        1.4064432008885777     
          64           2 -0.85816529045812773        1.5810842152463738     
          65           2   1.0603873383998872        1.4334887038820887     
          66           2   1.4714307276858016        1.5875460421789904     
          67           2  0.64879644002765424        1.4834244147082791     
          68           2  0.17813385811168714        1.4874000377724879     
          69           2  -1.8449667058605699        1.5661212934872601     
          70           2  -1.5602170837391169        1.5541249714167789     
          71           2  -1.4103654706198721        1.4920114296432585     
          72           2   1.9410584783321245        1.4390662459463348     
          73           2  0.48921523954253643        1.5294095755678134     
          74           2 -0.87039395643398154        1.4901048571337014     
          75           2   1.8059440827136861        1.5764414323486855     
          76           2  0.87909468860365436        1.5035023787114770     
          77           2  -1.8795050130737945        1.5707431470279116     
          78           2 -0.78522000228986144        1.4307761723380534     
          79           2  0.95264477474149312        1.5885600978543517     
          80           2  0.47390176208689805        1.4723720070966519     
          81           2 -0.93958627186249932        1.5647456704678480     
          82           2  -1.0272888714587316        1.4240809685741551     
          83           2  0.14059998034965260        1.5836059625546914     
          84           2 -0.45750690667424349        1.5652842305132653     
          85           2  -1.0541333894990386        1.4657832775106652     
          86           2 -0.83244293004274372        1.5098871420153881     
          87           2 -0.32343221105169490        1.5366192533837166     
          88           2 -0.88886714400723565        1.5423732692042831     
          89           2  -1.2133428955916314        1.5005073469961061     
          90           2  0.76345059934072224        1.4693253392097538     
          91           2   1.9933754240581765        1.4114915921965148     
          92           2  0.91158830961678172        1.4648942248991224     
          93           2  0.40355244757607572        1.5477862698258833     
          94           2 -0.90541336619760837        1.5745441992438864     
          95           2 -0.65610870096366847        1.4993748373021374     
          96           2   1.4387825042940677E-002   1.5284640452715104     
          97           2   1.9716795913642271        1.5138542423711623     
          98           2 -0.72493469335138794        1.4349782683074008     
          99           2 -0.63379588189534830        1.4381264746827074     
         100           2  -1.5599781420966612        1.5521310307665264     
         101           2   1.4925768638635053        1.5102884313999676     
         102           2   1.2280371587956327        1.5199327271480580     
         103           2  0.78941795517690505        1.4885765932621435     
         104           2  0.56767625903245067        1.5692728989974130     
         105           2 -0.20856755734886973        1.5965867080979517     
         106           2  0.39640328801702696        1.5405177796524949     
         107           2  -1.7724752485100179        1.5792909156200479     
         108           2  0.72435345636680737        1.5045002914706711     
         109           2  -1.5049813467217610        1.4406210230179131     
         110           2  0.13297187267802665        1.4109091732590457     
         111           2   1.6644343497231604        1.5358052218221130     
         112           2   2.3353769066743572E-002   1.4233807771834546     
         113           2   1.8736175935808568        1.5146974893047009     
         114           2 -0.39088488369714458        1.5228637626226991     
         115           2  0.88167167238425448        1.4376602959216105     
         116           2   1.0480332070915028        1.4537786093056200     
         117           2  0.44090072236023836        1.4174826936598399     
         118           2  -1.2655277178669349        1.4970346921754534     
         119           2   1.6863072713930161        1.5628634813304525     
         120           2 -0.58411164316348718        1.5634230318581688     
         121           2  0.70604601975064740        1.5913047422354578     
         122           2 -0.10079196045640845        1.4507188055305742     
         123           2 -0.53809100528247655        1.4562518431222997     
         124           2  0.35622677733190344        1.4023434019782579     
         125           2  0.51616181157529351        1.4980948990155012     
         126           2  -1.9155105357291176        1.4816010100219863     
         127           2 -0.42795028824359171        1.4792894999901764     
         128           2   1.7506587704177947        1.5204732884417753     
         129           2 -0.22601086658891290        1.5927976333708502     
         130           2   1.6257654412416742        1.4130630601460579     
         131           2  -1.6242915621865541        1.4317007355731912     
         132           2   1.9076949615310876        1.5385843190883752     
         133           2  0.61950686131138366        1.4287052125521003     
         134           2 -0.35462511792778956        1.5319229311477394     
         135           2 -0.15320094080641858        1.4199622615571135     
         136           2  0.43757585773710156        1.4777576565556227     
         137           2 -0.36644635822623955        1.5805328025047203     
         138           2   6.9298693751916343E-002   1.5233460320660379     
         139           2  -1.4246372493123636        1.4849300859416834     
         140           2  -1.2925960929831488        1.4463381396951154     
         141           2  -3.0041503277607295E-002   1.4739732698372099     
         142           2  -1.3075973014347253        1.4829464521845803     
         143           2  -1.1388195875892417        1.5513054307061249     
         144           2   1.2793328544450926        1.5903744906592183     
         145           2  -1.6572284898441285        1.5984114828067832     
         146           2   1.2469395463075490        1.4586023290867451     
         147           2  -1.3793738375417888        1.4945171734138858     
         148           2  -1.1969216488301753        1.5464332665507683     
         149           2  -1.9549599528219550        1.5565612762777601     
         150           2   1.4332019791984929        1.5119121271264742     
         151           2  0.52180288383737206        1.4357585975942202     
         152           2 -0.61020449649542563        1.4455847586418966     
         153           2   1.7916617323923858        1.5057468476307112     
         154           2  0.82724312170408654        1.5843808455064428     
         155           2   1.8386372880078854        1.4579078550166449     
         156           2   1.0096500065410510        1.5247045808592812     
         157           2  -1.1646896940656024E-002   1.4899550603975076     
         158           2  -1.1422694013081491        1.5718968902146446     
         159           2   1.3352582307439300        1.5973226498260629     
         160           2   1.1549725526850672        1.4188444373903331     
         161           2   1.1308471194468439        1.4675954326903449     
         162           2 -0.29807236721273517        1.5582352056943347     
         163           2 -0.48760073487181216        1.4325960244217422     
         164           2 -0.31735973627772190        1.4093625417428555     
         165           2  0.10508480957243600        1.4293997772803995     
         166           2   1.3907363773463293        1.4437119215822314     
         167           2 -0.69765161436982448        1.5262423999626189     
         168           2   1.1955242434144022        1.5939472481578123     
         169           2  -1.1166552448319271        1.5998149833590725     
         170           2   1.8409497380675746        1.5433184782965110     
         171           2  -1.8961191448569297        1.4258848231523296     
         172           2   1.6089301273692400        1.5254737759220878     
         173           2  0.21414212163537757        1.5071803146835883     
         174           2   1.0352732473518700        1.5942038914705627     
         175           2  -1.3985502613475544        1.5755076657617466     
         176           2 -0.81504861889872704        1.4518755468088202     
         177           2  -1.5932757673878224        1.5324143984403926     
         178           2  -1.8108164518326522        1.4917989434106276     
         179           2   1.2844271563272927        1.4145712737650609     
         180           2  -1.7956895947968587        1.5334181714055592     
         181           2 -0.47345886400900777        1.4129700317380482     
         182           2  0.19114500152412817        1.5371454009616281     
         183           2  -1.0024888728605583        1.4714659771050793     
         184           2  0.36910172678995867        1.5183151693602559     
         185           2   1.3795286939572542        1.5739561215683351     
         186           2  -1.4890865504089743        1.5853837270590010     
         187           2  0.84727922255173316        1.4074727246167604     
         188           2  0.59277819906827067        1.5530820036381483     
         189           2   1.9338746858434750        1.5020989563653711     
         190           2  0.80855351810809251        1.4866264193963725     
         191           2  -1.1692503392230720        1.4154015380442142     
         192           2  0.62844432830810559        1.4080585534083656     
         193           2  0.25667794379405701        1.4626460708628874     
         194           2 -0.16704939994495355        1.5416344843427650     
         195           2  -1.9250127013493328        1.5723684859795031     
         196           2  -1.3591023653093723        1.5825068326245528     
         197           2  0.66819318782072523        1.5890239735576324     
         198           2  -1.9784587833005935        1.4484525211835280     
         199           2  -6.5688098394312028E-002   1.4362340372959150     
         200           2  -1.7298710879497230        1.4556560979080386     
